[38;5;201m[2024-11-23 20:55:39,063] MARIA: INFO [user id: ] Successfully connected to the MariaDB database[0m
[38;5;87m[2024-11-23 20:55:45,634] BOT: INFO [user id: 1357108258] USER CLICK ON ['back_to_main', '18714', 'XBleNfmkScA'][0m
[38;5;87m[2024-11-23 20:55:45,635] BOT: INFO [user id: 1357108258] USER CLICK ON ['back_to_main', '18714', 'XBleNfmkScA'][0m
[38;5;87m[2024-11-23 20:55:45,635] BOT: INFO [user id: 1357108258] USER CLICK ON ['back_to_main', '18714', 'XBleNfmkScA'][0m
[38;5;87m[2024-11-23 20:55:45,635] BOT: INFO [user id: 1357108258] USER CLICK ON ['back_to_main', '18714', 'XBleNfmkScA'][0m
[38;5;87m[2024-11-23 20:55:53,906] BOT: INFO [user id: 1357108258] USER CLICK ON ['download_video', '480p', '📹', 'XBleNfmkScA'][0m
[38;5;87m[2024-11-23 20:55:53,906] BOT: INFO [user id: 1357108258] USER CLICK ON ['download_video', '480p', '📹', 'XBleNfmkScA'][0m
[38;5;87m[2024-11-23 20:55:53,906] BOT: INFO [user id: 1357108258] USER CLICK ON ['download_video', '480p', '📹', 'XBleNfmkScA'][0m
[38;5;87m[2024-11-23 20:55:53,987] BOT: INFO [user id: ] False[0m
[38;5;87m[2024-11-23 20:56:50,108] BOT: INFO [user id: ] False[0m
[38;5;87m[2024-11-23 20:57:10,255] BOT: INFO [user id: 1357108258] USER SEND TEXT: https://www.youtube.com/watch?v=XBleNfmkScA[0m
[38;5;87m[2024-11-23 20:57:18,003] BOT: INFO [user id: 1357108258] USER CLICK ON ['download_video', '720p', '📹', 'XBleNfmkScA'][0m
[38;5;87m[2024-11-23 20:57:18,003] BOT: INFO [user id: 1357108258] USER CLICK ON ['download_video', '720p', '📹', 'XBleNfmkScA'][0m
[38;5;87m[2024-11-23 20:57:18,004] BOT: INFO [user id: 1357108258] USER CLICK ON ['download_video', '720p', '📹', 'XBleNfmkScA'][0m
[38;5;87m[2024-11-23 20:57:18,073] BOT: INFO [user id: ] False[0m
[38;5;87m[2024-11-23 20:57:27,832] BOT: INFO [user id: 1357108258] USER CLICK ON ['back_to_main', '18714', 'XBleNfmkScA'][0m
[38;5;87m[2024-11-23 20:57:27,832] BOT: INFO [user id: 1357108258] USER CLICK ON ['back_to_main', '18714', 'XBleNfmkScA'][0m
[38;5;87m[2024-11-23 20:57:27,832] BOT: INFO [user id: 1357108258] USER CLICK ON ['back_to_main', '18714', 'XBleNfmkScA'][0m
[38;5;87m[2024-11-23 20:57:27,832] BOT: INFO [user id: 1357108258] USER CLICK ON ['back_to_main', '18714', 'XBleNfmkScA'][0m
[38;5;87m[2024-11-23 20:57:37,573] BOT: INFO [user id: 1357108258] USER CLICK ON ['back_to_main', '18714', 'XBleNfmkScA'][0m
[38;5;87m[2024-11-23 20:57:37,573] BOT: INFO [user id: 1357108258] USER CLICK ON ['back_to_main', '18714', 'XBleNfmkScA'][0m
[38;5;87m[2024-11-23 20:57:37,573] BOT: INFO [user id: 1357108258] USER CLICK ON ['back_to_main', '18714', 'XBleNfmkScA'][0m
[38;5;87m[2024-11-23 20:57:37,573] BOT: INFO [user id: 1357108258] USER CLICK ON ['back_to_main', '18714', 'XBleNfmkScA'][0m
[38;5;87m[2024-11-23 20:57:49,973] BOT: INFO [user id: 1357108258] USER CLICK ON ['back_to_main', '18714', 'XBleNfmkScA'][0m
[38;5;87m[2024-11-23 20:57:49,974] BOT: INFO [user id: 1357108258] USER CLICK ON ['back_to_main', '18714', 'XBleNfmkScA'][0m
[38;5;87m[2024-11-23 20:57:49,974] BOT: INFO [user id: 1357108258] USER CLICK ON ['back_to_main', '18714', 'XBleNfmkScA'][0m
[38;5;87m[2024-11-23 20:57:49,974] BOT: INFO [user id: 1357108258] USER CLICK ON ['back_to_main', '18714', 'XBleNfmkScA'][0m
[38;5;87m[2024-11-23 20:58:01,607] BOT: INFO [user id: 1357108258] USER CLICK ON ['back_to_main', '18714', 'XBleNfmkScA'][0m
[38;5;87m[2024-11-23 20:58:01,608] BOT: INFO [user id: 1357108258] USER CLICK ON ['back_to_main', '18714', 'XBleNfmkScA'][0m
[38;5;87m[2024-11-23 20:58:01,608] BOT: INFO [user id: 1357108258] USER CLICK ON ['back_to_main', '18714', 'XBleNfmkScA'][0m
[38;5;87m[2024-11-23 20:58:01,608] BOT: INFO [user id: 1357108258] USER CLICK ON ['back_to_main', '18714', 'XBleNfmkScA'][0m
[38;5;87m[2024-11-23 20:58:24,147] BOT: INFO [user id: 1357108258] USER SEND TEXT: https://www.youtube.com/watch?v=XBleNfmkScA[0m
[38;5;87m[2024-11-23 20:58:37,074] BOT: INFO [user id: 1357108258] USER SEND TEXT: https://www.youtube.com/watch?v=XBleNfmkScA[0m
[38;5;87m[2024-11-23 20:58:45,061] BOT: INFO [user id: 1357108258] USER CLICK ON ['download_video', '1080p', '⚡️', 'XBleNfmkScA'][0m
[38;5;87m[2024-11-23 20:58:45,062] BOT: INFO [user id: 1357108258] USER CLICK ON ['download_video', '1080p', '⚡️', 'XBleNfmkScA'][0m
[38;5;87m[2024-11-23 20:58:45,062] BOT: INFO [user id: 1357108258] USER CLICK ON ['download_video', '1080p', '⚡️', 'XBleNfmkScA'][0m
[38;5;87m[2024-11-23 20:58:45,958] BOT: INFO [user id: ] True[0m
[38;5;87m[2024-11-23 20:58:50,214] BOT: INFO [user id: ] True[0m
[38;5;87m[2024-11-23 20:58:51,302] BOT: INFO [user id: ] True[0m
[38;5;87m[2024-11-23 20:58:52,392] BOT: INFO [user id: ] True[0m
[38;5;87m[2024-11-23 20:58:53,472] BOT: INFO [user id: ] True[0m
[38;5;87m[2024-11-23 20:58:54,557] BOT: INFO [user id: ] True[0m
[38;5;87m[2024-11-23 20:58:55,642] BOT: INFO [user id: ] True[0m
[38;5;87m[2024-11-23 20:58:56,723] BOT: INFO [user id: ] True[0m
[38;5;87m[2024-11-23 20:58:58,503] BOT: INFO [user id: ] True[0m
[38;5;87m[2024-11-23 20:58:59,643] BOT: INFO [user id: ] True[0m
[38;5;87m[2024-11-23 20:59:00,717] BOT: INFO [user id: ] True[0m
[38;5;87m[2024-11-23 20:59:03,186] BOT: INFO [user id: ] True[0m
[38;5;87m[2024-11-23 20:59:04,274] BOT: INFO [user id: ] True[0m
[38;5;87m[2024-11-23 20:59:05,545] BOT: INFO [user id: ] True[0m
[38;5;87m[2024-11-23 20:59:06,631] BOT: INFO [user id: ] True[0m
[38;5;87m[2024-11-23 20:59:07,710] BOT: INFO [user id: ] True[0m
[38;5;87m[2024-11-23 20:59:08,815] BOT: INFO [user id: ] True[0m
[38;5;87m[2024-11-23 20:59:09,918] BOT: INFO [user id: ] True[0m
[38;5;87m[2024-11-23 20:59:11,229] BOT: INFO [user id: ] True[0m
[38;5;87m[2024-11-23 20:59:12,344] BOT: INFO [user id: ] True[0m
[38;5;87m[2024-11-23 20:59:13,434] BOT: INFO [user id: ] True[0m
[38;5;87m[2024-11-23 20:59:14,536] BOT: INFO [user id: ] True[0m
[38;5;87m[2024-11-23 20:59:15,619] BOT: INFO [user id: ] True[0m
[38;5;87m[2024-11-23 20:59:16,700] BOT: INFO [user id: ] True[0m
[38;5;87m[2024-11-23 20:59:17,781] BOT: INFO [user id: ] True[0m
[38;5;87m[2024-11-23 20:59:18,888] BOT: INFO [user id: ] True[0m
[38;5;87m[2024-11-23 20:59:19,976] BOT: INFO [user id: ] True[0m
[38;5;87m[2024-11-23 20:59:21,098] BOT: INFO [user id: ] True[0m
[38;5;87m[2024-11-23 20:59:22,191] BOT: INFO [user id: ] True[0m
[38;5;87m[2024-11-23 20:59:23,278] BOT: INFO [user id: ] True[0m
[38;5;87m[2024-11-23 20:59:24,516] BOT: INFO [user id: ] True[0m
[38;5;87m[2024-11-23 20:59:25,590] BOT: INFO [user id: ] True[0m
[38;5;87m[2024-11-23 20:59:26,660] BOT: INFO [user id: ] True[0m
[38;5;87m[2024-11-23 20:59:27,735] BOT: INFO [user id: ] True[0m
[38;5;87m[2024-11-23 20:59:28,823] BOT: INFO [user id: ] True[0m
[38;5;87m[2024-11-23 20:59:29,924] BOT: INFO [user id: ] True[0m
[38;5;87m[2024-11-23 20:59:30,993] BOT: INFO [user id: ] True[0m
[38;5;87m[2024-11-23 20:59:32,063] BOT: INFO [user id: ] True[0m
[38;5;87m[2024-11-23 20:59:33,129] BOT: INFO [user id: ] True[0m
[38;5;87m[2024-11-23 20:59:34,198] BOT: INFO [user id: ] True[0m
[38;5;87m[2024-11-23 20:59:35,265] BOT: INFO [user id: ] True[0m
[38;5;87m[2024-11-23 20:59:36,335] BOT: INFO [user id: ] True[0m
[38;5;87m[2024-11-23 20:59:37,605] BOT: INFO [user id: ] True[0m
[38;5;87m[2024-11-23 20:59:38,671] BOT: INFO [user id: ] True[0m
[38;5;87m[2024-11-23 20:59:39,751] BOT: INFO [user id: ] True[0m
[38;5;87m[2024-11-23 20:59:40,823] BOT: INFO [user id: ] True[0m
[38;5;87m[2024-11-23 20:59:41,890] BOT: INFO [user id: ] True[0m
[38;5;87m[2024-11-23 20:59:42,960] BOT: INFO [user id: ] True[0m
[38;5;87m[2024-11-23 20:59:44,031] BOT: INFO [user id: ] True[0m
[38;5;87m[2024-11-23 20:59:45,101] BOT: INFO [user id: ] True[0m
[38;5;87m[2024-11-23 20:59:46,168] BOT: INFO [user id: ] True[0m
[38;5;87m[2024-11-23 20:59:47,235] BOT: INFO [user id: ] True[0m
[38;5;87m[2024-11-23 20:59:48,300] BOT: INFO [user id: ] True[0m
[38;5;87m[2024-11-23 20:59:49,370] BOT: INFO [user id: ] True[0m
[38;5;87m[2024-11-23 20:59:50,530] BOT: INFO [user id: ] True[0m
[38;5;87m[2024-11-23 20:59:51,601] BOT: INFO [user id: ] True[0m
[38;5;87m[2024-11-23 20:59:52,672] BOT: INFO [user id: ] True[0m
[38;5;87m[2024-11-23 20:59:53,742] BOT: INFO [user id: ] True[0m
[38;5;87m[2024-11-23 20:59:54,812] BOT: INFO [user id: ] True[0m
[38;5;87m[2024-11-23 20:59:55,884] BOT: INFO [user id: ] True[0m
[38;5;87m[2024-11-23 20:59:56,956] BOT: INFO [user id: ] True[0m
[38;5;87m[2024-11-23 20:59:58,026] BOT: INFO [user id: ] True[0m
[38;5;87m[2024-11-23 20:59:59,096] BOT: INFO [user id: ] True[0m
[38;5;87m[2024-11-23 21:00:00,171] BOT: INFO [user id: ] True[0m
[38;5;87m[2024-11-23 21:00:01,244] BOT: INFO [user id: ] True[0m
[38;5;87m[2024-11-23 21:00:02,326] BOT: INFO [user id: ] True[0m
[38;5;87m[2024-11-23 21:00:03,569] BOT: INFO [user id: ] True[0m
[38;5;87m[2024-11-23 21:00:04,643] BOT: INFO [user id: ] True[0m
[38;5;87m[2024-11-23 21:00:05,711] BOT: INFO [user id: ] True[0m
[38;5;87m[2024-11-23 21:00:06,782] BOT: INFO [user id: ] True[0m
[38;5;87m[2024-11-23 21:00:07,412] BOT: INFO [user id: ] False[0m
[38;5;87m[2024-11-23 21:00:07,849] BOT: INFO [user id: ] False[0m
