[38;5;201m[2024-11-23 21:09:41,405] MARIA: INFO [user id: ] Successfully connected to the MariaDB database[0m
[38;5;87m[2024-11-23 21:09:55,876] BOT: INFO [user id: 1357108258] USER SEND TEXT: https://www.youtube.com/watch?v=XBleNfmkScA[0m
[38;5;87m[2024-11-23 21:10:11,479] BOT: INFO [user id: 1357108258] USER CLICK ON ['download_video', '480p', '📹', 'XBleNfmkScA'][0m
[38;5;87m[2024-11-23 21:10:11,481] BOT: INFO [user id: 1357108258] USER CLICK ON ['download_video', '480p', '📹', 'XBleNfmkScA'][0m
[38;5;87m[2024-11-23 21:10:11,481] BOT: INFO [user id: 1357108258] USER CLICK ON ['download_video', '480p', '📹', 'XBleNfmkScA'][0m
[38;5;87m[2024-11-23 21:10:11,551] BOT: INFO [user id: ] True[0m
[38;5;87m[2024-11-23 21:10:15,341] BOT: INFO [user id: ] True[0m
[38;5;87m[2024-11-23 21:10:16,424] BOT: INFO [user id: ] True[0m
[38;5;87m[2024-11-23 21:10:17,498] BOT: INFO [user id: ] True[0m
[38;5;87m[2024-11-23 21:10:18,720] BOT: INFO [user id: ] True[0m
[38;5;87m[2024-11-23 21:10:19,793] BOT: INFO [user id: ] True[0m
[38;5;87m[2024-11-23 21:10:20,866] BOT: INFO [user id: ] True[0m
[38;5;87m[2024-11-23 21:10:21,942] BOT: INFO [user id: ] True[0m
[38;5;87m[2024-11-23 21:10:23,025] BOT: INFO [user id: ] True[0m
[38;5;87m[2024-11-23 21:10:24,097] BOT: INFO [user id: ] True[0m
[38;5;87m[2024-11-23 21:10:25,231] BOT: INFO [user id: ] True[0m
[38;5;87m[2024-11-23 21:10:26,326] BOT: INFO [user id: ] True[0m
[38;5;87m[2024-11-23 21:10:27,425] BOT: INFO [user id: ] True[0m
[38;5;87m[2024-11-23 21:10:28,549] BOT: INFO [user id: ] True[0m
[38;5;87m[2024-11-23 21:10:29,679] BOT: INFO [user id: ] True[0m
[38;5;87m[2024-11-23 21:10:30,779] BOT: INFO [user id: ] True[0m
[38;5;87m[2024-11-23 21:10:32,099] BOT: INFO [user id: ] True[0m
[38;5;87m[2024-11-23 21:10:33,191] BOT: INFO [user id: ] True[0m
[38;5;87m[2024-11-23 21:10:34,307] BOT: INFO [user id: ] True[0m
[38;5;87m[2024-11-23 21:10:35,404] BOT: INFO [user id: ] True[0m
[38;5;87m[2024-11-23 21:10:36,503] BOT: INFO [user id: ] True[0m
[38;5;87m[2024-11-23 21:10:37,599] BOT: INFO [user id: ] True[0m
[38;5;87m[2024-11-23 21:10:38,684] BOT: INFO [user id: ] True[0m
[38;5;87m[2024-11-23 21:10:39,781] BOT: INFO [user id: ] True[0m
[38;5;87m[2024-11-23 21:10:40,856] BOT: INFO [user id: ] True[0m
[38;5;87m[2024-11-23 21:10:41,956] BOT: INFO [user id: ] True[0m
[38;5;87m[2024-11-23 21:10:43,047] BOT: INFO [user id: ] True[0m
[38;5;87m[2024-11-23 21:10:44,578] BOT: INFO [user id: ] True[0m
[38;5;87m[2024-11-23 21:10:45,803] BOT: INFO [user id: ] True[0m
[38;5;87m[2024-11-23 21:10:46,884] BOT: INFO [user id: ] True[0m
[38;5;87m[2024-11-23 21:10:47,954] BOT: INFO [user id: ] True[0m
[38;5;87m[2024-11-23 21:10:49,045] BOT: INFO [user id: ] True[0m
[38;5;87m[2024-11-23 21:10:50,143] BOT: INFO [user id: ] True[0m
[38;5;87m[2024-11-23 21:10:51,236] BOT: INFO [user id: ] True[0m
[38;5;87m[2024-11-23 21:10:52,326] BOT: INFO [user id: ] True[0m
[38;5;87m[2024-11-23 21:10:53,421] BOT: INFO [user id: ] True[0m
[38;5;87m[2024-11-23 21:10:53,629] BOT: INFO [user id: 1357108258] USER CLICK ON ['download_video', '1080p', '⚡️', 'XBleNfmkScA'][0m
[38;5;87m[2024-11-23 21:10:53,630] BOT: INFO [user id: 1357108258] USER CLICK ON ['download_video', '1080p', '⚡️', 'XBleNfmkScA'][0m
[38;5;87m[2024-11-23 21:10:53,630] BOT: INFO [user id: 1357108258] USER CLICK ON ['download_video', '1080p', '⚡️', 'XBleNfmkScA'][0m
[38;5;87m[2024-11-23 21:10:53,726] BOT: INFO [user id: ] True[0m
[38;5;87m[2024-11-23 21:10:57,746] BOT: INFO [user id: ] True[0m
[38;5;87m[2024-11-23 21:10:58,236] BOT: INFO [user id: ] True[0m
[38;5;87m[2024-11-23 21:10:58,827] BOT: INFO [user id: ] True[0m
[38;5;87m[2024-11-23 21:10:59,306] BOT: INFO [user id: ] True[0m
[38;5;87m[2024-11-23 21:10:59,899] BOT: INFO [user id: ] True[0m
[38;5;87m[2024-11-23 21:11:00,383] BOT: INFO [user id: ] True[0m
[38;5;87m[2024-11-23 21:11:00,975] BOT: INFO [user id: ] True[0m
[38;5;87m[2024-11-23 21:11:01,454] BOT: INFO [user id: ] True[0m
[38;5;87m[2024-11-23 21:11:02,055] BOT: INFO [user id: ] True[0m
[38;5;87m[2024-11-23 21:11:02,531] BOT: INFO [user id: ] True[0m
[38;5;87m[2024-11-23 21:11:03,131] BOT: INFO [user id: ] True[0m
[38;5;87m[2024-11-23 21:11:03,605] BOT: INFO [user id: ] True[0m
[38;5;87m[2024-11-23 21:11:04,200] BOT: INFO [user id: ] True[0m
[38;5;87m[2024-11-23 21:11:04,727] BOT: INFO [user id: ] True[0m
[38;5;87m[2024-11-23 21:11:05,271] BOT: INFO [user id: ] True[0m
[38;5;87m[2024-11-23 21:11:05,798] BOT: INFO [user id: ] True[0m
[38;5;87m[2024-11-23 21:11:06,341] BOT: INFO [user id: ] True[0m
[38;5;87m[2024-11-23 21:11:06,878] BOT: INFO [user id: ] True[0m
[38;5;87m[2024-11-23 21:11:07,411] BOT: INFO [user id: ] True[0m
[38;5;87m[2024-11-23 21:11:07,953] BOT: INFO [user id: ] True[0m
[38;5;87m[2024-11-23 21:11:08,482] BOT: INFO [user id: ] True[0m
[38;5;87m[2024-11-23 21:11:09,028] BOT: INFO [user id: ] True[0m
[38;5;87m[2024-11-23 21:11:09,559] BOT: INFO [user id: ] True[0m
[38;5;87m[2024-11-23 21:11:10,103] BOT: INFO [user id: ] True[0m
[38;5;87m[2024-11-23 21:11:10,816] BOT: INFO [user id: ] True[0m
[38;5;87m[2024-11-23 21:11:11,348] BOT: INFO [user id: ] True[0m
[38;5;87m[2024-11-23 21:11:11,928] BOT: INFO [user id: ] True[0m
[38;5;87m[2024-11-23 21:11:12,418] BOT: INFO [user id: ] True[0m
[38;5;87m[2024-11-23 21:11:13,006] BOT: INFO [user id: ] True[0m
[38;5;87m[2024-11-23 21:11:13,489] BOT: INFO [user id: ] True[0m
[38;5;87m[2024-11-23 21:11:14,076] BOT: INFO [user id: ] True[0m
[38;5;87m[2024-11-23 21:11:14,568] BOT: INFO [user id: ] True[0m
[38;5;87m[2024-11-23 21:11:15,153] BOT: INFO [user id: ] True[0m
[38;5;87m[2024-11-23 21:11:15,640] BOT: INFO [user id: ] True[0m
[38;5;87m[2024-11-23 21:11:16,225] BOT: INFO [user id: ] True[0m
[38;5;87m[2024-11-23 21:11:16,714] BOT: INFO [user id: ] True[0m
[38;5;87m[2024-11-23 21:11:17,304] BOT: INFO [user id: ] True[0m
[38;5;87m[2024-11-23 21:11:17,792] BOT: INFO [user id: ] True[0m
[38;5;87m[2024-11-23 21:11:18,374] BOT: INFO [user id: ] True[0m
[38;5;87m[2024-11-23 21:11:18,864] BOT: INFO [user id: ] True[0m
[38;5;87m[2024-11-23 21:11:19,450] BOT: INFO [user id: ] True[0m
[38;5;87m[2024-11-23 21:11:19,937] BOT: INFO [user id: ] True[0m
[38;5;87m[2024-11-23 21:11:20,529] BOT: INFO [user id: ] True[0m
[38;5;87m[2024-11-23 21:11:21,007] BOT: INFO [user id: ] True[0m
[38;5;87m[2024-11-23 21:11:21,600] BOT: INFO [user id: ] True[0m
[38;5;87m[2024-11-23 21:11:22,078] BOT: INFO [user id: ] True[0m
[38;5;87m[2024-11-23 21:11:22,674] BOT: INFO [user id: ] True[0m
[38;5;87m[2024-11-23 21:11:23,168] BOT: INFO [user id: ] True[0m
[38;5;87m[2024-11-23 21:11:23,920] BOT: INFO [user id: ] True[0m
[38;5;87m[2024-11-23 21:11:24,452] BOT: INFO [user id: ] True[0m
[38;5;87m[2024-11-23 21:11:25,036] BOT: INFO [user id: ] True[0m
[38;5;87m[2024-11-23 21:11:25,539] BOT: INFO [user id: ] True[0m
[38;5;87m[2024-11-23 21:11:26,106] BOT: INFO [user id: ] True[0m
[38;5;87m[2024-11-23 21:11:26,629] BOT: INFO [user id: ] True[0m
[38;5;87m[2024-11-23 21:11:27,183] BOT: INFO [user id: ] True[0m
[38;5;87m[2024-11-23 21:11:27,698] BOT: INFO [user id: ] True[0m
[38;5;87m[2024-11-23 21:11:28,269] BOT: INFO [user id: ] True[0m
[38;5;87m[2024-11-23 21:11:28,772] BOT: INFO [user id: ] True[0m
[38;5;87m[2024-11-23 21:11:29,343] BOT: INFO [user id: ] True[0m
[38;5;87m[2024-11-23 21:11:29,848] BOT: INFO [user id: ] True[0m
[38;5;87m[2024-11-23 21:11:30,419] BOT: INFO [user id: ] True[0m
[38;5;87m[2024-11-23 21:11:30,942] BOT: INFO [user id: ] True[0m
[38;5;87m[2024-11-23 21:11:31,521] BOT: INFO [user id: ] True[0m
[38;5;87m[2024-11-23 21:11:32,033] BOT: INFO [user id: ] True[0m
[38;5;87m[2024-11-23 21:11:32,618] BOT: INFO [user id: ] True[0m
[38;5;87m[2024-11-23 21:11:33,122] BOT: INFO [user id: ] True[0m
[38;5;87m[2024-11-23 21:11:33,732] BOT: INFO [user id: ] True[0m
[38;5;87m[2024-11-23 21:11:34,208] BOT: INFO [user id: ] True[0m
[38;5;87m[2024-11-23 21:11:34,822] BOT: INFO [user id: ] True[0m
[38;5;87m[2024-11-23 21:11:35,298] BOT: INFO [user id: ] True[0m
[38;5;87m[2024-11-23 21:11:35,919] BOT: INFO [user id: ] True[0m
[38;5;87m[2024-11-23 21:11:36,380] BOT: INFO [user id: ] True[0m
[38;5;87m[2024-11-23 21:11:37,256] BOT: INFO [user id: ] True[0m
[38;5;87m[2024-11-23 21:11:37,601] BOT: INFO [user id: ] True[0m
[38;5;87m[2024-11-23 21:11:38,405] BOT: INFO [user id: ] True[0m
[38;5;87m[2024-11-23 21:11:38,700] BOT: INFO [user id: ] True[0m
[38;5;87m[2024-11-23 21:11:39,493] BOT: INFO [user id: ] True[0m
[38;5;87m[2024-11-23 21:11:39,784] BOT: INFO [user id: ] True[0m
[38;5;87m[2024-11-23 21:11:40,564] BOT: INFO [user id: ] True[0m
[38;5;87m[2024-11-23 21:11:40,875] BOT: INFO [user id: ] True[0m
[38;5;87m[2024-11-23 21:11:41,660] BOT: INFO [user id: ] True[0m
[38;5;87m[2024-11-23 21:11:41,971] BOT: INFO [user id: ] True[0m
[38;5;87m[2024-11-23 21:11:42,757] BOT: INFO [user id: ] True[0m
[38;5;87m[2024-11-23 21:11:43,057] BOT: INFO [user id: ] True[0m
[38;5;87m[2024-11-23 21:11:43,833] BOT: INFO [user id: ] True[0m
[38;5;87m[2024-11-23 21:11:44,141] BOT: INFO [user id: ] True[0m
[38;5;87m[2024-11-23 21:11:44,922] BOT: INFO [user id: ] True[0m
[38;5;87m[2024-11-23 21:11:45,229] BOT: INFO [user id: ] True[0m
[38;5;87m[2024-11-23 21:11:46,019] BOT: INFO [user id: ] True[0m
[38;5;87m[2024-11-23 21:11:46,332] BOT: INFO [user id: ] True[0m
[38;5;87m[2024-11-23 21:11:47,110] BOT: INFO [user id: ] True[0m
[38;5;87m[2024-11-23 21:11:47,417] BOT: INFO [user id: ] True[0m
[38;5;87m[2024-11-23 21:11:48,203] BOT: INFO [user id: ] True[0m
[38;5;87m[2024-11-23 21:11:48,505] BOT: INFO [user id: ] True[0m
[38;5;87m[2024-11-23 21:11:49,302] BOT: INFO [user id: ] True[0m
[38;5;87m[2024-11-23 21:11:49,585] BOT: INFO [user id: ] True[0m
[38;5;87m[2024-11-23 21:11:50,566] BOT: INFO [user id: ] True[0m
[38;5;87m[2024-11-23 21:11:51,208] BOT: INFO [user id: ] True[0m
[38;5;87m[2024-11-23 21:11:51,656] BOT: INFO [user id: ] True[0m
[38;5;87m[2024-11-23 21:11:52,282] BOT: INFO [user id: ] True[0m
[38;5;87m[2024-11-23 21:11:52,754] BOT: INFO [user id: ] True[0m
[38;5;87m[2024-11-23 21:11:53,378] BOT: INFO [user id: ] True[0m
[38;5;87m[2024-11-23 21:11:53,829] BOT: INFO [user id: ] True[0m
[38;5;87m[2024-11-23 21:11:54,449] BOT: INFO [user id: ] True[0m
[38;5;87m[2024-11-23 21:11:54,900] BOT: INFO [user id: ] True[0m
[38;5;87m[2024-11-23 21:11:55,549] BOT: INFO [user id: ] True[0m
[38;5;87m[2024-11-23 21:11:55,971] BOT: INFO [user id: ] True[0m
[38;5;87m[2024-11-23 21:11:56,624] BOT: INFO [user id: ] True[0m
[38;5;87m[2024-11-23 21:11:57,042] BOT: INFO [user id: ] True[0m
[38;5;87m[2024-11-23 21:11:57,696] BOT: INFO [user id: ] True[0m
[38;5;87m[2024-11-23 21:11:58,114] BOT: INFO [user id: ] True[0m
[38;5;87m[2024-11-23 21:11:58,766] BOT: INFO [user id: ] True[0m
[38;5;87m[2024-11-23 21:11:59,186] BOT: INFO [user id: ] True[0m
[38;5;87m[2024-11-23 21:11:59,838] BOT: INFO [user id: ] True[0m
[38;5;87m[2024-11-23 21:12:00,260] BOT: INFO [user id: ] True[0m
[38;5;87m[2024-11-23 21:12:00,909] BOT: INFO [user id: ] True[0m
[38;5;87m[2024-11-23 21:12:01,339] BOT: INFO [user id: ] True[0m
[38;5;87m[2024-11-23 21:12:01,979] BOT: INFO [user id: ] True[0m
[38;5;87m[2024-11-23 21:12:02,413] BOT: INFO [user id: ] True[0m
[38;5;87m[2024-11-23 21:12:03,180] BOT: INFO [user id: ] True[0m
[38;5;87m[2024-11-23 21:12:03,715] BOT: INFO [user id: ] True[0m
[38;5;87m[2024-11-23 21:12:04,355] BOT: INFO [user id: ] True[0m
[38;5;87m[2024-11-23 21:12:04,789] BOT: INFO [user id: ] True[0m
[38;5;87m[2024-11-23 21:12:05,444] BOT: INFO [user id: ] True[0m
[38;5;87m[2024-11-23 21:12:05,862] BOT: INFO [user id: ] True[0m
[38;5;87m[2024-11-23 21:12:06,515] BOT: INFO [user id: ] True[0m
[38;5;87m[2024-11-23 21:12:06,940] BOT: INFO [user id: ] True[0m
[38;5;87m[2024-11-23 21:12:07,592] BOT: INFO [user id: ] True[0m
[38;5;87m[2024-11-23 21:12:08,019] BOT: INFO [user id: ] True[0m
[38;5;87m[2024-11-23 21:12:08,661] BOT: INFO [user id: ] True[0m
[38;5;87m[2024-11-23 21:12:09,093] BOT: INFO [user id: ] True[0m
[38;5;87m[2024-11-23 21:12:09,730] BOT: INFO [user id: ] True[0m
[38;5;87m[2024-11-23 21:12:10,392] BOT: INFO [user id: ] True[0m
[38;5;87m[2024-11-23 21:12:10,803] BOT: INFO [user id: ] True[0m
[38;5;87m[2024-11-23 21:12:11,466] BOT: INFO [user id: ] True[0m
[38;5;87m[2024-11-23 21:12:11,874] BOT: INFO [user id: ] True[0m
[38;5;87m[2024-11-23 21:12:12,535] BOT: INFO [user id: ] True[0m
[38;5;87m[2024-11-23 21:12:12,947] BOT: INFO [user id: ] True[0m
[38;5;87m[2024-11-23 21:12:13,609] BOT: INFO [user id: ] True[0m
[38;5;87m[2024-11-23 21:12:14,017] BOT: INFO [user id: ] True[0m
[38;5;87m[2024-11-23 21:12:14,679] BOT: INFO [user id: ] True[0m
[38;5;87m[2024-11-23 21:12:15,094] BOT: INFO [user id: ] True[0m
[38;5;87m[2024-11-23 21:12:16,303] BOT: INFO [user id: ] True[0m
[38;5;87m[2024-11-23 21:12:16,304] BOT: INFO [user id: ] True[0m
[38;5;87m[2024-11-23 21:12:17,469] BOT: INFO [user id: ] True[0m
[38;5;87m[2024-11-23 21:12:17,469] BOT: INFO [user id: ] True[0m
[38;5;87m[2024-11-23 21:12:18,554] BOT: INFO [user id: ] True[0m
[38;5;87m[2024-11-23 21:12:18,555] BOT: INFO [user id: ] True[0m
[38;5;87m[2024-11-23 21:12:19,665] BOT: INFO [user id: ] True[0m
[38;5;87m[2024-11-23 21:12:19,665] BOT: INFO [user id: ] True[0m
[38;5;87m[2024-11-23 21:12:20,767] BOT: INFO [user id: ] True[0m
[38;5;87m[2024-11-23 21:12:20,768] BOT: INFO [user id: ] True[0m
[38;5;87m[2024-11-23 21:12:21,844] BOT: INFO [user id: ] True[0m
[38;5;87m[2024-11-23 21:12:21,845] BOT: INFO [user id: ] True[0m
[38;5;87m[2024-11-23 21:12:22,916] BOT: INFO [user id: ] True[0m
[38;5;87m[2024-11-23 21:12:22,918] BOT: INFO [user id: ] True[0m
[38;5;87m[2024-11-23 21:12:24,007] BOT: INFO [user id: ] True[0m
[38;5;87m[2024-11-23 21:12:24,014] BOT: INFO [user id: ] True[0m
[38;5;87m[2024-11-23 21:12:25,083] BOT: INFO [user id: ] True[0m
[38;5;87m[2024-11-23 21:12:25,084] BOT: INFO [user id: ] True[0m
[38;5;87m[2024-11-23 21:12:26,162] BOT: INFO [user id: ] True[0m
[38;5;87m[2024-11-23 21:12:26,165] BOT: INFO [user id: ] True[0m
[38;5;87m[2024-11-23 21:12:27,241] BOT: INFO [user id: ] True[0m
[38;5;87m[2024-11-23 21:12:27,241] BOT: INFO [user id: ] True[0m
[38;5;87m[2024-11-23 21:12:28,326] BOT: INFO [user id: ] True[0m
[38;5;87m[2024-11-23 21:12:28,327] BOT: INFO [user id: ] True[0m
[38;5;87m[2024-11-23 21:12:29,569] BOT: INFO [user id: ] True[0m
[38;5;87m[2024-11-23 21:12:29,570] BOT: INFO [user id: ] True[0m
[38;5;87m[2024-11-23 21:12:30,687] BOT: INFO [user id: ] True[0m
[38;5;87m[2024-11-23 21:12:30,688] BOT: INFO [user id: ] True[0m
[38;5;87m[2024-11-23 21:12:31,766] BOT: INFO [user id: ] True[0m
[38;5;87m[2024-11-23 21:12:31,776] BOT: INFO [user id: ] True[0m
[38;5;87m[2024-11-23 21:12:32,836] BOT: INFO [user id: ] True[0m
[38;5;87m[2024-11-23 21:12:32,844] BOT: INFO [user id: ] True[0m
[38;5;87m[2024-11-23 21:12:33,906] BOT: INFO [user id: ] True[0m
[38;5;87m[2024-11-23 21:12:33,914] BOT: INFO [user id: ] True[0m
[38;5;87m[2024-11-23 21:12:34,975] BOT: INFO [user id: ] True[0m
[38;5;87m[2024-11-23 21:12:34,983] BOT: INFO [user id: ] True[0m
[38;5;87m[2024-11-23 21:12:36,049] BOT: INFO [user id: ] True[0m
[38;5;87m[2024-11-23 21:12:36,052] BOT: INFO [user id: ] True[0m
[38;5;87m[2024-11-23 21:12:37,120] BOT: INFO [user id: ] True[0m
[38;5;87m[2024-11-23 21:12:37,121] BOT: INFO [user id: ] True[0m
[38;5;87m[2024-11-23 21:12:38,192] BOT: INFO [user id: ] True[0m
[38;5;87m[2024-11-23 21:12:38,193] BOT: INFO [user id: ] True[0m
[38;5;87m[2024-11-23 21:12:39,264] BOT: INFO [user id: ] True[0m
[38;5;87m[2024-11-23 21:12:39,265] BOT: INFO [user id: ] True[0m
[38;5;87m[2024-11-23 21:12:40,334] BOT: INFO [user id: ] True[0m
[38;5;87m[2024-11-23 21:12:40,336] BOT: INFO [user id: ] True[0m
