[38;5;201m[2024-11-23 21:34:00,790] MARIA: INFO [user id: ] Successfully connected to the MariaDB database[0m
[38;5;87m[2024-11-23 21:34:06,636] BOT: INFO [user id: 1357108258] USER SEND TEXT: https://www.youtube.com/watch?v=XBleNfmkScA[0m
[38;5;87m[2024-11-23 21:34:18,191] BOT: INFO [user id: 1357108258] USER CLICK ON ['download_video', '144p', '📹', 'XBleNfmkScA'][0m
[38;5;87m[2024-11-23 21:34:18,192] BOT: INFO [user id: 1357108258] USER CLICK ON ['download_video', '144p', '📹', 'XBleNfmkScA'][0m
[38;5;87m[2024-11-23 21:34:18,192] BOT: INFO [user id: 1357108258] USER CLICK ON ['download_video', '144p', '📹', 'XBleNfmkScA'][0m
[38;5;87m[2024-11-23 21:34:18,261] BOT: INFO [user id: ] False[0m
[38;5;87m[2024-11-23 21:34:46,483] BOT: INFO [user id: ] False[0m
[38;5;87m[2024-11-23 21:34:51,007] BOT: INFO [user id: 1357108258] USER CLICK ON ['back_to_main', '18737', 'XBleNfmkScA'][0m
[38;5;87m[2024-11-23 21:34:51,008] BOT: INFO [user id: 1357108258] USER CLICK ON ['back_to_main', '18737', 'XBleNfmkScA'][0m
[38;5;87m[2024-11-23 21:34:51,008] BOT: INFO [user id: 1357108258] USER CLICK ON ['back_to_main', '18737', 'XBleNfmkScA'][0m
[38;5;87m[2024-11-23 21:34:51,008] BOT: INFO [user id: 1357108258] USER CLICK ON ['back_to_main', '18737', 'XBleNfmkScA'][0m
[38;5;87m[2024-11-23 21:35:00,043] BOT: INFO [user id: 1357108258] USER CLICK ON ['download_video', '480p', '📹', 'XBleNfmkScA'][0m
[38;5;87m[2024-11-23 21:35:00,044] BOT: INFO [user id: 1357108258] USER CLICK ON ['download_video', '480p', '📹', 'XBleNfmkScA'][0m
[38;5;87m[2024-11-23 21:35:00,044] BOT: INFO [user id: 1357108258] USER CLICK ON ['download_video', '480p', '📹', 'XBleNfmkScA'][0m
[38;5;87m[2024-11-23 21:35:00,161] BOT: INFO [user id: ] False[0m
[38;5;87m[2024-11-23 21:35:05,160] BOT: INFO [user id: 1357108258] USER CLICK ON ['download_video', '480p', '📹', 'XBleNfmkScA'][0m
[38;5;87m[2024-11-23 21:35:05,160] BOT: INFO [user id: 1357108258] USER CLICK ON ['download_video', '480p', '📹', 'XBleNfmkScA'][0m
[38;5;87m[2024-11-23 21:35:05,160] BOT: INFO [user id: 1357108258] USER CLICK ON ['download_video', '480p', '📹', 'XBleNfmkScA'][0m
[38;5;87m[2024-11-23 21:35:05,205] BOT: INFO [user id: 1357108258] USER CLICK ON ['download_video', '480p', '📹', 'XBleNfmkScA'][0m
[38;5;87m[2024-11-23 21:35:05,205] BOT: INFO [user id: 1357108258] USER CLICK ON ['download_video', '480p', '📹', 'XBleNfmkScA'][0m
[38;5;87m[2024-11-23 21:35:05,205] BOT: INFO [user id: 1357108258] USER CLICK ON ['download_video', '480p', '📹', 'XBleNfmkScA'][0m
[38;5;87m[2024-11-23 21:35:05,219] BOT: INFO [user id: 1357108258] USER CLICK ON ['download_video', '480p', '📹', 'XBleNfmkScA'][0m
[38;5;87m[2024-11-23 21:35:05,219] BOT: INFO [user id: 1357108258] USER CLICK ON ['download_video', '480p', '📹', 'XBleNfmkScA'][0m
[38;5;87m[2024-11-23 21:35:05,219] BOT: INFO [user id: 1357108258] USER CLICK ON ['download_video', '480p', '📹', 'XBleNfmkScA'][0m
[38;5;87m[2024-11-23 21:35:05,219] BOT: INFO [user id: 1357108258] USER CLICK ON ['download_video', '480p', '📹', 'XBleNfmkScA'][0m
[38;5;87m[2024-11-23 21:35:05,219] BOT: INFO [user id: 1357108258] USER CLICK ON ['download_video', '480p', '📹', 'XBleNfmkScA'][0m
[38;5;87m[2024-11-23 21:35:05,220] BOT: INFO [user id: 1357108258] USER CLICK ON ['download_video', '480p', '📹', 'XBleNfmkScA'][0m
[38;5;87m[2024-11-23 21:35:05,245] BOT: INFO [user id: ] True[0m
[38;5;87m[2024-11-23 21:35:08,974] BOT: INFO [user id: ] True[0m
[38;5;87m[2024-11-23 21:35:13,324] BOT: INFO [user id: ] True[0m
[38;5;87m[2024-11-23 21:35:17,474] BOT: INFO [user id: ] True[0m
[38;5;87m[2024-11-23 21:35:21,757] BOT: INFO [user id: ] True[0m
[38;5;87m[2024-11-23 21:35:21,855] BOT: INFO [user id: ] True[0m
[38;5;87m[2024-11-23 21:35:21,855] BOT: INFO [user id: 1357108258] USER CLICK ON ['download_video', '480p', '📹', 'XBleNfmkScA'][0m
[38;5;87m[2024-11-23 21:35:21,855] BOT: INFO [user id: 1357108258] USER CLICK ON ['download_video', '480p', '📹', 'XBleNfmkScA'][0m
[38;5;87m[2024-11-23 21:35:21,856] BOT: INFO [user id: 1357108258] USER CLICK ON ['download_video', '480p', '📹', 'XBleNfmkScA'][0m
[38;5;87m[2024-11-23 21:35:21,856] BOT: INFO [user id: ] True[0m
[38;5;87m[2024-11-23 21:35:21,856] BOT: INFO [user id: ] True[0m
[38;5;87m[2024-11-23 21:35:21,934] BOT: INFO [user id: ] True[0m
[38;5;87m[2024-11-23 21:35:28,274] BOT: INFO [user id: ] True[0m
[38;5;87m[2024-11-23 21:35:28,275] BOT: INFO [user id: ] True[0m
[38;5;87m[2024-11-23 21:35:28,275] BOT: INFO [user id: ] True[0m
[38;5;87m[2024-11-23 21:35:28,275] BOT: INFO [user id: ] True[0m
[38;5;87m[2024-11-23 21:35:28,275] BOT: INFO [user id: ] True[0m
[38;5;87m[2024-11-23 21:35:29,809] BOT: INFO [user id: ] True[0m
[38;5;87m[2024-11-23 21:35:29,809] BOT: INFO [user id: ] True[0m
[38;5;87m[2024-11-23 21:35:29,809] BOT: INFO [user id: ] True[0m
[38;5;87m[2024-11-23 21:35:29,809] BOT: INFO [user id: ] True[0m
[38;5;87m[2024-11-23 21:35:29,809] BOT: INFO [user id: ] True[0m
[38;5;87m[2024-11-23 21:35:30,999] BOT: INFO [user id: ] True[0m
[38;5;87m[2024-11-23 21:35:31,001] BOT: INFO [user id: ] True[0m
[38;5;87m[2024-11-23 21:35:31,001] BOT: INFO [user id: ] True[0m
[38;5;87m[2024-11-23 21:35:31,001] BOT: INFO [user id: ] True[0m
[38;5;87m[2024-11-23 21:35:31,547] BOT: INFO [user id: ] True[0m
[38;5;87m[2024-11-23 21:35:32,118] BOT: INFO [user id: ] True[0m
[38;5;87m[2024-11-23 21:35:32,121] BOT: INFO [user id: ] True[0m
[38;5;87m[2024-11-23 21:35:32,121] BOT: INFO [user id: ] True[0m
[38;5;87m[2024-11-23 21:35:32,122] BOT: INFO [user id: ] True[0m
[38;5;87m[2024-11-23 21:35:32,628] BOT: INFO [user id: ] True[0m
[38;5;87m[2024-11-23 21:35:33,717] BOT: INFO [user id: ] False[0m
[38;5;87m[2024-11-23 21:37:03,500] BOT: INFO [user id: ] False[0m
[38;5;87m[2024-11-23 21:37:22,522] BOT: INFO [user id: 1357108258] USER SEND TEXT: https://www.youtube.com/watch?v=XBleNfmkScA[0m
[38;5;87m[2024-11-23 21:37:32,548] BOT: INFO [user id: 1357108258] USER CLICK ON ['download_video', '480p', '📹', 'XBleNfmkScA'][0m
[38;5;87m[2024-11-23 21:37:32,548] BOT: INFO [user id: 1357108258] USER CLICK ON ['download_video', '480p', '📹', 'XBleNfmkScA'][0m
[38;5;87m[2024-11-23 21:37:32,549] BOT: INFO [user id: 1357108258] USER CLICK ON ['download_video', '480p', '📹', 'XBleNfmkScA'][0m
[38;5;87m[2024-11-23 21:37:33,084] BOT: INFO [user id: 1357108258] USER CLICK ON ['download_video', '480p', '📹', 'XBleNfmkScA'][0m
[38;5;87m[2024-11-23 21:37:33,085] BOT: INFO [user id: 1357108258] USER CLICK ON ['download_video', '480p', '📹', 'XBleNfmkScA'][0m
[38;5;87m[2024-11-23 21:37:33,085] BOT: INFO [user id: 1357108258] USER CLICK ON ['download_video', '480p', '📹', 'XBleNfmkScA'][0m
[38;5;87m[2024-11-23 21:37:33,086] BOT: INFO [user id: 1357108258] USER CLICK ON ['download_video', '480p', '📹', 'XBleNfmkScA'][0m
[38;5;87m[2024-11-23 21:37:33,086] BOT: INFO [user id: 1357108258] USER CLICK ON ['download_video', '480p', '📹', 'XBleNfmkScA'][0m
[38;5;87m[2024-11-23 21:37:33,086] BOT: INFO [user id: 1357108258] USER CLICK ON ['download_video', '480p', '📹', 'XBleNfmkScA'][0m
[38;5;87m[2024-11-23 21:37:33,086] BOT: INFO [user id: 1357108258] USER CLICK ON ['download_video', '480p', '📹', 'XBleNfmkScA'][0m
[38;5;87m[2024-11-23 21:37:33,086] BOT: INFO [user id: 1357108258] USER CLICK ON ['download_video', '480p', '📹', 'XBleNfmkScA'][0m
[38;5;87m[2024-11-23 21:37:33,087] BOT: INFO [user id: 1357108258] USER CLICK ON ['download_video', '480p', '📹', 'XBleNfmkScA'][0m
[38;5;87m[2024-11-23 21:37:33,192] BOT: INFO [user id: ] False[0m
[38;5;87m[2024-11-23 21:37:37,734] BOT: INFO [user id: ] False[0m
[38;5;87m[2024-11-23 21:37:43,254] BOT: INFO [user id: ] False[0m
[38;5;87m[2024-11-23 21:37:47,338] BOT: INFO [user id: ] False[0m
[38;5;87m[2024-11-23 21:37:51,661] BOT: INFO [user id: 1357108258] USER CLICK ON ['download_video', '480p', '📹', 'XBleNfmkScA'][0m
[38;5;87m[2024-11-23 21:37:51,661] BOT: INFO [user id: 1357108258] USER CLICK ON ['download_video', '480p', '📹', 'XBleNfmkScA'][0m
[38;5;87m[2024-11-23 21:37:51,661] BOT: INFO [user id: 1357108258] USER CLICK ON ['download_video', '480p', '📹', 'XBleNfmkScA'][0m
[38;5;87m[2024-11-23 21:37:51,804] BOT: INFO [user id: ] True[0m
[38;5;87m[2024-11-23 21:37:56,223] BOT: INFO [user id: 1357108258] USER CLICK ON ['download_video', '480p', '📹', 'XBleNfmkScA'][0m
[38;5;87m[2024-11-23 21:37:56,223] BOT: INFO [user id: 1357108258] USER CLICK ON ['download_video', '480p', '📹', 'XBleNfmkScA'][0m
[38;5;87m[2024-11-23 21:37:56,223] BOT: INFO [user id: 1357108258] USER CLICK ON ['download_video', '480p', '📹', 'XBleNfmkScA'][0m
[38;5;87m[2024-11-23 21:37:56,287] BOT: INFO [user id: ] True[0m
[38;5;87m[2024-11-23 21:37:56,293] BOT: INFO [user id: ] True[0m
[38;5;87m[2024-11-23 21:38:00,271] BOT: INFO [user id: ] True[0m
[38;5;87m[2024-11-23 21:38:00,272] BOT: INFO [user id: ] True[0m
[38;5;87m[2024-11-23 21:38:01,359] BOT: INFO [user id: ] True[0m
[38;5;87m[2024-11-23 21:38:01,360] BOT: INFO [user id: ] True[0m
[38;5;87m[2024-11-23 21:38:02,495] BOT: INFO [user id: ] True[0m
[38;5;87m[2024-11-23 21:38:02,495] BOT: INFO [user id: ] True[0m
[38;5;87m[2024-11-23 21:38:03,572] BOT: INFO [user id: ] True[0m
[38;5;87m[2024-11-23 21:38:03,572] BOT: INFO [user id: ] True[0m
[38;5;87m[2024-11-23 21:38:04,657] BOT: INFO [user id: ] True[0m
[38;5;87m[2024-11-23 21:39:11,476] BOT: INFO [user id: ] False[0m
[38;5;87m[2024-11-23 21:39:14,099] BOT: INFO [user id: ] False[0m
[38;5;87m[2024-11-23 21:39:18,626] BOT: INFO [user id: ] False[0m
[38;5;87m[2024-11-23 21:39:23,492] BOT: INFO [user id: ] False[0m
