[38;5;201m[2024-11-23 23:15:49,492] MARIA: INFO [user id: ] Successfully connected to the MariaDB database[0m
[38;5;87m[2024-11-23 23:15:55,645] BOT: INFO [user id: 1357108258] USER SEND TEXT: https://www.youtube.com/watch?v=IUfXS3sFm8Q[0m
[38;5;87m[2024-11-23 23:16:08,366] BOT: INFO [user id: 1357108258] USER CLICK ON ['download_video', '720p', '📹', 'IUfXS3sFm8Q'][0m
[38;5;87m[2024-11-23 23:16:08,367] BOT: INFO [user id: 1357108258] USER CLICK ON ['download_video', '720p', '📹', 'IUfXS3sFm8Q'][0m
[38;5;87m[2024-11-23 23:16:08,367] BOT: INFO [user id: 1357108258] USER CLICK ON ['download_video', '720p', '📹', 'IUfXS3sFm8Q'][0m
[38;5;87m[2024-11-23 23:16:08,459] BOT: INFO [user id: ] False[0m
[38;5;87m[2024-11-23 23:16:41,703] BOT: INFO [user id: ] False[0m
[38;5;87m[2024-11-23 23:16:50,108] BOT: INFO [user id: 1357108258] USER CLICK ON ['back_to_main', '18753', 'IUfXS3sFm8Q'][0m
[38;5;87m[2024-11-23 23:16:50,109] BOT: INFO [user id: 1357108258] USER CLICK ON ['back_to_main', '18753', 'IUfXS3sFm8Q'][0m
[38;5;87m[2024-11-23 23:16:50,109] BOT: INFO [user id: 1357108258] USER CLICK ON ['back_to_main', '18753', 'IUfXS3sFm8Q'][0m
[38;5;87m[2024-11-23 23:16:50,109] BOT: INFO [user id: 1357108258] USER CLICK ON ['back_to_main', '18753', 'IUfXS3sFm8Q'][0m
[38;5;87m[2024-11-23 23:16:55,383] BOT: INFO [user id: 1357108258] USER CLICK ON ['download_mp3', 'IUfXS3sFm8Q'][0m
[38;5;87m[2024-11-23 23:16:55,383] BOT: INFO [user id: 1357108258] USER CLICK ON ['download_mp3', 'IUfXS3sFm8Q'][0m
[38;5;87m[2024-11-23 23:16:58,901] BOT: INFO [user id: 1357108258] USER CLICK ON ['download_mp3', 'IUfXS3sFm8Q'][0m
[38;5;87m[2024-11-23 23:16:58,901] BOT: INFO [user id: 1357108258] USER CLICK ON ['download_mp3', 'IUfXS3sFm8Q'][0m
[38;5;87m[2024-11-23 23:16:59,000] BOT: INFO [user id: 1357108258] USER CLICK ON ['download_mp3', 'IUfXS3sFm8Q'][0m
[38;5;87m[2024-11-23 23:16:59,000] BOT: INFO [user id: 1357108258] USER CLICK ON ['download_mp3', 'IUfXS3sFm8Q'][0m
[38;5;87m[2024-11-23 23:17:04,119] BOT: INFO [user id: ] True[0m
[38;5;87m[2024-11-23 23:17:04,217] BOT: INFO [user id: ] True[0m
[38;5;87m[2024-11-23 23:17:05,217] BOT: INFO [user id: ] True[0m
[38;5;87m[2024-11-23 23:17:05,315] BOT: INFO [user id: ] True[0m
[38;5;87m[2024-11-23 23:17:06,393] BOT: INFO [user id: ] True[0m
[38;5;87m[2024-11-23 23:17:06,503] BOT: INFO [user id: ] True[0m
[38;5;87m[2024-11-23 23:17:07,486] BOT: INFO [user id: ] True[0m
[38;5;87m[2024-11-23 23:17:07,598] BOT: INFO [user id: ] True[0m
[38;5;87m[2024-11-23 23:17:08,585] BOT: INFO [user id: ] True[0m
[38;5;87m[2024-11-23 23:17:08,709] BOT: INFO [user id: ] True[0m
[38;5;87m[2024-11-23 23:17:13,578] BOT: INFO [user id: ] False[0m
