[38;5;201m[2024-11-10 18:15:42,142] MARIA: INFO [user id: ] Successfully connected to the MariaDB database[0m
[38;5;87m[2024-11-10 18:15:57,617] BOT: INFO [user id: 1357108258] USER SEND TEXT: photo=self.photo[0m
[38;5;87m[2024-11-10 18:16:04,131] BOT: INFO [user id: 1357108258] USER SEND TEXT: Ds, [10 нояб. 2024 г., 18:13:52]:
https://www.youtube.com/watch?v=c4SwcdGsRhQ


test, [10 нояб. 2024 г., 18:13:57]:
Charlotte Cardin - Sun Goes Down (Buddy) [Official ...[0m
[38;5;87m[2024-11-10 18:16:11,371] BOT: INFO [user id: 1357108258] USER SEND TEXT: https://www.youtube.com/watch?v=c4SwcdGsRhQ[0m
[38;5;87m[2024-11-10 18:16:18,417] BOT: INFO [user id: 1357108258] USER CLICK ON ['download_video', '1080p', '⚡️', 'c4SwcdGsRhQ'][0m
[38;5;87m[2024-11-10 18:16:24,891] BOT: ERROR [user id: ] Telegram server says - Bad Request: message is not modified: specified new message content and reply markup are exactly the same as a current content and reply markup of the message[0m
[38;5;87m[2024-11-10 18:17:22,025] BOT: INFO [user id: 1357108258] USER SEND TEXT: https://www.youtube.com/watch?v=l_KM5iynPXM[0m
[38;5;87m[2024-11-10 18:17:29,408] BOT: INFO [user id: 1357108258] USER CLICK ON ['download_video', '720p', '📹', 'l_KM5iynPXM'][0m
[38;5;87m[2024-11-10 18:17:36,421] BOT: ERROR [user id: ] Telegram server says - Bad Request: message is not modified: specified new message content and reply markup are exactly the same as a current content and reply markup of the message[0m
[38;5;87m[2024-11-10 18:17:37,107] BOT: ERROR [user id: ] Telegram server says - Bad Request: message is not modified: specified new message content and reply markup are exactly the same as a current content and reply markup of the message[0m
[38;5;87m[2024-11-10 18:17:38,693] BOT: ERROR [user id: ] Telegram server says - Bad Request: message is not modified: specified new message content and reply markup are exactly the same as a current content and reply markup of the message[0m
[38;5;87m[2024-11-10 18:17:41,454] BOT: ERROR [user id: ] Telegram server says - Bad Request: message is not modified: specified new message content and reply markup are exactly the same as a current content and reply markup of the message[0m
[38;5;87m[2024-11-10 18:17:41,783] BOT: ERROR [user id: ] Telegram server says - Bad Request: message is not modified: specified new message content and reply markup are exactly the same as a current content and reply markup of the message[0m
[38;5;87m[2024-11-10 18:17:42,094] BOT: ERROR [user id: ] Telegram server says - Bad Request: message is not modified: specified new message content and reply markup are exactly the same as a current content and reply markup of the message[0m
[38;5;87m[2024-11-10 18:17:42,758] BOT: ERROR [user id: ] Telegram server says - Bad Request: message is not modified: specified new message content and reply markup are exactly the same as a current content and reply markup of the message[0m
[38;5;87m[2024-11-10 18:17:43,123] BOT: ERROR [user id: ] Telegram server says - Bad Request: message is not modified: specified new message content and reply markup are exactly the same as a current content and reply markup of the message[0m
[38;5;87m[2024-11-10 18:17:45,719] BOT: ERROR [user id: ] Telegram server says - Bad Request: message is not modified: specified new message content and reply markup are exactly the same as a current content and reply markup of the message[0m
[38;5;87m[2024-11-10 18:17:46,124] BOT: ERROR [user id: ] Telegram server says - Bad Request: message is not modified: specified new message content and reply markup are exactly the same as a current content and reply markup of the message[0m
[38;5;87m[2024-11-10 18:17:46,852] BOT: ERROR [user id: ] Telegram server says - Bad Request: message is not modified: specified new message content and reply markup are exactly the same as a current content and reply markup of the message[0m
[38;5;87m[2024-11-10 18:17:47,222] BOT: ERROR [user id: ] Telegram server says - Bad Request: message is not modified: specified new message content and reply markup are exactly the same as a current content and reply markup of the message[0m
[38;5;87m[2024-11-10 18:17:49,807] BOT: ERROR [user id: ] Telegram server says - Bad Request: message is not modified: specified new message content and reply markup are exactly the same as a current content and reply markup of the message[0m
[38;5;87m[2024-11-10 18:17:50,557] BOT: ERROR [user id: ] Telegram server says - Bad Request: message is not modified: specified new message content and reply markup are exactly the same as a current content and reply markup of the message[0m
[38;5;87m[2024-11-10 18:17:50,894] BOT: ERROR [user id: ] Telegram server says - Bad Request: message is not modified: specified new message content and reply markup are exactly the same as a current content and reply markup of the message[0m
[38;5;87m[2024-11-10 18:17:51,219] BOT: ERROR [user id: ] Telegram server says - Bad Request: message is not modified: specified new message content and reply markup are exactly the same as a current content and reply markup of the message[0m
[38;5;87m[2024-11-10 18:17:52,158] BOT: ERROR [user id: ] Telegram server says - Bad Request: message is not modified: specified new message content and reply markup are exactly the same as a current content and reply markup of the message[0m
[38;5;87m[2024-11-10 18:17:52,853] BOT: ERROR [user id: ] Telegram server says - Bad Request: message is not modified: specified new message content and reply markup are exactly the same as a current content and reply markup of the message[0m
[38;5;87m[2024-11-10 18:17:53,546] BOT: ERROR [user id: ] Telegram server says - Bad Request: message is not modified: specified new message content and reply markup are exactly the same as a current content and reply markup of the message[0m
[38;5;87m[2024-11-10 18:17:56,248] BOT: ERROR [user id: ] Telegram server says - Bad Request: message is not modified: specified new message content and reply markup are exactly the same as a current content and reply markup of the message[0m
[38;5;87m[2024-11-10 18:17:57,081] BOT: ERROR [user id: ] Telegram server says - Bad Request: message is not modified: specified new message content and reply markup are exactly the same as a current content and reply markup of the message[0m
[38;5;87m[2024-11-10 18:17:57,452] BOT: ERROR [user id: ] Telegram server says - Bad Request: message is not modified: specified new message content and reply markup are exactly the same as a current content and reply markup of the message[0m
[38;5;87m[2024-11-10 18:17:58,163] BOT: ERROR [user id: ] Telegram server says - Bad Request: message is not modified: specified new message content and reply markup are exactly the same as a current content and reply markup of the message[0m
[38;5;87m[2024-11-10 18:17:58,996] BOT: ERROR [user id: ] Telegram server says - Bad Request: message is not modified: specified new message content and reply markup are exactly the same as a current content and reply markup of the message[0m
[38;5;87m[2024-11-10 18:17:59,355] BOT: ERROR [user id: ] Telegram server says - Bad Request: message is not modified: specified new message content and reply markup are exactly the same as a current content and reply markup of the message[0m
[38;5;87m[2024-11-10 18:18:00,210] BOT: ERROR [user id: ] Telegram server says - Bad Request: message is not modified: specified new message content and reply markup are exactly the same as a current content and reply markup of the message[0m
[38;5;87m[2024-11-10 18:18:01,239] BOT: ERROR [user id: ] Telegram server says - Bad Request: message is not modified: specified new message content and reply markup are exactly the same as a current content and reply markup of the message[0m
[38;5;87m[2024-11-10 18:18:02,510] BOT: ERROR [user id: ] Telegram server says - Bad Request: message is not modified: specified new message content and reply markup are exactly the same as a current content and reply markup of the message[0m
[38;5;87m[2024-11-10 18:18:03,181] BOT: ERROR [user id: ] Telegram server says - Bad Request: message is not modified: specified new message content and reply markup are exactly the same as a current content and reply markup of the message[0m
[38;5;87m[2024-11-10 18:18:03,840] BOT: ERROR [user id: ] Telegram server says - Bad Request: message is not modified: specified new message content and reply markup are exactly the same as a current content and reply markup of the message[0m
[38;5;87m[2024-11-10 18:18:04,205] BOT: ERROR [user id: ] Telegram server says - Bad Request: message is not modified: specified new message content and reply markup are exactly the same as a current content and reply markup of the message[0m
[38;5;87m[2024-11-10 18:18:04,881] BOT: ERROR [user id: ] Telegram server says - Bad Request: message is not modified: specified new message content and reply markup are exactly the same as a current content and reply markup of the message[0m
[38;5;87m[2024-11-10 18:18:05,201] BOT: ERROR [user id: ] Telegram server says - Bad Request: message is not modified: specified new message content and reply markup are exactly the same as a current content and reply markup of the message[0m
[38;5;87m[2024-11-10 18:18:06,047] BOT: ERROR [user id: ] Telegram server says - Bad Request: message is not modified: specified new message content and reply markup are exactly the same as a current content and reply markup of the message[0m
[38;5;87m[2024-11-10 18:18:06,982] BOT: ERROR [user id: ] Telegram server says - Bad Request: message is not modified: specified new message content and reply markup are exactly the same as a current content and reply markup of the message[0m
[38;5;87m[2024-11-10 18:18:07,300] BOT: ERROR [user id: ] Telegram server says - Bad Request: message is not modified: specified new message content and reply markup are exactly the same as a current content and reply markup of the message[0m
[38;5;87m[2024-11-10 18:18:07,958] BOT: ERROR [user id: ] Telegram server says - Bad Request: message is not modified: specified new message content and reply markup are exactly the same as a current content and reply markup of the message[0m
[38;5;87m[2024-11-10 18:18:08,058] BOT: INFO [user id: 1357108258] USER CLICK ON ['back_to_main', '18037'][0m
[38;5;87m[2024-11-10 18:18:08,058] BOT: INFO [user id: 1357108258] USER CLICK ON ['back_to_main', '18037'][0m
[38;5;87m[2024-11-10 18:18:08,059] BOT: INFO [user id: 1357108258] USER CLICK ON ['back_to_main', '18037'][0m
[38;5;87m[2024-11-10 18:18:08,059] BOT: INFO [user id: 1357108258] USER CLICK ON ['back_to_main', '18037'][0m
[38;5;87m[2024-11-10 18:18:08,059] BOT: INFO [user id: 1357108258] USER CLICK ON ['back_to_main', '18037'][0m
[38;5;87m[2024-11-10 18:18:08,059] BOT: INFO [user id: 1357108258] USER CLICK ON ['back_to_main', '18037'][0m
[38;5;87m[2024-11-10 18:18:08,059] BOT: INFO [user id: 1357108258] USER CLICK ON ['back_to_main', '18037'][0m
[38;5;87m[2024-11-10 18:18:08,059] BOT: INFO [user id: 1357108258] USER CLICK ON ['back_to_main', '18037'][0m
[38;5;87m[2024-11-10 18:18:08,059] BOT: INFO [user id: 1357108258] USER CLICK ON ['back_to_main', '18037'][0m
[38;5;87m[2024-11-10 18:18:08,276] BOT: ERROR [user id: ] Telegram server says - Bad Request: message is not modified: specified new message content and reply markup are exactly the same as a current content and reply markup of the message[0m
[38;5;87m[2024-11-10 18:18:11,265] BOT: ERROR [user id: ] Telegram server says - Bad Request: message is not modified: specified new message content and reply markup are exactly the same as a current content and reply markup of the message[0m
[38;5;87m[2024-11-10 18:18:11,626] BOT: ERROR [user id: ] Telegram server says - Bad Request: message is not modified: specified new message content and reply markup are exactly the same as a current content and reply markup of the message[0m
[38;5;87m[2024-11-10 18:18:11,979] BOT: ERROR [user id: ] Telegram server says - Bad Request: message is not modified: specified new message content and reply markup are exactly the same as a current content and reply markup of the message[0m
[38;5;87m[2024-11-10 18:18:13,264] BOT: ERROR [user id: ] Telegram server says - Bad Request: message is not modified: specified new message content and reply markup are exactly the same as a current content and reply markup of the message[0m
[38;5;87m[2024-11-10 18:18:13,768] BOT: ERROR [user id: ] Telegram server says - Bad Request: message is not modified: specified new message content and reply markup are exactly the same as a current content and reply markup of the message[0m
[38;5;87m[2024-11-10 18:18:14,533] BOT: ERROR [user id: ] Telegram server says - Bad Request: message is not modified: specified new message content and reply markup are exactly the same as a current content and reply markup of the message[0m
[38;5;87m[2024-11-10 18:18:15,300] BOT: ERROR [user id: ] Telegram server says - Bad Request: message is not modified: specified new message content and reply markup are exactly the same as a current content and reply markup of the message[0m
[38;5;87m[2024-11-10 18:18:15,668] BOT: ERROR [user id: ] Telegram server says - Bad Request: message is not modified: specified new message content and reply markup are exactly the same as a current content and reply markup of the message[0m
[38;5;87m[2024-11-10 18:18:17,653] BOT: ERROR [user id: ] Telegram server says - Bad Request: message is not modified: specified new message content and reply markup are exactly the same as a current content and reply markup of the message[0m
[38;5;87m[2024-11-10 18:18:18,054] BOT: ERROR [user id: ] Telegram server says - Bad Request: message is not modified: specified new message content and reply markup are exactly the same as a current content and reply markup of the message[0m
[38;5;87m[2024-11-10 18:18:18,957] BOT: ERROR [user id: ] Telegram server says - Bad Request: message is not modified: specified new message content and reply markup are exactly the same as a current content and reply markup of the message[0m
[38;5;87m[2024-11-10 18:18:19,848] BOT: ERROR [user id: ] Telegram server says - Bad Request: message is not modified: specified new message content and reply markup are exactly the same as a current content and reply markup of the message[0m
[38;5;87m[2024-11-10 18:18:20,689] BOT: ERROR [user id: ] Telegram server says - Bad Request: message is not modified: specified new message content and reply markup are exactly the same as a current content and reply markup of the message[0m
[38;5;87m[2024-11-10 18:18:21,058] BOT: ERROR [user id: ] Telegram server says - Bad Request: message is not modified: specified new message content and reply markup are exactly the same as a current content and reply markup of the message[0m
[38;5;87m[2024-11-10 18:18:23,027] BOT: ERROR [user id: ] Telegram server says - Bad Request: message is not modified: specified new message content and reply markup are exactly the same as a current content and reply markup of the message[0m
[38;5;87m[2024-11-10 18:18:23,447] BOT: ERROR [user id: ] Telegram server says - Bad Request: message is not modified: specified new message content and reply markup are exactly the same as a current content and reply markup of the message[0m
[38;5;87m[2024-11-10 18:18:24,375] BOT: ERROR [user id: ] Telegram server says - Bad Request: message is not modified: specified new message content and reply markup are exactly the same as a current content and reply markup of the message[0m
[38;5;87m[2024-11-10 18:18:25,079] BOT: ERROR [user id: ] Telegram server says - Bad Request: message is not modified: specified new message content and reply markup are exactly the same as a current content and reply markup of the message[0m
[38;5;87m[2024-11-10 18:18:25,776] BOT: ERROR [user id: ] Telegram server says - Bad Request: message is not modified: specified new message content and reply markup are exactly the same as a current content and reply markup of the message[0m
[38;5;87m[2024-11-10 18:18:26,146] BOT: ERROR [user id: ] Telegram server says - Bad Request: message is not modified: specified new message content and reply markup are exactly the same as a current content and reply markup of the message[0m
[38;5;87m[2024-11-10 18:18:28,313] BOT: ERROR [user id: ] Telegram server says - Bad Request: message is not modified: specified new message content and reply markup are exactly the same as a current content and reply markup of the message[0m
[38;5;87m[2024-11-10 18:18:28,658] BOT: ERROR [user id: ] Telegram server says - Bad Request: message is not modified: specified new message content and reply markup are exactly the same as a current content and reply markup of the message[0m
[38;5;87m[2024-11-10 18:18:29,360] BOT: ERROR [user id: ] Telegram server says - Bad Request: message is not modified: specified new message content and reply markup are exactly the same as a current content and reply markup of the message[0m
[38;5;87m[2024-11-10 18:18:29,431] BOT: INFO [user id: 636655056] USER SEND TEXT: /start[0m
[38;5;87m[2024-11-10 18:18:30,122] BOT: INFO [user id: 636655056] Enter /start command[0m
[38;5;87m[2024-11-10 18:18:30,333] BOT: ERROR [user id: ] Telegram server says - Bad Request: message is not modified: specified new message content and reply markup are exactly the same as a current content and reply markup of the message[0m
[38;5;87m[2024-11-10 18:18:30,467] BOT: INFO [user id: ] ['\nՆերբեռնում YouTube-ից և TikTok-ից 🚀\n\n❗️3 եղանակ՝ ներբեռնելու երգ կամ վիդեո YouTube-ից։ 👇\n\n<blockquote>\n1. @vid անուն (երգ կամ վիդեո)\n2. @SkachatsYouTubebot անուն (երգ կամ վիդեո)\n3. Կարող եք պարզապես գրել երգի կամ վիդեոյի անունը \n</blockquote>\n\n❗️Երգ կամ վիդեո ներբեռնելու ձև TikTok-ից։ 👇\n\n\n<blockquote>\nՈւղղակի ուղարկեք հղումը TikTok-ից։\n</blockquote>\n\n🤖Հարցերի համար կապ հաստատեք մեզ հետ - @symananger\n                    ', 'start.jpg'][0m
[38;5;87m[2024-11-10 18:18:31,512] BOT: ERROR [user id: ] Telegram server says - Bad Request: message is not modified: specified new message content and reply markup are exactly the same as a current content and reply markup of the message[0m
[38;5;87m[2024-11-10 18:18:33,086] BOT: ERROR [user id: ] Telegram server says - Bad Request: message is not modified: specified new message content and reply markup are exactly the same as a current content and reply markup of the message[0m
[38;5;87m[2024-11-10 18:18:34,664] BOT: ERROR [user id: ] Telegram server says - Bad Request: message is not modified: specified new message content and reply markup are exactly the same as a current content and reply markup of the message[0m
[38;5;87m[2024-11-10 18:18:41,041] BOT: ERROR [user id: ] Telegram server says - Bad Request: message is not modified: specified new message content and reply markup are exactly the same as a current content and reply markup of the message[0m
[38;5;87m[2024-11-10 18:18:43,331] BOT: ERROR [user id: ] Telegram server says - Bad Request: message is not modified: specified new message content and reply markup are exactly the same as a current content and reply markup of the message[0m
[38;5;87m[2024-11-10 18:18:44,026] BOT: ERROR [user id: ] Telegram server says - Bad Request: message is not modified: specified new message content and reply markup are exactly the same as a current content and reply markup of the message[0m
[38;5;87m[2024-11-10 18:18:45,878] BOT: ERROR [user id: ] Telegram server says - Bad Request: message is not modified: specified new message content and reply markup are exactly the same as a current content and reply markup of the message[0m
[38;5;87m[2024-11-10 18:18:47,737] BOT: ERROR [user id: ] Telegram server says - Bad Request: message is not modified: specified new message content and reply markup are exactly the same as a current content and reply markup of the message[0m
[38;5;87m[2024-11-10 18:18:48,543] BOT: ERROR [user id: ] Telegram server says - Bad Request: message is not modified: specified new message content and reply markup are exactly the same as a current content and reply markup of the message[0m
[38;5;87m[2024-11-10 18:18:51,002] BOT: INFO [user id: 636655056] USER SEND TEXT: https://www.youtube.com/watch?v=b_e8MJrDE70[0m
[38;5;87m[2024-11-10 18:18:51,217] BOT: ERROR [user id: ] Telegram server says - Bad Request: message is not modified: specified new message content and reply markup are exactly the same as a current content and reply markup of the message[0m
[38;5;87m[2024-11-10 18:18:56,071] BOT: ERROR [user id: ] Telegram server says - Bad Request: message is not modified: specified new message content and reply markup are exactly the same as a current content and reply markup of the message[0m
[38;5;87m[2024-11-10 18:18:56,762] BOT: ERROR [user id: ] Telegram server says - Bad Request: message is not modified: specified new message content and reply markup are exactly the same as a current content and reply markup of the message[0m
[38;5;87m[2024-11-10 18:18:58,602] BOT: ERROR [user id: ] Telegram server says - Bad Request: message is not modified: specified new message content and reply markup are exactly the same as a current content and reply markup of the message[0m
[38;5;87m[2024-11-10 18:19:00,651] BOT: INFO [user id: 636655056] USER CLICK ON ['download_video', '720p', '📹', 'b_e8MJrDE70'][0m
[38;5;87m[2024-11-10 18:19:04,124] BOT: ERROR [user id: ] Telegram server says - Bad Request: message is not modified: specified new message content and reply markup are exactly the same as a current content and reply markup of the message[0m
[38;5;87m[2024-11-10 18:19:04,966] BOT: ERROR [user id: ] Telegram server says - Bad Request: message is not modified: specified new message content and reply markup are exactly the same as a current content and reply markup of the message[0m
[38;5;87m[2024-11-10 18:19:07,337] BOT: ERROR [user id: ] Telegram server says - Bad Request: message is not modified: specified new message content and reply markup are exactly the same as a current content and reply markup of the message[0m
[38;5;87m[2024-11-10 18:19:07,437] BOT: ERROR [user id: ] Telegram server says - Bad Request: message is not modified: specified new message content and reply markup are exactly the same as a current content and reply markup of the message[0m
[38;5;87m[2024-11-10 18:19:08,280] BOT: ERROR [user id: ] Telegram server says - Bad Request: message is not modified: specified new message content and reply markup are exactly the same as a current content and reply markup of the message[0m
[38;5;87m[2024-11-10 18:19:10,053] BOT: ERROR [user id: ] Telegram server says - Bad Request: message is not modified: specified new message content and reply markup are exactly the same as a current content and reply markup of the message[0m
[38;5;87m[2024-11-10 18:19:10,831] BOT: ERROR [user id: ] Telegram server says - Bad Request: message is not modified: specified new message content and reply markup are exactly the same as a current content and reply markup of the message[0m
[38;5;87m[2024-11-10 18:19:10,924] BOT: ERROR [user id: ] Telegram server says - Bad Request: message is not modified: specified new message content and reply markup are exactly the same as a current content and reply markup of the message[0m
[38;5;87m[2024-11-10 18:19:11,214] BOT: ERROR [user id: ] Telegram server says - Bad Request: message is not modified: specified new message content and reply markup are exactly the same as a current content and reply markup of the message[0m
[38;5;87m[2024-11-10 18:19:11,302] BOT: ERROR [user id: ] Telegram server says - Bad Request: message is not modified: specified new message content and reply markup are exactly the same as a current content and reply markup of the message[0m
[38;5;87m[2024-11-10 18:19:12,358] BOT: ERROR [user id: ] Telegram server says - Bad Request: message is not modified: specified new message content and reply markup are exactly the same as a current content and reply markup of the message[0m
[38;5;87m[2024-11-10 18:19:12,930] BOT: ERROR [user id: ] Telegram server says - Bad Request: message is not modified: specified new message content and reply markup are exactly the same as a current content and reply markup of the message[0m
[38;5;87m[2024-11-10 18:19:13,216] BOT: ERROR [user id: ] Telegram server says - Bad Request: message is not modified: specified new message content and reply markup are exactly the same as a current content and reply markup of the message[0m
[38;5;87m[2024-11-10 18:19:13,865] BOT: ERROR [user id: ] Telegram server says - Bad Request: message is not modified: specified new message content and reply markup are exactly the same as a current content and reply markup of the message[0m
[38;5;87m[2024-11-10 18:19:15,163] BOT: ERROR [user id: ] Telegram server says - Bad Request: message is not modified: specified new message content and reply markup are exactly the same as a current content and reply markup of the message[0m
[38;5;87m[2024-11-10 18:19:15,639] BOT: ERROR [user id: ] Telegram server says - Bad Request: message is not modified: specified new message content and reply markup are exactly the same as a current content and reply markup of the message[0m
[38;5;87m[2024-11-10 18:19:16,268] BOT: ERROR [user id: ] Telegram server says - Bad Request: message is not modified: specified new message content and reply markup are exactly the same as a current content and reply markup of the message[0m
[38;5;87m[2024-11-10 18:19:16,615] BOT: ERROR [user id: ] Telegram server says - Bad Request: message is not modified: specified new message content and reply markup are exactly the same as a current content and reply markup of the message[0m
[38;5;87m[2024-11-10 18:19:16,780] BOT: ERROR [user id: ] Telegram server says - Bad Request: message is not modified: specified new message content and reply markup are exactly the same as a current content and reply markup of the message[0m
[38;5;87m[2024-11-10 18:19:17,061] BOT: ERROR [user id: ] Telegram server says - Bad Request: message is not modified: specified new message content and reply markup are exactly the same as a current content and reply markup of the message[0m
[38;5;87m[2024-11-10 18:19:17,587] BOT: ERROR [user id: ] Telegram server says - Bad Request: message is not modified: specified new message content and reply markup are exactly the same as a current content and reply markup of the message[0m
[38;5;87m[2024-11-10 18:19:18,204] BOT: ERROR [user id: ] Telegram server says - Bad Request: message is not modified: specified new message content and reply markup are exactly the same as a current content and reply markup of the message[0m
[38;5;87m[2024-11-10 18:19:19,859] BOT: ERROR [user id: ] Telegram server says - Bad Request: message is not modified: specified new message content and reply markup are exactly the same as a current content and reply markup of the message[0m
[38;5;87m[2024-11-10 18:19:22,152] BOT: ERROR [user id: ] Telegram server says - Bad Request: message is not modified: specified new message content and reply markup are exactly the same as a current content and reply markup of the message[0m
[38;5;87m[2024-11-10 18:19:22,214] BOT: ERROR [user id: ] Telegram server says - Bad Request: message is not modified: specified new message content and reply markup are exactly the same as a current content and reply markup of the message[0m
[38;5;87m[2024-11-10 18:19:22,982] BOT: ERROR [user id: ] Telegram server says - Bad Request: message is not modified: specified new message content and reply markup are exactly the same as a current content and reply markup of the message[0m
[38;5;87m[2024-11-10 18:19:23,053] BOT: ERROR [user id: ] Telegram server says - Bad Request: message is not modified: specified new message content and reply markup are exactly the same as a current content and reply markup of the message[0m
[38;5;87m[2024-11-10 18:19:23,358] BOT: ERROR [user id: ] Telegram server says - Bad Request: message is not modified: specified new message content and reply markup are exactly the same as a current content and reply markup of the message[0m
[38;5;87m[2024-11-10 18:19:23,809] BOT: ERROR [user id: ] Telegram server says - Bad Request: message is not modified: specified new message content and reply markup are exactly the same as a current content and reply markup of the message[0m
[38;5;87m[2024-11-10 18:19:24,140] BOT: ERROR [user id: ] Telegram server says - Bad Request: message is not modified: specified new message content and reply markup are exactly the same as a current content and reply markup of the message[0m
[38;5;87m[2024-11-10 18:19:24,545] BOT: ERROR [user id: ] Telegram server says - Bad Request: message is not modified: specified new message content and reply markup are exactly the same as a current content and reply markup of the message[0m
[38;5;87m[2024-11-10 18:19:24,548] BOT: ERROR [user id: ] Telegram server says - Bad Request: message is not modified: specified new message content and reply markup are exactly the same as a current content and reply markup of the message[0m
[38;5;87m[2024-11-10 18:19:25,299] BOT: ERROR [user id: ] Telegram server says - Bad Request: message is not modified: specified new message content and reply markup are exactly the same as a current content and reply markup of the message[0m
[38;5;87m[2024-11-10 18:19:25,321] BOT: ERROR [user id: ] Telegram server says - Bad Request: message is not modified: specified new message content and reply markup are exactly the same as a current content and reply markup of the message[0m
[38;5;87m[2024-11-10 18:19:26,118] BOT: ERROR [user id: ] Telegram server says - Bad Request: message is not modified: specified new message content and reply markup are exactly the same as a current content and reply markup of the message[0m
[38;5;87m[2024-11-10 18:19:26,501] BOT: ERROR [user id: ] Telegram server says - Bad Request: message is not modified: specified new message content and reply markup are exactly the same as a current content and reply markup of the message[0m
[38;5;87m[2024-11-10 18:19:27,324] BOT: ERROR [user id: ] Telegram server says - Bad Request: message is not modified: specified new message content and reply markup are exactly the same as a current content and reply markup of the message[0m
[38;5;87m[2024-11-10 18:19:27,606] BOT: ERROR [user id: ] Telegram server says - Bad Request: message is not modified: specified new message content and reply markup are exactly the same as a current content and reply markup of the message[0m
[38;5;87m[2024-11-10 18:19:27,767] BOT: ERROR [user id: ] Telegram server says - Bad Request: message is not modified: specified new message content and reply markup are exactly the same as a current content and reply markup of the message[0m
[38;5;87m[2024-11-10 18:19:28,497] BOT: ERROR [user id: ] Telegram server says - Bad Request: message is not modified: specified new message content and reply markup are exactly the same as a current content and reply markup of the message[0m
[38;5;87m[2024-11-10 18:19:28,847] BOT: ERROR [user id: ] Telegram server says - Bad Request: message is not modified: specified new message content and reply markup are exactly the same as a current content and reply markup of the message[0m
[38;5;87m[2024-11-10 18:19:29,436] BOT: ERROR [user id: ] Telegram server says - Bad Request: message is not modified: specified new message content and reply markup are exactly the same as a current content and reply markup of the message[0m
[38;5;87m[2024-11-10 18:19:29,648] BOT: ERROR [user id: ] Telegram server says - Bad Request: message is not modified: specified new message content and reply markup are exactly the same as a current content and reply markup of the message[0m
[38;5;87m[2024-11-10 18:19:30,394] BOT: ERROR [user id: ] Telegram server says - Bad Request: message is not modified: specified new message content and reply markup are exactly the same as a current content and reply markup of the message[0m
[38;5;87m[2024-11-10 18:19:30,908] BOT: ERROR [user id: ] Telegram server says - Bad Request: message is not modified: specified new message content and reply markup are exactly the same as a current content and reply markup of the message[0m
[38;5;87m[2024-11-10 18:19:31,151] BOT: ERROR [user id: ] Telegram server says - Bad Request: message is not modified: specified new message content and reply markup are exactly the same as a current content and reply markup of the message[0m
[38;5;87m[2024-11-10 18:19:31,942] BOT: ERROR [user id: ] Telegram server says - Bad Request: message is not modified: specified new message content and reply markup are exactly the same as a current content and reply markup of the message[0m
[38;5;87m[2024-11-10 18:19:32,333] BOT: ERROR [user id: ] Telegram server says - Bad Request: message is not modified: specified new message content and reply markup are exactly the same as a current content and reply markup of the message[0m
[38;5;87m[2024-11-10 18:19:32,737] BOT: ERROR [user id: ] Telegram server says - Bad Request: message is not modified: specified new message content and reply markup are exactly the same as a current content and reply markup of the message[0m
[38;5;87m[2024-11-10 18:19:33,632] BOT: ERROR [user id: ] Telegram server says - Bad Request: message is not modified: specified new message content and reply markup are exactly the same as a current content and reply markup of the message[0m
[38;5;87m[2024-11-10 18:19:34,508] BOT: ERROR [user id: ] Telegram server says - Bad Request: message is not modified: specified new message content and reply markup are exactly the same as a current content and reply markup of the message[0m
[38;5;87m[2024-11-10 18:19:34,509] BOT: ERROR [user id: ] Telegram server says - Bad Request: message is not modified: specified new message content and reply markup are exactly the same as a current content and reply markup of the message[0m
[38;5;87m[2024-11-10 18:19:35,378] BOT: ERROR [user id: ] Telegram server says - Bad Request: message is not modified: specified new message content and reply markup are exactly the same as a current content and reply markup of the message[0m
[38;5;87m[2024-11-10 18:19:35,766] BOT: ERROR [user id: ] Telegram server says - Bad Request: message is not modified: specified new message content and reply markup are exactly the same as a current content and reply markup of the message[0m
[38;5;87m[2024-11-10 18:19:36,170] BOT: ERROR [user id: ] Telegram server says - Bad Request: message is not modified: specified new message content and reply markup are exactly the same as a current content and reply markup of the message[0m
[38;5;87m[2024-11-10 18:19:36,595] BOT: ERROR [user id: ] Telegram server says - Bad Request: message is not modified: specified new message content and reply markup are exactly the same as a current content and reply markup of the message[0m
[38;5;87m[2024-11-10 18:19:37,185] BOT: ERROR [user id: ] Telegram server says - Bad Request: message is not modified: specified new message content and reply markup are exactly the same as a current content and reply markup of the message[0m
[38;5;87m[2024-11-10 18:19:39,525] BOT: ERROR [user id: ] Telegram server says - Bad Request: message is not modified: specified new message content and reply markup are exactly the same as a current content and reply markup of the message[0m
[38;5;87m[2024-11-10 18:19:40,299] BOT: ERROR [user id: ] Telegram server says - Bad Request: message is not modified: specified new message content and reply markup are exactly the same as a current content and reply markup of the message[0m
[38;5;87m[2024-11-10 18:19:41,432] BOT: ERROR [user id: ] Telegram server says - Bad Request: message is not modified: specified new message content and reply markup are exactly the same as a current content and reply markup of the message[0m
[38;5;87m[2024-11-10 18:19:42,740] BOT: ERROR [user id: ] Telegram server says - Bad Request: message is not modified: specified new message content and reply markup are exactly the same as a current content and reply markup of the message[0m
[38;5;87m[2024-11-10 18:19:45,763] BOT: ERROR [user id: ] Telegram server says - Bad Request: message is not modified: specified new message content and reply markup are exactly the same as a current content and reply markup of the message[0m
[38;5;87m[2024-11-10 18:19:48,411] BOT: ERROR [user id: ] Telegram server says - Bad Request: message is not modified: specified new message content and reply markup are exactly the same as a current content and reply markup of the message[0m
[38;5;87m[2024-11-10 18:19:49,234] BOT: ERROR [user id: ] Telegram server says - Bad Request: message is not modified: specified new message content and reply markup are exactly the same as a current content and reply markup of the message[0m
[38;5;87m[2024-11-10 18:19:50,461] BOT: ERROR [user id: ] Telegram server says - Bad Request: message is not modified: specified new message content and reply markup are exactly the same as a current content and reply markup of the message[0m
[38;5;87m[2024-11-10 18:19:52,850] BOT: ERROR [user id: ] Telegram server says - Bad Request: message is not modified: specified new message content and reply markup are exactly the same as a current content and reply markup of the message[0m
[38;5;87m[2024-11-10 18:20:00,208] BOT: ERROR [user id: ] Telegram server says - Bad Request: message is not modified: specified new message content and reply markup are exactly the same as a current content and reply markup of the message[0m
[38;5;87m[2024-11-10 18:20:08,245] BOT: ERROR [user id: ] Telegram server says - Bad Request: message is not modified: specified new message content and reply markup are exactly the same as a current content and reply markup of the message[0m
[38;5;87m[2024-11-10 18:20:09,934] BOT: ERROR [user id: ] Telegram server says - Bad Request: message is not modified: specified new message content and reply markup are exactly the same as a current content and reply markup of the message[0m
[38;5;87m[2024-11-10 18:20:17,744] BOT: ERROR [user id: ] Telegram server says - Bad Request: message is not modified: specified new message content and reply markup are exactly the same as a current content and reply markup of the message[0m
[38;5;87m[2024-11-10 18:20:20,209] BOT: ERROR [user id: ] Telegram server says - Bad Request: message is not modified: specified new message content and reply markup are exactly the same as a current content and reply markup of the message[0m
[38;5;87m[2024-11-10 18:20:21,112] BOT: ERROR [user id: ] Telegram server says - Bad Request: message is not modified: specified new message content and reply markup are exactly the same as a current content and reply markup of the message[0m
[38;5;87m[2024-11-10 18:20:21,587] BOT: ERROR [user id: ] Telegram server says - Bad Request: message is not modified: specified new message content and reply markup are exactly the same as a current content and reply markup of the message[0m
[38;5;87m[2024-11-10 18:20:22,048] BOT: ERROR [user id: ] Telegram server says - Bad Request: message is not modified: specified new message content and reply markup are exactly the same as a current content and reply markup of the message[0m
[38;5;87m[2024-11-10 18:20:22,508] BOT: ERROR [user id: ] Telegram server says - Bad Request: message is not modified: specified new message content and reply markup are exactly the same as a current content and reply markup of the message[0m
[38;5;87m[2024-11-10 18:20:22,941] BOT: ERROR [user id: ] Telegram server says - Bad Request: message is not modified: specified new message content and reply markup are exactly the same as a current content and reply markup of the message[0m
[38;5;87m[2024-11-10 18:20:23,472] BOT: ERROR [user id: ] Telegram server says - Bad Request: message is not modified: specified new message content and reply markup are exactly the same as a current content and reply markup of the message[0m
[38;5;87m[2024-11-10 18:20:24,032] BOT: ERROR [user id: ] Telegram server says - Bad Request: message is not modified: specified new message content and reply markup are exactly the same as a current content and reply markup of the message[0m
[38;5;87m[2024-11-10 18:20:26,200] BOT: ERROR [user id: ] Telegram server says - Bad Request: message is not modified: specified new message content and reply markup are exactly the same as a current content and reply markup of the message[0m
[38;5;87m[2024-11-10 18:20:27,355] BOT: ERROR [user id: ] Telegram server says - Bad Request: message is not modified: specified new message content and reply markup are exactly the same as a current content and reply markup of the message[0m
[38;5;87m[2024-11-10 18:20:27,704] BOT: ERROR [user id: ] Telegram server says - Bad Request: message is not modified: specified new message content and reply markup are exactly the same as a current content and reply markup of the message[0m
[38;5;87m[2024-11-10 18:20:28,052] BOT: ERROR [user id: ] Telegram server says - Bad Request: message is not modified: specified new message content and reply markup are exactly the same as a current content and reply markup of the message[0m
[38;5;87m[2024-11-10 18:20:34,598] BOT: ERROR [user id: ] Telegram server says - Bad Request: message is not modified: specified new message content and reply markup are exactly the same as a current content and reply markup of the message[0m
[38;5;87m[2024-11-10 18:20:41,645] BOT: ERROR [user id: ] Telegram server says - Bad Request: message is not modified: specified new message content and reply markup are exactly the same as a current content and reply markup of the message[0m
[38;5;87m[2024-11-10 18:20:42,883] BOT: ERROR [user id: ] Telegram server says - Bad Request: message is not modified: specified new message content and reply markup are exactly the same as a current content and reply markup of the message[0m
[38;5;87m[2024-11-10 18:20:43,757] BOT: ERROR [user id: ] Telegram server says - Bad Request: message is not modified: specified new message content and reply markup are exactly the same as a current content and reply markup of the message[0m
[38;5;87m[2024-11-10 18:20:45,874] BOT: ERROR [user id: ] Telegram server says - Bad Request: message is not modified: specified new message content and reply markup are exactly the same as a current content and reply markup of the message[0m
[38;5;87m[2024-11-10 18:20:46,271] BOT: ERROR [user id: ] Telegram server says - Bad Request: message is not modified: specified new message content and reply markup are exactly the same as a current content and reply markup of the message[0m
[38;5;87m[2024-11-10 18:20:48,586] BOT: ERROR [user id: ] Telegram server says - Bad Request: message is not modified: specified new message content and reply markup are exactly the same as a current content and reply markup of the message[0m
[38;5;87m[2024-11-10 18:20:48,946] BOT: ERROR [user id: ] Telegram server says - Bad Request: message is not modified: specified new message content and reply markup are exactly the same as a current content and reply markup of the message[0m
[38;5;87m[2024-11-10 18:20:51,253] BOT: ERROR [user id: ] Telegram server says - Bad Request: message is not modified: specified new message content and reply markup are exactly the same as a current content and reply markup of the message[0m
[38;5;87m[2024-11-10 18:20:51,650] BOT: ERROR [user id: ] Telegram server says - Bad Request: message is not modified: specified new message content and reply markup are exactly the same as a current content and reply markup of the message[0m
[38;5;87m[2024-11-10 18:20:53,538] BOT: ERROR [user id: ] Telegram server says - Bad Request: message is not modified: specified new message content and reply markup are exactly the same as a current content and reply markup of the message[0m
[38;5;87m[2024-11-10 18:20:56,250] BOT: ERROR [user id: ] Telegram server says - Bad Request: message is not modified: specified new message content and reply markup are exactly the same as a current content and reply markup of the message[0m
[38;5;87m[2024-11-10 18:20:58,700] BOT: ERROR [user id: ] Telegram server says - Bad Request: message is not modified: specified new message content and reply markup are exactly the same as a current content and reply markup of the message[0m
[38;5;87m[2024-11-10 18:21:02,736] BOT: ERROR [user id: ] Telegram server says - Bad Request: message is not modified: specified new message content and reply markup are exactly the same as a current content and reply markup of the message[0m
[38;5;87m[2024-11-10 18:21:03,269] BOT: ERROR [user id: ] Telegram server says - Bad Request: message is not modified: specified new message content and reply markup are exactly the same as a current content and reply markup of the message[0m
[38;5;87m[2024-11-10 18:21:03,713] BOT: ERROR [user id: ] Telegram server says - Bad Request: message is not modified: specified new message content and reply markup are exactly the same as a current content and reply markup of the message[0m
[38;5;87m[2024-11-10 18:21:06,686] BOT: ERROR [user id: ] Telegram server says - Bad Request: message is not modified: specified new message content and reply markup are exactly the same as a current content and reply markup of the message[0m
[38;5;87m[2024-11-10 18:21:07,065] BOT: ERROR [user id: ] Telegram server says - Bad Request: message is not modified: specified new message content and reply markup are exactly the same as a current content and reply markup of the message[0m
[38;5;87m[2024-11-10 18:21:07,526] BOT: ERROR [user id: ] Telegram server says - Bad Request: message is not modified: specified new message content and reply markup are exactly the same as a current content and reply markup of the message[0m
[38;5;87m[2024-11-10 18:21:09,711] BOT: ERROR [user id: ] Telegram server says - Bad Request: message is not modified: specified new message content and reply markup are exactly the same as a current content and reply markup of the message[0m
[38;5;87m[2024-11-10 18:21:10,601] BOT: ERROR [user id: ] Telegram server says - Bad Request: message is not modified: specified new message content and reply markup are exactly the same as a current content and reply markup of the message[0m
[38;5;87m[2024-11-10 18:21:11,440] BOT: ERROR [user id: ] Telegram server says - Bad Request: message is not modified: specified new message content and reply markup are exactly the same as a current content and reply markup of the message[0m
[38;5;87m[2024-11-10 18:21:14,104] BOT: ERROR [user id: ] Telegram server says - Bad Request: message is not modified: specified new message content and reply markup are exactly the same as a current content and reply markup of the message[0m
[38;5;87m[2024-11-10 18:21:15,695] BOT: ERROR [user id: ] Telegram server says - Bad Request: message is not modified: specified new message content and reply markup are exactly the same as a current content and reply markup of the message[0m
[38;5;87m[2024-11-10 18:21:18,403] BOT: ERROR [user id: ] Telegram server says - Bad Request: message is not modified: specified new message content and reply markup are exactly the same as a current content and reply markup of the message[0m
[38;5;87m[2024-11-10 18:21:19,422] BOT: ERROR [user id: ] Telegram server says - Bad Request: message is not modified: specified new message content and reply markup are exactly the same as a current content and reply markup of the message[0m
[38;5;87m[2024-11-10 18:21:19,784] BOT: ERROR [user id: ] Telegram server says - Bad Request: message is not modified: specified new message content and reply markup are exactly the same as a current content and reply markup of the message[0m
[38;5;87m[2024-11-10 18:21:21,028] BOT: ERROR [user id: ] Telegram server says - Bad Request: message is not modified: specified new message content and reply markup are exactly the same as a current content and reply markup of the message[0m
[38;5;87m[2024-11-10 18:21:23,628] BOT: ERROR [user id: ] Telegram server says - Bad Request: message is not modified: specified new message content and reply markup are exactly the same as a current content and reply markup of the message[0m
[38;5;87m[2024-11-10 18:21:24,453] BOT: ERROR [user id: ] Telegram server says - Bad Request: message is not modified: specified new message content and reply markup are exactly the same as a current content and reply markup of the message[0m
[38;5;87m[2024-11-10 18:21:24,842] BOT: ERROR [user id: ] Telegram server says - Bad Request: message is not modified: specified new message content and reply markup are exactly the same as a current content and reply markup of the message[0m
[38;5;87m[2024-11-10 18:21:26,294] BOT: ERROR [user id: ] Telegram server says - Bad Request: message is not modified: specified new message content and reply markup are exactly the same as a current content and reply markup of the message[0m
[38;5;87m[2024-11-10 18:21:27,103] BOT: ERROR [user id: ] Telegram server says - Bad Request: message is not modified: specified new message content and reply markup are exactly the same as a current content and reply markup of the message[0m
[38;5;87m[2024-11-10 18:21:27,475] BOT: ERROR [user id: ] Telegram server says - Bad Request: message is not modified: specified new message content and reply markup are exactly the same as a current content and reply markup of the message[0m
[38;5;87m[2024-11-10 18:21:30,127] BOT: ERROR [user id: ] Telegram server says - Bad Request: message is not modified: specified new message content and reply markup are exactly the same as a current content and reply markup of the message[0m
[38;5;87m[2024-11-10 18:21:30,591] BOT: ERROR [user id: ] Telegram server says - Bad Request: message is not modified: specified new message content and reply markup are exactly the same as a current content and reply markup of the message[0m
[38;5;87m[2024-11-10 18:21:34,452] BOT: ERROR [user id: ] Telegram server says - Bad Request: message is not modified: specified new message content and reply markup are exactly the same as a current content and reply markup of the message[0m
[38;5;87m[2024-11-10 18:21:34,840] BOT: ERROR [user id: ] Telegram server says - Bad Request: message is not modified: specified new message content and reply markup are exactly the same as a current content and reply markup of the message[0m
[38;5;87m[2024-11-10 18:21:38,307] BOT: ERROR [user id: ] Telegram server says - Bad Request: message is not modified: specified new message content and reply markup are exactly the same as a current content and reply markup of the message[0m
[38;5;87m[2024-11-10 18:21:39,360] BOT: ERROR [user id: ] Telegram server says - Bad Request: message is not modified: specified new message content and reply markup are exactly the same as a current content and reply markup of the message[0m
[38;5;87m[2024-11-10 18:21:40,411] BOT: ERROR [user id: ] Telegram server says - Bad Request: message is not modified: specified new message content and reply markup are exactly the same as a current content and reply markup of the message[0m
[38;5;87m[2024-11-10 18:21:43,686] BOT: ERROR [user id: ] Telegram server says - Bad Request: message is not modified: specified new message content and reply markup are exactly the same as a current content and reply markup of the message[0m
[38;5;87m[2024-11-10 18:21:44,091] BOT: ERROR [user id: ] Telegram server says - Bad Request: message is not modified: specified new message content and reply markup are exactly the same as a current content and reply markup of the message[0m
[38;5;87m[2024-11-10 18:21:45,345] BOT: ERROR [user id: ] Telegram server says - Bad Request: message is not modified: specified new message content and reply markup are exactly the same as a current content and reply markup of the message[0m
[38;5;87m[2024-11-10 18:21:48,946] BOT: ERROR [user id: ] Telegram server says - Bad Request: message is not modified: specified new message content and reply markup are exactly the same as a current content and reply markup of the message[0m
[38;5;87m[2024-11-10 18:21:52,557] BOT: ERROR [user id: ] Telegram server says - Bad Request: message is not modified: specified new message content and reply markup are exactly the same as a current content and reply markup of the message[0m
[38;5;87m[2024-11-10 18:21:53,590] BOT: ERROR [user id: ] Telegram server says - Bad Request: message is not modified: specified new message content and reply markup are exactly the same as a current content and reply markup of the message[0m
[38;5;87m[2024-11-10 18:21:57,947] BOT: ERROR [user id: ] Telegram server says - Bad Request: message is not modified: specified new message content and reply markup are exactly the same as a current content and reply markup of the message[0m
[38;5;87m[2024-11-10 18:21:58,480] BOT: ERROR [user id: ] Telegram server says - Bad Request: message is not modified: specified new message content and reply markup are exactly the same as a current content and reply markup of the message[0m
[38;5;87m[2024-11-10 18:22:02,077] BOT: ERROR [user id: ] Telegram server says - Bad Request: message is not modified: specified new message content and reply markup are exactly the same as a current content and reply markup of the message[0m
[38;5;87m[2024-11-10 18:22:03,788] BOT: ERROR [user id: ] Telegram server says - Bad Request: message is not modified: specified new message content and reply markup are exactly the same as a current content and reply markup of the message[0m
[38;5;87m[2024-11-10 18:22:06,350] BOT: ERROR [user id: ] Telegram server says - Bad Request: message is not modified: specified new message content and reply markup are exactly the same as a current content and reply markup of the message[0m
[38;5;87m[2024-11-10 18:22:07,628] BOT: ERROR [user id: ] Telegram server says - Bad Request: message is not modified: specified new message content and reply markup are exactly the same as a current content and reply markup of the message[0m
[38;5;87m[2024-11-10 18:22:07,999] BOT: ERROR [user id: ] Telegram server says - Bad Request: message is not modified: specified new message content and reply markup are exactly the same as a current content and reply markup of the message[0m
[38;5;87m[2024-11-10 18:22:10,384] BOT: ERROR [user id: ] Telegram server says - Bad Request: message is not modified: specified new message content and reply markup are exactly the same as a current content and reply markup of the message[0m
[38;5;87m[2024-11-10 18:22:10,727] BOT: ERROR [user id: ] Telegram server says - Bad Request: message is not modified: specified new message content and reply markup are exactly the same as a current content and reply markup of the message[0m
[38;5;87m[2024-11-10 18:22:11,097] BOT: ERROR [user id: ] Telegram server says - Bad Request: message is not modified: specified new message content and reply markup are exactly the same as a current content and reply markup of the message[0m
[38;5;87m[2024-11-10 18:22:14,611] BOT: ERROR [user id: ] Telegram server says - Bad Request: message is not modified: specified new message content and reply markup are exactly the same as a current content and reply markup of the message[0m
[38;5;87m[2024-11-10 18:22:16,025] BOT: ERROR [user id: ] Telegram server says - Bad Request: message is not modified: specified new message content and reply markup are exactly the same as a current content and reply markup of the message[0m
[38;5;87m[2024-11-10 18:22:16,477] BOT: ERROR [user id: ] Telegram server says - Bad Request: message is not modified: specified new message content and reply markup are exactly the same as a current content and reply markup of the message[0m
[38;5;87m[2024-11-10 18:22:16,885] BOT: ERROR [user id: ] Telegram server says - Bad Request: message is not modified: specified new message content and reply markup are exactly the same as a current content and reply markup of the message[0m
[38;5;87m[2024-11-10 18:22:19,346] BOT: ERROR [user id: ] Telegram server says - Bad Request: message is not modified: specified new message content and reply markup are exactly the same as a current content and reply markup of the message[0m
[38;5;87m[2024-11-10 18:22:21,126] BOT: ERROR [user id: ] Telegram server says - Bad Request: message is not modified: specified new message content and reply markup are exactly the same as a current content and reply markup of the message[0m
[38;5;87m[2024-11-10 18:22:21,976] BOT: ERROR [user id: ] Telegram server says - Bad Request: message is not modified: specified new message content and reply markup are exactly the same as a current content and reply markup of the message[0m
[38;5;87m[2024-11-10 18:22:23,683] BOT: ERROR [user id: ] Telegram server says - Bad Request: message is not modified: specified new message content and reply markup are exactly the same as a current content and reply markup of the message[0m
[38;5;87m[2024-11-10 18:22:24,523] BOT: ERROR [user id: ] Telegram server says - Bad Request: message is not modified: specified new message content and reply markup are exactly the same as a current content and reply markup of the message[0m
[38;5;87m[2024-11-10 18:22:25,327] BOT: ERROR [user id: ] Telegram server says - Bad Request: message is not modified: specified new message content and reply markup are exactly the same as a current content and reply markup of the message[0m
[38;5;87m[2024-11-10 18:22:25,701] BOT: ERROR [user id: ] Telegram server says - Bad Request: message is not modified: specified new message content and reply markup are exactly the same as a current content and reply markup of the message[0m
[38;5;87m[2024-11-10 18:22:26,434] BOT: ERROR [user id: ] Telegram server says - Bad Request: message is not modified: specified new message content and reply markup are exactly the same as a current content and reply markup of the message[0m
[38;5;87m[2024-11-10 18:22:29,621] BOT: ERROR [user id: ] Telegram server says - Bad Request: message is not modified: specified new message content and reply markup are exactly the same as a current content and reply markup of the message[0m
[38;5;87m[2024-11-10 18:22:31,247] BOT: ERROR [user id: ] Telegram server says - Bad Request: message is not modified: specified new message content and reply markup are exactly the same as a current content and reply markup of the message[0m
[38;5;87m[2024-11-10 18:22:33,419] BOT: ERROR [user id: ] Telegram server says - Bad Request: message is not modified: specified new message content and reply markup are exactly the same as a current content and reply markup of the message[0m
[38;5;87m[2024-11-10 18:22:34,381] BOT: ERROR [user id: ] Telegram server says - Bad Request: message is not modified: specified new message content and reply markup are exactly the same as a current content and reply markup of the message[0m
[38;5;87m[2024-11-10 18:22:35,386] BOT: ERROR [user id: ] Telegram server says - Bad Request: message is not modified: specified new message content and reply markup are exactly the same as a current content and reply markup of the message[0m
[38;5;87m[2024-11-10 18:22:36,361] BOT: ERROR [user id: ] Telegram server says - Bad Request: message is not modified: specified new message content and reply markup are exactly the same as a current content and reply markup of the message[0m
[38;5;87m[2024-11-10 18:22:38,878] BOT: ERROR [user id: ] Telegram server says - Bad Request: message is not modified: specified new message content and reply markup are exactly the same as a current content and reply markup of the message[0m
[38;5;87m[2024-11-10 18:22:39,363] BOT: ERROR [user id: ] Telegram server says - Bad Request: message is not modified: specified new message content and reply markup are exactly the same as a current content and reply markup of the message[0m
[38;5;87m[2024-11-10 18:22:40,168] BOT: ERROR [user id: ] Telegram server says - Bad Request: message is not modified: specified new message content and reply markup are exactly the same as a current content and reply markup of the message[0m
[38;5;87m[2024-11-10 18:22:43,040] BOT: ERROR [user id: ] Telegram server says - Bad Request: message is not modified: specified new message content and reply markup are exactly the same as a current content and reply markup of the message[0m
[38;5;87m[2024-11-10 18:22:43,610] BOT: ERROR [user id: ] Telegram server says - Bad Request: message is not modified: specified new message content and reply markup are exactly the same as a current content and reply markup of the message[0m
[38;5;87m[2024-11-10 18:22:46,928] BOT: ERROR [user id: ] Telegram server says - Bad Request: message is not modified: specified new message content and reply markup are exactly the same as a current content and reply markup of the message[0m
[38;5;87m[2024-11-10 18:22:47,772] BOT: ERROR [user id: ] Telegram server says - Bad Request: message is not modified: specified new message content and reply markup are exactly the same as a current content and reply markup of the message[0m
[38;5;87m[2024-11-10 18:22:48,610] BOT: ERROR [user id: ] Telegram server says - Bad Request: message is not modified: specified new message content and reply markup are exactly the same as a current content and reply markup of the message[0m
[38;5;87m[2024-11-10 18:22:49,051] BOT: ERROR [user id: ] Telegram server says - Bad Request: message is not modified: specified new message content and reply markup are exactly the same as a current content and reply markup of the message[0m
[38;5;87m[2024-11-10 18:22:53,373] BOT: ERROR [user id: ] Telegram server says - Bad Request: message is not modified: specified new message content and reply markup are exactly the same as a current content and reply markup of the message[0m
[38;5;87m[2024-11-10 18:22:54,312] BOT: ERROR [user id: ] Telegram server says - Bad Request: message is not modified: specified new message content and reply markup are exactly the same as a current content and reply markup of the message[0m
[38;5;87m[2024-11-10 18:22:56,746] BOT: ERROR [user id: ] Telegram server says - Bad Request: message is not modified: specified new message content and reply markup are exactly the same as a current content and reply markup of the message[0m
[38;5;87m[2024-11-10 18:22:58,346] BOT: ERROR [user id: ] Telegram server says - Bad Request: message is not modified: specified new message content and reply markup are exactly the same as a current content and reply markup of the message[0m
[38;5;87m[2024-11-10 18:22:59,356] BOT: ERROR [user id: ] Telegram server says - Bad Request: message is not modified: specified new message content and reply markup are exactly the same as a current content and reply markup of the message[0m
[38;5;87m[2024-11-10 18:22:59,550] BOT: INFO [user id: 1357108258] USER SEND TEXT: ⬜⬜⬜⬜⬜⬜⬜⬜⬜[0m
[38;5;87m[2024-11-10 18:23:02,623] BOT: ERROR [user id: ] Telegram server says - Bad Request: there is no media in the message to edit[0m
[38;5;87m[2024-11-10 18:23:03,003] BOT: ERROR [user id: ] Telegram server says - Bad Request: there is no media in the message to edit[0m
[38;5;87m[2024-11-10 18:23:03,343] BOT: ERROR [user id: ] Telegram server says - Bad Request: there is no media in the message to edit[0m
[38;5;87m[2024-11-10 18:23:03,683] BOT: ERROR [user id: ] Telegram server says - Bad Request: there is no media in the message to edit[0m
[38;5;87m[2024-11-10 18:23:04,045] BOT: ERROR [user id: ] Telegram server says - Bad Request: there is no media in the message to edit[0m
[38;5;87m[2024-11-10 18:23:04,387] BOT: ERROR [user id: ] Telegram server says - Bad Request: there is no media in the message to edit[0m
[38;5;87m[2024-11-10 18:23:04,718] BOT: ERROR [user id: ] Telegram server says - Bad Request: there is no media in the message to edit[0m
[38;5;87m[2024-11-10 18:23:05,056] BOT: ERROR [user id: ] Telegram server says - Bad Request: there is no media in the message to edit[0m
[38;5;87m[2024-11-10 18:23:05,434] BOT: ERROR [user id: ] Telegram server says - Bad Request: there is no media in the message to edit[0m
[38;5;87m[2024-11-10 18:23:05,798] BOT: ERROR [user id: ] Telegram server says - Bad Request: there is no media in the message to edit[0m
[38;5;87m[2024-11-10 18:23:06,144] BOT: ERROR [user id: ] Telegram server says - Bad Request: there is no media in the message to edit[0m
[38;5;87m[2024-11-10 18:23:06,496] BOT: ERROR [user id: ] Telegram server says - Bad Request: there is no media in the message to edit[0m
[38;5;87m[2024-11-10 18:23:06,827] BOT: ERROR [user id: ] Telegram server says - Bad Request: there is no media in the message to edit[0m
[38;5;87m[2024-11-10 18:23:07,183] BOT: ERROR [user id: ] Telegram server says - Bad Request: there is no media in the message to edit[0m
[38;5;87m[2024-11-10 18:23:07,530] BOT: ERROR [user id: ] Telegram server says - Bad Request: there is no media in the message to edit[0m
[38;5;87m[2024-11-10 18:23:07,857] BOT: ERROR [user id: ] Telegram server says - Bad Request: there is no media in the message to edit[0m
[38;5;87m[2024-11-10 18:23:08,183] BOT: ERROR [user id: ] Telegram server says - Bad Request: there is no media in the message to edit[0m
[38;5;87m[2024-11-10 18:23:08,553] BOT: ERROR [user id: ] Telegram server says - Bad Request: there is no media in the message to edit[0m
[38;5;87m[2024-11-10 18:23:08,906] BOT: ERROR [user id: ] Telegram server says - Bad Request: there is no media in the message to edit[0m
[38;5;87m[2024-11-10 18:23:09,234] BOT: ERROR [user id: ] Telegram server says - Bad Request: there is no media in the message to edit[0m
[38;5;87m[2024-11-10 18:23:09,573] BOT: ERROR [user id: ] Telegram server says - Bad Request: there is no media in the message to edit[0m
[38;5;87m[2024-11-10 18:23:09,911] BOT: ERROR [user id: ] Telegram server says - Bad Request: there is no media in the message to edit[0m
[38;5;87m[2024-11-10 18:23:10,267] BOT: ERROR [user id: ] Telegram server says - Bad Request: there is no media in the message to edit[0m
[38;5;87m[2024-11-10 18:23:10,595] BOT: ERROR [user id: ] Telegram server says - Bad Request: there is no media in the message to edit[0m
[38;5;87m[2024-11-10 18:23:10,927] BOT: ERROR [user id: ] Telegram server says - Bad Request: there is no media in the message to edit[0m
[38;5;87m[2024-11-10 18:23:11,263] BOT: ERROR [user id: ] Telegram server says - Bad Request: there is no media in the message to edit[0m
[38;5;87m[2024-11-10 18:23:11,598] BOT: ERROR [user id: ] Telegram server says - Bad Request: there is no media in the message to edit[0m
[38;5;87m[2024-11-10 18:23:11,932] BOT: ERROR [user id: ] Telegram server says - Bad Request: there is no media in the message to edit[0m
[38;5;87m[2024-11-10 18:23:12,750] BOT: ERROR [user id: ] Telegram server says - Bad Request: there is no media in the message to edit[0m
[38;5;87m[2024-11-10 18:23:13,337] BOT: ERROR [user id: ] Telegram server says - Bad Request: there is no media in the message to edit[0m
[38;5;87m[2024-11-10 18:23:13,847] BOT: ERROR [user id: ] Telegram server says - Bad Request: there is no media in the message to edit[0m
[38;5;87m[2024-11-10 18:23:14,600] BOT: ERROR [user id: ] Telegram server says - Bad Request: there is no media in the message to edit[0m
[38;5;87m[2024-11-10 18:23:14,958] BOT: ERROR [user id: ] Telegram server says - Bad Request: there is no media in the message to edit[0m
[38;5;87m[2024-11-10 18:23:15,851] BOT: ERROR [user id: ] Telegram server says - Bad Request: there is no media in the message to edit[0m
[38;5;87m[2024-11-10 18:23:16,193] BOT: ERROR [user id: ] Telegram server says - Bad Request: there is no media in the message to edit[0m
[38;5;87m[2024-11-10 18:23:16,533] BOT: ERROR [user id: ] Telegram server says - Bad Request: there is no media in the message to edit[0m
[38;5;87m[2024-11-10 18:23:16,860] BOT: ERROR [user id: ] Telegram server says - Bad Request: there is no media in the message to edit[0m
[38;5;87m[2024-11-10 18:23:17,301] BOT: ERROR [user id: ] Telegram server says - Bad Request: there is no media in the message to edit[0m
[38;5;87m[2024-11-10 18:23:17,787] BOT: ERROR [user id: ] Telegram server says - Bad Request: there is no media in the message to edit[0m
[38;5;87m[2024-11-10 18:23:18,381] BOT: ERROR [user id: ] Telegram server says - Bad Request: there is no media in the message to edit[0m
[38;5;87m[2024-11-10 18:23:18,805] BOT: ERROR [user id: ] Telegram server says - Bad Request: there is no media in the message to edit[0m
[38;5;87m[2024-11-10 18:23:19,145] BOT: ERROR [user id: ] Telegram server says - Bad Request: there is no media in the message to edit[0m
[38;5;87m[2024-11-10 18:23:19,476] BOT: ERROR [user id: ] Telegram server says - Bad Request: there is no media in the message to edit[0m
[38;5;87m[2024-11-10 18:23:19,953] BOT: ERROR [user id: ] Telegram server says - Bad Request: there is no media in the message to edit[0m
[38;5;87m[2024-11-10 18:23:20,447] BOT: ERROR [user id: ] Telegram server says - Bad Request: there is no media in the message to edit[0m
[38;5;87m[2024-11-10 18:23:20,864] BOT: ERROR [user id: ] Telegram server says - Bad Request: there is no media in the message to edit[0m
[38;5;87m[2024-11-10 18:23:21,317] BOT: ERROR [user id: ] Telegram server says - Bad Request: there is no media in the message to edit[0m
[38;5;87m[2024-11-10 18:23:21,790] BOT: ERROR [user id: ] Telegram server says - Bad Request: there is no media in the message to edit[0m
[38;5;87m[2024-11-10 18:23:22,140] BOT: ERROR [user id: ] Telegram server says - Bad Request: there is no media in the message to edit[0m
[38;5;87m[2024-11-10 18:23:22,609] BOT: ERROR [user id: ] Telegram server says - Bad Request: there is no media in the message to edit[0m
[38;5;87m[2024-11-10 18:23:23,507] BOT: ERROR [user id: ] Telegram server says - Bad Request: there is no media in the message to edit[0m
[38;5;87m[2024-11-10 18:23:23,919] BOT: ERROR [user id: ] Telegram server says - Bad Request: there is no media in the message to edit[0m
[38;5;87m[2024-11-10 18:23:24,296] BOT: ERROR [user id: ] Telegram server says - Bad Request: there is no media in the message to edit[0m
[38;5;87m[2024-11-10 18:23:24,721] BOT: ERROR [user id: ] Telegram server says - Bad Request: there is no media in the message to edit[0m
[38;5;87m[2024-11-10 18:23:25,259] BOT: ERROR [user id: ] Telegram server says - Bad Request: there is no media in the message to edit[0m
[38;5;87m[2024-11-10 18:23:25,683] BOT: ERROR [user id: ] Telegram server says - Bad Request: there is no media in the message to edit[0m
[38;5;87m[2024-11-10 18:23:26,123] BOT: ERROR [user id: ] Telegram server says - Bad Request: there is no media in the message to edit[0m
[38;5;87m[2024-11-10 18:23:26,597] BOT: ERROR [user id: ] Telegram server says - Bad Request: there is no media in the message to edit[0m
[38;5;87m[2024-11-10 18:23:27,061] BOT: ERROR [user id: ] Telegram server says - Bad Request: there is no media in the message to edit[0m
[38;5;87m[2024-11-10 18:23:27,461] BOT: ERROR [user id: ] Telegram server says - Bad Request: there is no media in the message to edit[0m
[38;5;87m[2024-11-10 18:23:27,958] BOT: ERROR [user id: ] Telegram server says - Bad Request: there is no media in the message to edit[0m
[38;5;87m[2024-11-10 18:23:28,338] BOT: ERROR [user id: ] Telegram server says - Bad Request: there is no media in the message to edit[0m
[38;5;87m[2024-11-10 18:23:28,738] BOT: ERROR [user id: ] Telegram server says - Bad Request: there is no media in the message to edit[0m
[38;5;87m[2024-11-10 18:23:29,153] BOT: ERROR [user id: ] Telegram server says - Bad Request: there is no media in the message to edit[0m
[38;5;87m[2024-11-10 18:23:29,495] BOT: ERROR [user id: ] Telegram server says - Bad Request: there is no media in the message to edit[0m
[38;5;87m[2024-11-10 18:23:29,848] BOT: ERROR [user id: ] Telegram server says - Bad Request: there is no media in the message to edit[0m
[38;5;87m[2024-11-10 18:23:30,259] BOT: ERROR [user id: ] Telegram server says - Bad Request: there is no media in the message to edit[0m
[38;5;87m[2024-11-10 18:23:30,681] BOT: ERROR [user id: ] Telegram server says - Bad Request: there is no media in the message to edit[0m
[38;5;87m[2024-11-10 18:23:31,077] BOT: ERROR [user id: ] Telegram server says - Bad Request: there is no media in the message to edit[0m
[38;5;87m[2024-11-10 18:23:31,465] BOT: ERROR [user id: ] Telegram server says - Bad Request: there is no media in the message to edit[0m
