[38;5;201m[2024-11-10 17:14:10,133] MARIA: INFO [user id: ] Successfully connected to the MariaDB database[0m
[38;5;87m[2024-11-10 17:14:12,012] BOT: INFO [user id: 1357108258] USER CLICK ON ['download_video', '1080p', '⚡️', 'c4SwcdGsRhQ'][0m
[38;5;87m[2024-11-10 17:14:16,735] BOT: ERROR [user id: ] 5 validation errors for EditMessageMedia
media.InputMediaAnimation
  Input should be a valid dictionary or instance of InputMediaAnimation [type=model_type, input_value=InputMedia(media=<aiogram...        \n            '), input_type=InputMedia]
    For further information visit https://errors.pydantic.dev/2.8/v/model_type
media.InputMediaDocument
  Input should be a valid dictionary or instance of InputMediaDocument [type=model_type, input_value=InputMedia(media=<aiogram...        \n            '), input_type=InputMedia]
    For further information visit https://errors.pydantic.dev/2.8/v/model_type
media.InputMediaAudio
  Input should be a valid dictionary or instance of InputMediaAudio [type=model_type, input_value=InputMedia(media=<aiogram...        \n            '), input_type=InputMedia]
    For further information visit https://errors.pydantic.dev/2.8/v/model_type
media.InputMediaPhoto
  Input should be a valid dictionary or instance of InputMediaPhoto [type=model_type, input_value=InputMedia(media=<aiogram...        \n            '), input_type=InputMedia]
    For further information visit https://errors.pydantic.dev/2.8/v/model_type
media.InputMediaVideo
  Input should be a valid dictionary or instance of InputMediaVideo [type=model_type, input_value=InputMedia(media=<aiogram...        \n            '), input_type=InputMedia]
    For further information visit https://errors.pydantic.dev/2.8/v/model_type[0m
[38;5;87m[2024-11-10 17:14:16,862] BOT: ERROR [user id: ] 5 validation errors for EditMessageMedia
media.InputMediaAnimation
  Input should be a valid dictionary or instance of InputMediaAnimation [type=model_type, input_value=InputMedia(media=<aiogram...        \n            '), input_type=InputMedia]
    For further information visit https://errors.pydantic.dev/2.8/v/model_type
media.InputMediaDocument
  Input should be a valid dictionary or instance of InputMediaDocument [type=model_type, input_value=InputMedia(media=<aiogram...        \n            '), input_type=InputMedia]
    For further information visit https://errors.pydantic.dev/2.8/v/model_type
media.InputMediaAudio
  Input should be a valid dictionary or instance of InputMediaAudio [type=model_type, input_value=InputMedia(media=<aiogram...        \n            '), input_type=InputMedia]
    For further information visit https://errors.pydantic.dev/2.8/v/model_type
media.InputMediaPhoto
  Input should be a valid dictionary or instance of InputMediaPhoto [type=model_type, input_value=InputMedia(media=<aiogram...        \n            '), input_type=InputMedia]
    For further information visit https://errors.pydantic.dev/2.8/v/model_type
media.InputMediaVideo
  Input should be a valid dictionary or instance of InputMediaVideo [type=model_type, input_value=InputMedia(media=<aiogram...        \n            '), input_type=InputMedia]
    For further information visit https://errors.pydantic.dev/2.8/v/model_type[0m
[38;5;87m[2024-11-10 17:14:16,969] BOT: ERROR [user id: ] 5 validation errors for EditMessageMedia
media.InputMediaAnimation
  Input should be a valid dictionary or instance of InputMediaAnimation [type=model_type, input_value=InputMedia(media=<aiogram...        \n            '), input_type=InputMedia]
    For further information visit https://errors.pydantic.dev/2.8/v/model_type
media.InputMediaDocument
  Input should be a valid dictionary or instance of InputMediaDocument [type=model_type, input_value=InputMedia(media=<aiogram...        \n            '), input_type=InputMedia]
    For further information visit https://errors.pydantic.dev/2.8/v/model_type
media.InputMediaAudio
  Input should be a valid dictionary or instance of InputMediaAudio [type=model_type, input_value=InputMedia(media=<aiogram...        \n            '), input_type=InputMedia]
    For further information visit https://errors.pydantic.dev/2.8/v/model_type
media.InputMediaPhoto
  Input should be a valid dictionary or instance of InputMediaPhoto [type=model_type, input_value=InputMedia(media=<aiogram...        \n            '), input_type=InputMedia]
    For further information visit https://errors.pydantic.dev/2.8/v/model_type
media.InputMediaVideo
  Input should be a valid dictionary or instance of InputMediaVideo [type=model_type, input_value=InputMedia(media=<aiogram...        \n            '), input_type=InputMedia]
    For further information visit https://errors.pydantic.dev/2.8/v/model_type[0m
[38;5;87m[2024-11-10 17:14:17,070] BOT: ERROR [user id: ] 5 validation errors for EditMessageMedia
media.InputMediaAnimation
  Input should be a valid dictionary or instance of InputMediaAnimation [type=model_type, input_value=InputMedia(media=<aiogram...        \n            '), input_type=InputMedia]
    For further information visit https://errors.pydantic.dev/2.8/v/model_type
media.InputMediaDocument
  Input should be a valid dictionary or instance of InputMediaDocument [type=model_type, input_value=InputMedia(media=<aiogram...        \n            '), input_type=InputMedia]
    For further information visit https://errors.pydantic.dev/2.8/v/model_type
media.InputMediaAudio
  Input should be a valid dictionary or instance of InputMediaAudio [type=model_type, input_value=InputMedia(media=<aiogram...        \n            '), input_type=InputMedia]
    For further information visit https://errors.pydantic.dev/2.8/v/model_type
media.InputMediaPhoto
  Input should be a valid dictionary or instance of InputMediaPhoto [type=model_type, input_value=InputMedia(media=<aiogram...        \n            '), input_type=InputMedia]
    For further information visit https://errors.pydantic.dev/2.8/v/model_type
media.InputMediaVideo
  Input should be a valid dictionary or instance of InputMediaVideo [type=model_type, input_value=InputMedia(media=<aiogram...        \n            '), input_type=InputMedia]
    For further information visit https://errors.pydantic.dev/2.8/v/model_type[0m
[38;5;87m[2024-11-10 17:14:17,173] BOT: ERROR [user id: ] 5 validation errors for EditMessageMedia
media.InputMediaAnimation
  Input should be a valid dictionary or instance of InputMediaAnimation [type=model_type, input_value=InputMedia(media=<aiogram...        \n            '), input_type=InputMedia]
    For further information visit https://errors.pydantic.dev/2.8/v/model_type
media.InputMediaDocument
  Input should be a valid dictionary or instance of InputMediaDocument [type=model_type, input_value=InputMedia(media=<aiogram...        \n            '), input_type=InputMedia]
    For further information visit https://errors.pydantic.dev/2.8/v/model_type
media.InputMediaAudio
  Input should be a valid dictionary or instance of InputMediaAudio [type=model_type, input_value=InputMedia(media=<aiogram...        \n            '), input_type=InputMedia]
    For further information visit https://errors.pydantic.dev/2.8/v/model_type
media.InputMediaPhoto
  Input should be a valid dictionary or instance of InputMediaPhoto [type=model_type, input_value=InputMedia(media=<aiogram...        \n            '), input_type=InputMedia]
    For further information visit https://errors.pydantic.dev/2.8/v/model_type
media.InputMediaVideo
  Input should be a valid dictionary or instance of InputMediaVideo [type=model_type, input_value=InputMedia(media=<aiogram...        \n            '), input_type=InputMedia]
    For further information visit https://errors.pydantic.dev/2.8/v/model_type[0m
[38;5;87m[2024-11-10 17:14:17,275] BOT: ERROR [user id: ] 5 validation errors for EditMessageMedia
media.InputMediaAnimation
  Input should be a valid dictionary or instance of InputMediaAnimation [type=model_type, input_value=InputMedia(media=<aiogram...        \n            '), input_type=InputMedia]
    For further information visit https://errors.pydantic.dev/2.8/v/model_type
media.InputMediaDocument
  Input should be a valid dictionary or instance of InputMediaDocument [type=model_type, input_value=InputMedia(media=<aiogram...        \n            '), input_type=InputMedia]
    For further information visit https://errors.pydantic.dev/2.8/v/model_type
media.InputMediaAudio
  Input should be a valid dictionary or instance of InputMediaAudio [type=model_type, input_value=InputMedia(media=<aiogram...        \n            '), input_type=InputMedia]
    For further information visit https://errors.pydantic.dev/2.8/v/model_type
media.InputMediaPhoto
  Input should be a valid dictionary or instance of InputMediaPhoto [type=model_type, input_value=InputMedia(media=<aiogram...        \n            '), input_type=InputMedia]
    For further information visit https://errors.pydantic.dev/2.8/v/model_type
media.InputMediaVideo
  Input should be a valid dictionary or instance of InputMediaVideo [type=model_type, input_value=InputMedia(media=<aiogram...        \n            '), input_type=InputMedia]
    For further information visit https://errors.pydantic.dev/2.8/v/model_type[0m
[38;5;87m[2024-11-10 17:14:17,376] BOT: ERROR [user id: ] 5 validation errors for EditMessageMedia
media.InputMediaAnimation
  Input should be a valid dictionary or instance of InputMediaAnimation [type=model_type, input_value=InputMedia(media=<aiogram...        \n            '), input_type=InputMedia]
    For further information visit https://errors.pydantic.dev/2.8/v/model_type
media.InputMediaDocument
  Input should be a valid dictionary or instance of InputMediaDocument [type=model_type, input_value=InputMedia(media=<aiogram...        \n            '), input_type=InputMedia]
    For further information visit https://errors.pydantic.dev/2.8/v/model_type
media.InputMediaAudio
  Input should be a valid dictionary or instance of InputMediaAudio [type=model_type, input_value=InputMedia(media=<aiogram...        \n            '), input_type=InputMedia]
    For further information visit https://errors.pydantic.dev/2.8/v/model_type
media.InputMediaPhoto
  Input should be a valid dictionary or instance of InputMediaPhoto [type=model_type, input_value=InputMedia(media=<aiogram...        \n            '), input_type=InputMedia]
    For further information visit https://errors.pydantic.dev/2.8/v/model_type
media.InputMediaVideo
  Input should be a valid dictionary or instance of InputMediaVideo [type=model_type, input_value=InputMedia(media=<aiogram...        \n            '), input_type=InputMedia]
    For further information visit https://errors.pydantic.dev/2.8/v/model_type[0m
[38;5;87m[2024-11-10 17:14:17,478] BOT: ERROR [user id: ] 5 validation errors for EditMessageMedia
media.InputMediaAnimation
  Input should be a valid dictionary or instance of InputMediaAnimation [type=model_type, input_value=InputMedia(media=<aiogram...        \n            '), input_type=InputMedia]
    For further information visit https://errors.pydantic.dev/2.8/v/model_type
media.InputMediaDocument
  Input should be a valid dictionary or instance of InputMediaDocument [type=model_type, input_value=InputMedia(media=<aiogram...        \n            '), input_type=InputMedia]
    For further information visit https://errors.pydantic.dev/2.8/v/model_type
media.InputMediaAudio
  Input should be a valid dictionary or instance of InputMediaAudio [type=model_type, input_value=InputMedia(media=<aiogram...        \n            '), input_type=InputMedia]
    For further information visit https://errors.pydantic.dev/2.8/v/model_type
media.InputMediaPhoto
  Input should be a valid dictionary or instance of InputMediaPhoto [type=model_type, input_value=InputMedia(media=<aiogram...        \n            '), input_type=InputMedia]
    For further information visit https://errors.pydantic.dev/2.8/v/model_type
media.InputMediaVideo
  Input should be a valid dictionary or instance of InputMediaVideo [type=model_type, input_value=InputMedia(media=<aiogram...        \n            '), input_type=InputMedia]
    For further information visit https://errors.pydantic.dev/2.8/v/model_type[0m
[38;5;87m[2024-11-10 17:14:17,580] BOT: ERROR [user id: ] 5 validation errors for EditMessageMedia
media.InputMediaAnimation
  Input should be a valid dictionary or instance of InputMediaAnimation [type=model_type, input_value=InputMedia(media=<aiogram...        \n            '), input_type=InputMedia]
    For further information visit https://errors.pydantic.dev/2.8/v/model_type
media.InputMediaDocument
  Input should be a valid dictionary or instance of InputMediaDocument [type=model_type, input_value=InputMedia(media=<aiogram...        \n            '), input_type=InputMedia]
    For further information visit https://errors.pydantic.dev/2.8/v/model_type
media.InputMediaAudio
  Input should be a valid dictionary or instance of InputMediaAudio [type=model_type, input_value=InputMedia(media=<aiogram...        \n            '), input_type=InputMedia]
    For further information visit https://errors.pydantic.dev/2.8/v/model_type
media.InputMediaPhoto
  Input should be a valid dictionary or instance of InputMediaPhoto [type=model_type, input_value=InputMedia(media=<aiogram...        \n            '), input_type=InputMedia]
    For further information visit https://errors.pydantic.dev/2.8/v/model_type
media.InputMediaVideo
  Input should be a valid dictionary or instance of InputMediaVideo [type=model_type, input_value=InputMedia(media=<aiogram...        \n            '), input_type=InputMedia]
    For further information visit https://errors.pydantic.dev/2.8/v/model_type[0m
[38;5;87m[2024-11-10 17:14:17,682] BOT: ERROR [user id: ] 5 validation errors for EditMessageMedia
media.InputMediaAnimation
  Input should be a valid dictionary or instance of InputMediaAnimation [type=model_type, input_value=InputMedia(media=<aiogram...        \n            '), input_type=InputMedia]
    For further information visit https://errors.pydantic.dev/2.8/v/model_type
media.InputMediaDocument
  Input should be a valid dictionary or instance of InputMediaDocument [type=model_type, input_value=InputMedia(media=<aiogram...        \n            '), input_type=InputMedia]
    For further information visit https://errors.pydantic.dev/2.8/v/model_type
media.InputMediaAudio
  Input should be a valid dictionary or instance of InputMediaAudio [type=model_type, input_value=InputMedia(media=<aiogram...        \n            '), input_type=InputMedia]
    For further information visit https://errors.pydantic.dev/2.8/v/model_type
media.InputMediaPhoto
  Input should be a valid dictionary or instance of InputMediaPhoto [type=model_type, input_value=InputMedia(media=<aiogram...        \n            '), input_type=InputMedia]
    For further information visit https://errors.pydantic.dev/2.8/v/model_type
media.InputMediaVideo
  Input should be a valid dictionary or instance of InputMediaVideo [type=model_type, input_value=InputMedia(media=<aiogram...        \n            '), input_type=InputMedia]
    For further information visit https://errors.pydantic.dev/2.8/v/model_type[0m
[38;5;87m[2024-11-10 17:14:17,783] BOT: ERROR [user id: ] 5 validation errors for EditMessageMedia
media.InputMediaAnimation
  Input should be a valid dictionary or instance of InputMediaAnimation [type=model_type, input_value=InputMedia(media=<aiogram...        \n            '), input_type=InputMedia]
    For further information visit https://errors.pydantic.dev/2.8/v/model_type
media.InputMediaDocument
  Input should be a valid dictionary or instance of InputMediaDocument [type=model_type, input_value=InputMedia(media=<aiogram...        \n            '), input_type=InputMedia]
    For further information visit https://errors.pydantic.dev/2.8/v/model_type
media.InputMediaAudio
  Input should be a valid dictionary or instance of InputMediaAudio [type=model_type, input_value=InputMedia(media=<aiogram...        \n            '), input_type=InputMedia]
    For further information visit https://errors.pydantic.dev/2.8/v/model_type
media.InputMediaPhoto
  Input should be a valid dictionary or instance of InputMediaPhoto [type=model_type, input_value=InputMedia(media=<aiogram...        \n            '), input_type=InputMedia]
    For further information visit https://errors.pydantic.dev/2.8/v/model_type
media.InputMediaVideo
  Input should be a valid dictionary or instance of InputMediaVideo [type=model_type, input_value=InputMedia(media=<aiogram...        \n            '), input_type=InputMedia]
    For further information visit https://errors.pydantic.dev/2.8/v/model_type[0m
[38;5;87m[2024-11-10 17:14:17,885] BOT: ERROR [user id: ] 5 validation errors for EditMessageMedia
media.InputMediaAnimation
  Input should be a valid dictionary or instance of InputMediaAnimation [type=model_type, input_value=InputMedia(media=<aiogram...        \n            '), input_type=InputMedia]
    For further information visit https://errors.pydantic.dev/2.8/v/model_type
media.InputMediaDocument
  Input should be a valid dictionary or instance of InputMediaDocument [type=model_type, input_value=InputMedia(media=<aiogram...        \n            '), input_type=InputMedia]
    For further information visit https://errors.pydantic.dev/2.8/v/model_type
media.InputMediaAudio
  Input should be a valid dictionary or instance of InputMediaAudio [type=model_type, input_value=InputMedia(media=<aiogram...        \n            '), input_type=InputMedia]
    For further information visit https://errors.pydantic.dev/2.8/v/model_type
media.InputMediaPhoto
  Input should be a valid dictionary or instance of InputMediaPhoto [type=model_type, input_value=InputMedia(media=<aiogram...        \n            '), input_type=InputMedia]
    For further information visit https://errors.pydantic.dev/2.8/v/model_type
media.InputMediaVideo
  Input should be a valid dictionary or instance of InputMediaVideo [type=model_type, input_value=InputMedia(media=<aiogram...        \n            '), input_type=InputMedia]
    For further information visit https://errors.pydantic.dev/2.8/v/model_type[0m
[38;5;87m[2024-11-10 17:14:17,988] BOT: ERROR [user id: ] 5 validation errors for EditMessageMedia
media.InputMediaAnimation
  Input should be a valid dictionary or instance of InputMediaAnimation [type=model_type, input_value=InputMedia(media=<aiogram...        \n            '), input_type=InputMedia]
    For further information visit https://errors.pydantic.dev/2.8/v/model_type
media.InputMediaDocument
  Input should be a valid dictionary or instance of InputMediaDocument [type=model_type, input_value=InputMedia(media=<aiogram...        \n            '), input_type=InputMedia]
    For further information visit https://errors.pydantic.dev/2.8/v/model_type
media.InputMediaAudio
  Input should be a valid dictionary or instance of InputMediaAudio [type=model_type, input_value=InputMedia(media=<aiogram...        \n            '), input_type=InputMedia]
    For further information visit https://errors.pydantic.dev/2.8/v/model_type
media.InputMediaPhoto
  Input should be a valid dictionary or instance of InputMediaPhoto [type=model_type, input_value=InputMedia(media=<aiogram...        \n            '), input_type=InputMedia]
    For further information visit https://errors.pydantic.dev/2.8/v/model_type
media.InputMediaVideo
  Input should be a valid dictionary or instance of InputMediaVideo [type=model_type, input_value=InputMedia(media=<aiogram...        \n            '), input_type=InputMedia]
    For further information visit https://errors.pydantic.dev/2.8/v/model_type[0m
[38;5;87m[2024-11-10 17:14:18,090] BOT: ERROR [user id: ] 5 validation errors for EditMessageMedia
media.InputMediaAnimation
  Input should be a valid dictionary or instance of InputMediaAnimation [type=model_type, input_value=InputMedia(media=<aiogram...        \n            '), input_type=InputMedia]
    For further information visit https://errors.pydantic.dev/2.8/v/model_type
media.InputMediaDocument
  Input should be a valid dictionary or instance of InputMediaDocument [type=model_type, input_value=InputMedia(media=<aiogram...        \n            '), input_type=InputMedia]
    For further information visit https://errors.pydantic.dev/2.8/v/model_type
media.InputMediaAudio
  Input should be a valid dictionary or instance of InputMediaAudio [type=model_type, input_value=InputMedia(media=<aiogram...        \n            '), input_type=InputMedia]
    For further information visit https://errors.pydantic.dev/2.8/v/model_type
media.InputMediaPhoto
  Input should be a valid dictionary or instance of InputMediaPhoto [type=model_type, input_value=InputMedia(media=<aiogram...        \n            '), input_type=InputMedia]
    For further information visit https://errors.pydantic.dev/2.8/v/model_type
media.InputMediaVideo
  Input should be a valid dictionary or instance of InputMediaVideo [type=model_type, input_value=InputMedia(media=<aiogram...        \n            '), input_type=InputMedia]
    For further information visit https://errors.pydantic.dev/2.8/v/model_type[0m
[38;5;87m[2024-11-10 17:14:18,191] BOT: ERROR [user id: ] 5 validation errors for EditMessageMedia
media.InputMediaAnimation
  Input should be a valid dictionary or instance of InputMediaAnimation [type=model_type, input_value=InputMedia(media=<aiogram...        \n            '), input_type=InputMedia]
    For further information visit https://errors.pydantic.dev/2.8/v/model_type
media.InputMediaDocument
  Input should be a valid dictionary or instance of InputMediaDocument [type=model_type, input_value=InputMedia(media=<aiogram...        \n            '), input_type=InputMedia]
    For further information visit https://errors.pydantic.dev/2.8/v/model_type
media.InputMediaAudio
  Input should be a valid dictionary or instance of InputMediaAudio [type=model_type, input_value=InputMedia(media=<aiogram...        \n            '), input_type=InputMedia]
    For further information visit https://errors.pydantic.dev/2.8/v/model_type
media.InputMediaPhoto
  Input should be a valid dictionary or instance of InputMediaPhoto [type=model_type, input_value=InputMedia(media=<aiogram...        \n            '), input_type=InputMedia]
    For further information visit https://errors.pydantic.dev/2.8/v/model_type
media.InputMediaVideo
  Input should be a valid dictionary or instance of InputMediaVideo [type=model_type, input_value=InputMedia(media=<aiogram...        \n            '), input_type=InputMedia]
    For further information visit https://errors.pydantic.dev/2.8/v/model_type[0m
[38;5;87m[2024-11-10 17:14:18,293] BOT: ERROR [user id: ] 5 validation errors for EditMessageMedia
media.InputMediaAnimation
  Input should be a valid dictionary or instance of InputMediaAnimation [type=model_type, input_value=InputMedia(media=<aiogram...        \n            '), input_type=InputMedia]
    For further information visit https://errors.pydantic.dev/2.8/v/model_type
media.InputMediaDocument
  Input should be a valid dictionary or instance of InputMediaDocument [type=model_type, input_value=InputMedia(media=<aiogram...        \n            '), input_type=InputMedia]
    For further information visit https://errors.pydantic.dev/2.8/v/model_type
media.InputMediaAudio
  Input should be a valid dictionary or instance of InputMediaAudio [type=model_type, input_value=InputMedia(media=<aiogram...        \n            '), input_type=InputMedia]
    For further information visit https://errors.pydantic.dev/2.8/v/model_type
media.InputMediaPhoto
  Input should be a valid dictionary or instance of InputMediaPhoto [type=model_type, input_value=InputMedia(media=<aiogram...        \n            '), input_type=InputMedia]
    For further information visit https://errors.pydantic.dev/2.8/v/model_type
media.InputMediaVideo
  Input should be a valid dictionary or instance of InputMediaVideo [type=model_type, input_value=InputMedia(media=<aiogram...        \n            '), input_type=InputMedia]
    For further information visit https://errors.pydantic.dev/2.8/v/model_type[0m
[38;5;87m[2024-11-10 17:14:18,395] BOT: ERROR [user id: ] 5 validation errors for EditMessageMedia
media.InputMediaAnimation
  Input should be a valid dictionary or instance of InputMediaAnimation [type=model_type, input_value=InputMedia(media=<aiogram...        \n            '), input_type=InputMedia]
    For further information visit https://errors.pydantic.dev/2.8/v/model_type
media.InputMediaDocument
  Input should be a valid dictionary or instance of InputMediaDocument [type=model_type, input_value=InputMedia(media=<aiogram...        \n            '), input_type=InputMedia]
    For further information visit https://errors.pydantic.dev/2.8/v/model_type
media.InputMediaAudio
  Input should be a valid dictionary or instance of InputMediaAudio [type=model_type, input_value=InputMedia(media=<aiogram...        \n            '), input_type=InputMedia]
    For further information visit https://errors.pydantic.dev/2.8/v/model_type
media.InputMediaPhoto
  Input should be a valid dictionary or instance of InputMediaPhoto [type=model_type, input_value=InputMedia(media=<aiogram...        \n            '), input_type=InputMedia]
    For further information visit https://errors.pydantic.dev/2.8/v/model_type
media.InputMediaVideo
  Input should be a valid dictionary or instance of InputMediaVideo [type=model_type, input_value=InputMedia(media=<aiogram...        \n            '), input_type=InputMedia]
    For further information visit https://errors.pydantic.dev/2.8/v/model_type[0m
[38;5;87m[2024-11-10 17:14:18,500] BOT: ERROR [user id: ] 5 validation errors for EditMessageMedia
media.InputMediaAnimation
  Input should be a valid dictionary or instance of InputMediaAnimation [type=model_type, input_value=InputMedia(media=<aiogram...        \n            '), input_type=InputMedia]
    For further information visit https://errors.pydantic.dev/2.8/v/model_type
media.InputMediaDocument
  Input should be a valid dictionary or instance of InputMediaDocument [type=model_type, input_value=InputMedia(media=<aiogram...        \n            '), input_type=InputMedia]
    For further information visit https://errors.pydantic.dev/2.8/v/model_type
media.InputMediaAudio
  Input should be a valid dictionary or instance of InputMediaAudio [type=model_type, input_value=InputMedia(media=<aiogram...        \n            '), input_type=InputMedia]
    For further information visit https://errors.pydantic.dev/2.8/v/model_type
media.InputMediaPhoto
  Input should be a valid dictionary or instance of InputMediaPhoto [type=model_type, input_value=InputMedia(media=<aiogram...        \n            '), input_type=InputMedia]
    For further information visit https://errors.pydantic.dev/2.8/v/model_type
media.InputMediaVideo
  Input should be a valid dictionary or instance of InputMediaVideo [type=model_type, input_value=InputMedia(media=<aiogram...        \n            '), input_type=InputMedia]
    For further information visit https://errors.pydantic.dev/2.8/v/model_type[0m
[38;5;87m[2024-11-10 17:14:18,601] BOT: ERROR [user id: ] 5 validation errors for EditMessageMedia
media.InputMediaAnimation
  Input should be a valid dictionary or instance of InputMediaAnimation [type=model_type, input_value=InputMedia(media=<aiogram...        \n            '), input_type=InputMedia]
    For further information visit https://errors.pydantic.dev/2.8/v/model_type
media.InputMediaDocument
  Input should be a valid dictionary or instance of InputMediaDocument [type=model_type, input_value=InputMedia(media=<aiogram...        \n            '), input_type=InputMedia]
    For further information visit https://errors.pydantic.dev/2.8/v/model_type
media.InputMediaAudio
  Input should be a valid dictionary or instance of InputMediaAudio [type=model_type, input_value=InputMedia(media=<aiogram...        \n            '), input_type=InputMedia]
    For further information visit https://errors.pydantic.dev/2.8/v/model_type
media.InputMediaPhoto
  Input should be a valid dictionary or instance of InputMediaPhoto [type=model_type, input_value=InputMedia(media=<aiogram...        \n            '), input_type=InputMedia]
    For further information visit https://errors.pydantic.dev/2.8/v/model_type
media.InputMediaVideo
  Input should be a valid dictionary or instance of InputMediaVideo [type=model_type, input_value=InputMedia(media=<aiogram...        \n            '), input_type=InputMedia]
    For further information visit https://errors.pydantic.dev/2.8/v/model_type[0m
[38;5;87m[2024-11-10 17:14:18,703] BOT: ERROR [user id: ] 5 validation errors for EditMessageMedia
media.InputMediaAnimation
  Input should be a valid dictionary or instance of InputMediaAnimation [type=model_type, input_value=InputMedia(media=<aiogram...        \n            '), input_type=InputMedia]
    For further information visit https://errors.pydantic.dev/2.8/v/model_type
media.InputMediaDocument
  Input should be a valid dictionary or instance of InputMediaDocument [type=model_type, input_value=InputMedia(media=<aiogram...        \n            '), input_type=InputMedia]
    For further information visit https://errors.pydantic.dev/2.8/v/model_type
media.InputMediaAudio
  Input should be a valid dictionary or instance of InputMediaAudio [type=model_type, input_value=InputMedia(media=<aiogram...        \n            '), input_type=InputMedia]
    For further information visit https://errors.pydantic.dev/2.8/v/model_type
media.InputMediaPhoto
  Input should be a valid dictionary or instance of InputMediaPhoto [type=model_type, input_value=InputMedia(media=<aiogram...        \n            '), input_type=InputMedia]
    For further information visit https://errors.pydantic.dev/2.8/v/model_type
media.InputMediaVideo
  Input should be a valid dictionary or instance of InputMediaVideo [type=model_type, input_value=InputMedia(media=<aiogram...        \n            '), input_type=InputMedia]
    For further information visit https://errors.pydantic.dev/2.8/v/model_type[0m
[38;5;87m[2024-11-10 17:14:18,805] BOT: ERROR [user id: ] 5 validation errors for EditMessageMedia
media.InputMediaAnimation
  Input should be a valid dictionary or instance of InputMediaAnimation [type=model_type, input_value=InputMedia(media=<aiogram...        \n            '), input_type=InputMedia]
    For further information visit https://errors.pydantic.dev/2.8/v/model_type
media.InputMediaDocument
  Input should be a valid dictionary or instance of InputMediaDocument [type=model_type, input_value=InputMedia(media=<aiogram...        \n            '), input_type=InputMedia]
    For further information visit https://errors.pydantic.dev/2.8/v/model_type
media.InputMediaAudio
  Input should be a valid dictionary or instance of InputMediaAudio [type=model_type, input_value=InputMedia(media=<aiogram...        \n            '), input_type=InputMedia]
    For further information visit https://errors.pydantic.dev/2.8/v/model_type
media.InputMediaPhoto
  Input should be a valid dictionary or instance of InputMediaPhoto [type=model_type, input_value=InputMedia(media=<aiogram...        \n            '), input_type=InputMedia]
    For further information visit https://errors.pydantic.dev/2.8/v/model_type
media.InputMediaVideo
  Input should be a valid dictionary or instance of InputMediaVideo [type=model_type, input_value=InputMedia(media=<aiogram...        \n            '), input_type=InputMedia]
    For further information visit https://errors.pydantic.dev/2.8/v/model_type[0m
