[38;5;201m[2024-12-25 03:25:33,453] MARIA: INFO [user id: ] Successfully connected to the MariaDB database[0m
[38;5;87m[2024-12-25 03:26:38,665] BOT: INFO [user id: 1357108258] ADMIN CLICK ON sharing[0m
[38;5;87m[2024-12-25 03:26:48,197] BOT: INFO [user id: 1357108258] USER SEND TEXT: ds[0m
[38;5;87m[2024-12-25 03:26:48,814] BOT: INFO [user id: 1357108258] USER SEND TEXT: None[0m
[38;5;87m[2024-12-25 03:26:54,961] BOT: INFO [user id: 1357108258] USER SEND TEXT: 1 :|: https://www.instagram.com/stories/tevadiavel/3518430750831639277[0m
[38;5;87m[2024-12-25 03:26:58,068] BOT: INFO [user id: 1357108258] USER SEND TEXT: 1 :|: https://www.instagram.com/stories/tevadiavel/3518430750831639277[0m
[38;5;87m[2024-12-25 03:27:02,217] BOT: INFO [user id: 1357108258] USER SEND TEXT: 2 :|: https://www.instagram.com/stories/tevadiavel/3518430750831639277[0m
[38;5;87m[2024-12-25 03:27:05,665] BOT: INFO [user id: 1357108258] USER SEND TEXT: /next[0m
[38;5;201m[2024-12-25 03:27:06,369] MARIA: INFO [user id: ] create new patron[0m
[38;5;87m[2024-12-25 03:27:39,959] BOT: INFO [user id: 1357108258] ADMIN CLICK ON clear_state[0m
[38;5;87m[2024-12-25 03:27:42,740] BOT: INFO [user id: 1357108258] ADMIN CLICK ON sharing[0m
[38;5;87m[2024-12-25 03:27:48,860] BOT: INFO [user id: 1357108258] USER SEND TEXT: None[0m
[38;5;87m[2024-12-25 03:27:51,691] BOT: INFO [user id: 1357108258] USER SEND TEXT: 1 :|: https://www.instagram.com/stories/tevadiavel/3518430750831639277[0m
[38;5;87m[2024-12-25 03:27:55,816] BOT: INFO [user id: 1357108258] USER SEND TEXT: 2 :|: https://www.instagram.com/stories/tevadiavel/3518430750831639277[0m
[38;5;87m[2024-12-25 03:27:58,757] BOT: INFO [user id: 1357108258] USER SEND TEXT: /next[0m
[38;5;201m[2024-12-25 03:27:59,465] MARIA: INFO [user id: ] create new patron[0m
[38;5;87m[2024-12-25 03:28:36,334] BOT: INFO [user id: 1357108258] USER SEND TEXT: https://www.youtube.com/watch?v=pYymRbfjKv8[0m
[38;5;87m[2024-12-25 03:28:43,581] BOT: INFO [user id: 1357108258] USER CLICK ON download_image pYymRbfjKv8[0m
[38;5;87m[2024-12-25 03:28:48,248] BOT: INFO [user id: 1357108258] USER CLICK ON download_image pYymRbfjKv8[0m
[38;5;87m[2024-12-25 03:28:53,311] BOT: INFO [user id: 1357108258] USER CLICK ON download_image pYymRbfjKv8[0m
[38;5;87m[2024-12-25 03:28:58,770] BOT: INFO [user id: 1357108258] USER CLICK ON download_image pYymRbfjKv8[0m
[38;5;87m[2024-12-25 03:29:06,740] BOT: INFO [user id: 1357108258] USER CLICK ON download_image pYymRbfjKv8[0m
