[38;5;201m[2024-11-14 17:58:24,804] MARIA: INFO [user id: ] Successfully connected to the MariaDB database[0m
[38;5;87m[2024-11-14 17:58:30,346] BOT: INFO [user id: 1357108258] USER SEND TEXT: /language[0m
[38;5;87m[2024-11-14 17:58:33,494] BOT: INFO [user id: 1357108258] USER CLICK ON ['change_language', 'hy', 'Հայերեն'][0m
[38;5;87m[2024-11-14 17:58:33,494] BOT: INFO [user id: 1357108258] USER CLICK ON ['change_language', 'hy', 'Հայերեն'][0m
[38;5;87m[2024-11-14 17:58:33,495] BOT: INFO [user id: 1357108258] USER CLICK ON ['change_language', 'hy', 'Հայերեն'][0m
[38;5;87m[2024-11-14 17:58:33,495] BOT: INFO [user id: 1357108258] USER CLICK ON ['change_language', 'hy', 'Հայերեն'][0m
[38;5;87m[2024-11-14 17:58:33,495] BOT: INFO [user id: 1357108258] USER CLICK ON ['change_language', 'hy', 'Հայերեն'][0m
[38;5;87m[2024-11-14 17:58:33,495] BOT: INFO [user id: 1357108258] USER CLICK ON ['change_language', 'hy', 'Հայերեն'][0m
[38;5;87m[2024-11-14 17:58:33,495] BOT: INFO [user id: 1357108258] USER CLICK ON ['change_language', 'hy', 'Հայերեն'][0m
[38;5;87m[2024-11-14 17:58:33,495] BOT: INFO [user id: 1357108258] USER CLICK ON ['change_language', 'hy', 'Հայերեն'][0m
[38;5;87m[2024-11-14 17:58:33,495] BOT: INFO [user id: 1357108258] USER CLICK ON ['change_language', 'hy', 'Հայերեն'][0m
[38;5;87m[2024-11-14 17:58:33,495] BOT: INFO [user id: 1357108258] USER CLICK ON ['change_language', 'hy', 'Հայերեն'][0m
[38;5;87m[2024-11-14 17:58:33,495] BOT: INFO [user id: 1357108258] USER CLICK ON ['change_language', 'hy', 'Հայերեն'][0m
[38;5;87m[2024-11-14 17:58:33,495] BOT: INFO [user id: 1357108258] USER CLICK ON ['change_language', 'hy', 'Հայերեն'][0m
[38;5;87m[2024-11-14 17:58:33,495] BOT: INFO [user id: 1357108258] USER CLICK ON ['change_language', 'hy', 'Հայերեն'][0m
[38;5;87m[2024-11-14 17:58:33,495] BOT: INFO [user id: 1357108258] USER CLICK ON ['change_language', 'hy', 'Հայերեն'][0m
[38;5;87m[2024-11-14 17:58:33,496] BOT: INFO [user id: 1357108258] USER CLICK ON ['change_language', 'hy', 'Հայերեն'][0m
[38;5;87m[2024-11-14 17:58:33,496] BOT: INFO [user id: 1357108258] USER CLICK ON ['change_language', 'hy', 'Հայերեն'][0m
[38;5;87m[2024-11-14 17:58:33,496] BOT: INFO [user id: 1357108258] USER CLICK ON ['change_language', 'hy', 'Հայերեն'][0m
[38;5;87m[2024-11-14 17:58:33,496] BOT: INFO [user id: 1357108258] USER CLICK ON ['change_language', 'hy', 'Հայերեն'][0m
[38;5;87m[2024-11-14 17:58:33,496] BOT: INFO [user id: 1357108258] USER CLICK ON ['change_language', 'hy', 'Հայերեն'][0m
[38;5;87m[2024-11-14 17:58:33,496] BOT: INFO [user id: 1357108258] USER CLICK ON ['change_language', 'hy', 'Հայերեն'][0m
[38;5;87m[2024-11-14 17:58:33,496] BOT: INFO [user id: 1357108258] USER CLICK ON ['change_language', 'hy', 'Հայերեն'][0m
[38;5;87m[2024-11-14 17:58:33,497] BOT: INFO [user id: 1357108258] USER CLICK ON ['change_language', 'hy', 'Հայերեն'][0m
[38;5;87m[2024-11-14 17:58:33,497] BOT: INFO [user id: 1357108258] USER CLICK ON ['change_language', 'hy', 'Հայերեն'][0m
[38;5;87m[2024-11-14 17:58:33,497] BOT: INFO [user id: 1357108258] USER CLICK ON ['change_language', 'hy', 'Հայերեն'][0m
[38;5;87m[2024-11-14 17:58:33,497] BOT: INFO [user id: 1357108258] USER CLICK ON ['change_language', 'hy', 'Հայերեն'][0m
[38;5;87m[2024-11-14 17:58:33,497] BOT: INFO [user id: 1357108258] USER CLICK ON ['change_language', 'hy', 'Հայերեն'][0m
[38;5;87m[2024-11-14 17:58:33,497] BOT: INFO [user id: 1357108258] USER CLICK ON ['change_language', 'hy', 'Հայերեն'][0m
[38;5;87m[2024-11-14 17:58:49,875] BOT: INFO [user id: 1357108258] USER SEND TEXT: https://www.youtube.com/watch?v=XBleNfmkScA[0m
[38;5;87m[2024-11-14 17:59:03,052] BOT: INFO [user id: 1357108258] USER CLICK ON ['download_mp3', 'XBleNfmkScA'][0m
[38;5;87m[2024-11-14 17:59:03,053] BOT: INFO [user id: 1357108258] USER CLICK ON ['download_mp3', 'XBleNfmkScA'][0m
[38;5;87m[2024-11-14 17:59:11,626] BOT: ERROR [user id: ] Telegram server says - Bad Request: message is not modified: specified new message content and reply markup are exactly the same as a current content and reply markup of the message[0m
[38;5;87m[2024-11-14 17:59:11,865] BOT: ERROR [user id: ] Telegram server says - Bad Request: message is not modified: specified new message content and reply markup are exactly the same as a current content and reply markup of the message[0m
[38;5;87m[2024-11-14 17:59:12,113] BOT: ERROR [user id: ] Telegram server says - Bad Request: message is not modified: specified new message content and reply markup are exactly the same as a current content and reply markup of the message[0m
[38;5;87m[2024-11-14 17:59:12,580] BOT: ERROR [user id: ] Telegram server says - Bad Request: message is not modified: specified new message content and reply markup are exactly the same as a current content and reply markup of the message[0m
[38;5;87m[2024-11-14 17:59:12,850] BOT: ERROR [user id: ] Telegram server says - Bad Request: message is not modified: specified new message content and reply markup are exactly the same as a current content and reply markup of the message[0m
[38;5;87m[2024-11-14 17:59:13,151] BOT: ERROR [user id: ] Telegram server says - Bad Request: message is not modified: specified new message content and reply markup are exactly the same as a current content and reply markup of the message[0m
[38;5;87m[2024-11-14 17:59:13,452] BOT: ERROR [user id: ] Telegram server says - Bad Request: message is not modified: specified new message content and reply markup are exactly the same as a current content and reply markup of the message[0m
