[38;5;201m[2024-11-14 07:50:17,884] MARIA: INFO [user id: ] Successfully connected to the MariaDB database[0m
[38;5;87m[2024-11-14 07:50:22,740] BOT: INFO [user id: 1357108258] USER SEND TEXT: https://www.youtube.com/watch?v=XBleNfmkScA[0m
[38;5;87m[2024-11-14 07:50:31,106] BOT: INFO [user id: 1357108258] USER CLICK ON ['download_video', '1080p', '⚡️', 'XBleNfmkScA'][0m
[38;5;87m[2024-11-14 07:50:31,107] BOT: INFO [user id: 1357108258] USER CLICK ON ['download_video', '1080p', '⚡️', 'XBleNfmkScA'][0m
[38;5;87m[2024-11-14 07:50:38,208] BOT: ERROR [user id: ] Telegram server says - Flood control exceeded on method 'EditMessageMedia' in chat 1357108258. Retry in 230 seconds.
Original description: Too Many Requests: retry after 230
(background on this error at: https://core.telegram.org/bots/faq#my-bot-is-hitting-limits-how-do-i-avoid-this)[0m
[38;5;87m[2024-11-14 07:50:38,443] BOT: ERROR [user id: ] Telegram server says - Flood control exceeded on method 'EditMessageMedia' in chat 1357108258. Retry in 230 seconds.
Original description: Too Many Requests: retry after 230
(background on this error at: https://core.telegram.org/bots/faq#my-bot-is-hitting-limits-how-do-i-avoid-this)[0m
[38;5;87m[2024-11-14 07:50:38,674] BOT: ERROR [user id: ] Telegram server says - Flood control exceeded on method 'EditMessageMedia' in chat 1357108258. Retry in 230 seconds.
Original description: Too Many Requests: retry after 230
(background on this error at: https://core.telegram.org/bots/faq#my-bot-is-hitting-limits-how-do-i-avoid-this)[0m
[38;5;87m[2024-11-14 07:50:38,909] BOT: ERROR [user id: ] Telegram server says - Flood control exceeded on method 'EditMessageMedia' in chat 1357108258. Retry in 230 seconds.
Original description: Too Many Requests: retry after 230
(background on this error at: https://core.telegram.org/bots/faq#my-bot-is-hitting-limits-how-do-i-avoid-this)[0m
[38;5;87m[2024-11-14 07:50:39,156] BOT: ERROR [user id: ] Telegram server says - Flood control exceeded on method 'EditMessageMedia' in chat 1357108258. Retry in 229 seconds.
Original description: Too Many Requests: retry after 229
(background on this error at: https://core.telegram.org/bots/faq#my-bot-is-hitting-limits-how-do-i-avoid-this)[0m
[38;5;87m[2024-11-14 07:50:39,391] BOT: ERROR [user id: ] Telegram server says - Flood control exceeded on method 'EditMessageMedia' in chat 1357108258. Retry in 229 seconds.
Original description: Too Many Requests: retry after 229
(background on this error at: https://core.telegram.org/bots/faq#my-bot-is-hitting-limits-how-do-i-avoid-this)[0m
[38;5;87m[2024-11-14 07:50:39,627] BOT: ERROR [user id: ] Telegram server says - Flood control exceeded on method 'EditMessageMedia' in chat 1357108258. Retry in 229 seconds.
Original description: Too Many Requests: retry after 229
(background on this error at: https://core.telegram.org/bots/faq#my-bot-is-hitting-limits-how-do-i-avoid-this)[0m
[38;5;87m[2024-11-14 07:50:39,856] BOT: ERROR [user id: ] Telegram server says - Flood control exceeded on method 'EditMessageMedia' in chat 1357108258. Retry in 229 seconds.
Original description: Too Many Requests: retry after 229
(background on this error at: https://core.telegram.org/bots/faq#my-bot-is-hitting-limits-how-do-i-avoid-this)[0m
[38;5;87m[2024-11-14 07:50:40,093] BOT: ERROR [user id: ] Telegram server says - Flood control exceeded on method 'EditMessageMedia' in chat 1357108258. Retry in 228 seconds.
Original description: Too Many Requests: retry after 228
(background on this error at: https://core.telegram.org/bots/faq#my-bot-is-hitting-limits-how-do-i-avoid-this)[0m
[38;5;87m[2024-11-14 07:50:40,322] BOT: ERROR [user id: ] Telegram server says - Flood control exceeded on method 'EditMessageMedia' in chat 1357108258. Retry in 228 seconds.
Original description: Too Many Requests: retry after 228
(background on this error at: https://core.telegram.org/bots/faq#my-bot-is-hitting-limits-how-do-i-avoid-this)[0m
[38;5;87m[2024-11-14 07:50:40,559] BOT: ERROR [user id: ] Telegram server says - Flood control exceeded on method 'EditMessageMedia' in chat 1357108258. Retry in 228 seconds.
Original description: Too Many Requests: retry after 228
(background on this error at: https://core.telegram.org/bots/faq#my-bot-is-hitting-limits-how-do-i-avoid-this)[0m
[38;5;87m[2024-11-14 07:50:40,790] BOT: ERROR [user id: ] Telegram server says - Flood control exceeded on method 'EditMessageMedia' in chat 1357108258. Retry in 228 seconds.
Original description: Too Many Requests: retry after 228
(background on this error at: https://core.telegram.org/bots/faq#my-bot-is-hitting-limits-how-do-i-avoid-this)[0m
[38;5;87m[2024-11-14 07:50:41,022] BOT: ERROR [user id: ] Telegram server says - Flood control exceeded on method 'EditMessageMedia' in chat 1357108258. Retry in 227 seconds.
Original description: Too Many Requests: retry after 227
(background on this error at: https://core.telegram.org/bots/faq#my-bot-is-hitting-limits-how-do-i-avoid-this)[0m
[38;5;87m[2024-11-14 07:50:41,247] BOT: ERROR [user id: ] Telegram server says - Flood control exceeded on method 'EditMessageMedia' in chat 1357108258. Retry in 227 seconds.
Original description: Too Many Requests: retry after 227
(background on this error at: https://core.telegram.org/bots/faq#my-bot-is-hitting-limits-how-do-i-avoid-this)[0m
[38;5;87m[2024-11-14 07:50:41,484] BOT: ERROR [user id: ] Telegram server says - Flood control exceeded on method 'EditMessageMedia' in chat 1357108258. Retry in 227 seconds.
Original description: Too Many Requests: retry after 227
(background on this error at: https://core.telegram.org/bots/faq#my-bot-is-hitting-limits-how-do-i-avoid-this)[0m
[38;5;87m[2024-11-14 07:50:41,727] BOT: ERROR [user id: ] Telegram server says - Flood control exceeded on method 'EditMessageMedia' in chat 1357108258. Retry in 227 seconds.
Original description: Too Many Requests: retry after 227
(background on this error at: https://core.telegram.org/bots/faq#my-bot-is-hitting-limits-how-do-i-avoid-this)[0m
[38;5;87m[2024-11-14 07:50:41,970] BOT: ERROR [user id: ] Telegram server says - Flood control exceeded on method 'EditMessageMedia' in chat 1357108258. Retry in 226 seconds.
Original description: Too Many Requests: retry after 226
(background on this error at: https://core.telegram.org/bots/faq#my-bot-is-hitting-limits-how-do-i-avoid-this)[0m
[38;5;87m[2024-11-14 07:50:42,204] BOT: ERROR [user id: ] Telegram server says - Flood control exceeded on method 'EditMessageMedia' in chat 1357108258. Retry in 226 seconds.
Original description: Too Many Requests: retry after 226
(background on this error at: https://core.telegram.org/bots/faq#my-bot-is-hitting-limits-how-do-i-avoid-this)[0m
[38;5;87m[2024-11-14 07:50:42,443] BOT: ERROR [user id: ] Telegram server says - Flood control exceeded on method 'EditMessageMedia' in chat 1357108258. Retry in 226 seconds.
Original description: Too Many Requests: retry after 226
(background on this error at: https://core.telegram.org/bots/faq#my-bot-is-hitting-limits-how-do-i-avoid-this)[0m
[38;5;87m[2024-11-14 07:50:42,673] BOT: ERROR [user id: ] Telegram server says - Flood control exceeded on method 'EditMessageMedia' in chat 1357108258. Retry in 226 seconds.
Original description: Too Many Requests: retry after 226
(background on this error at: https://core.telegram.org/bots/faq#my-bot-is-hitting-limits-how-do-i-avoid-this)[0m
[38;5;87m[2024-11-14 07:50:42,944] BOT: ERROR [user id: ] Telegram server says - Flood control exceeded on method 'EditMessageMedia' in chat 1357108258. Retry in 225 seconds.
Original description: Too Many Requests: retry after 225
(background on this error at: https://core.telegram.org/bots/faq#my-bot-is-hitting-limits-how-do-i-avoid-this)[0m
[38;5;87m[2024-11-14 07:50:43,174] BOT: ERROR [user id: ] Telegram server says - Flood control exceeded on method 'EditMessageMedia' in chat 1357108258. Retry in 225 seconds.
Original description: Too Many Requests: retry after 225
(background on this error at: https://core.telegram.org/bots/faq#my-bot-is-hitting-limits-how-do-i-avoid-this)[0m
[38;5;87m[2024-11-14 07:50:43,406] BOT: ERROR [user id: ] Telegram server says - Flood control exceeded on method 'EditMessageMedia' in chat 1357108258. Retry in 225 seconds.
Original description: Too Many Requests: retry after 225
(background on this error at: https://core.telegram.org/bots/faq#my-bot-is-hitting-limits-how-do-i-avoid-this)[0m
[38;5;87m[2024-11-14 07:50:43,638] BOT: ERROR [user id: ] Telegram server says - Flood control exceeded on method 'EditMessageMedia' in chat 1357108258. Retry in 225 seconds.
Original description: Too Many Requests: retry after 225
(background on this error at: https://core.telegram.org/bots/faq#my-bot-is-hitting-limits-how-do-i-avoid-this)[0m
[38;5;87m[2024-11-14 07:50:43,869] BOT: ERROR [user id: ] Telegram server says - Flood control exceeded on method 'EditMessageMedia' in chat 1357108258. Retry in 225 seconds.
Original description: Too Many Requests: retry after 225
(background on this error at: https://core.telegram.org/bots/faq#my-bot-is-hitting-limits-how-do-i-avoid-this)[0m
[38;5;87m[2024-11-14 07:50:44,152] BOT: ERROR [user id: ] Telegram server says - Flood control exceeded on method 'EditMessageMedia' in chat 1357108258. Retry in 224 seconds.
Original description: Too Many Requests: retry after 224
(background on this error at: https://core.telegram.org/bots/faq#my-bot-is-hitting-limits-how-do-i-avoid-this)[0m
[38;5;87m[2024-11-14 07:50:44,404] BOT: ERROR [user id: ] Telegram server says - Flood control exceeded on method 'EditMessageMedia' in chat 1357108258. Retry in 224 seconds.
Original description: Too Many Requests: retry after 224
(background on this error at: https://core.telegram.org/bots/faq#my-bot-is-hitting-limits-how-do-i-avoid-this)[0m
[38;5;87m[2024-11-14 07:50:44,643] BOT: ERROR [user id: ] Telegram server says - Flood control exceeded on method 'EditMessageMedia' in chat 1357108258. Retry in 224 seconds.
Original description: Too Many Requests: retry after 224
(background on this error at: https://core.telegram.org/bots/faq#my-bot-is-hitting-limits-how-do-i-avoid-this)[0m
[38;5;87m[2024-11-14 07:50:44,898] BOT: ERROR [user id: ] Telegram server says - Flood control exceeded on method 'EditMessageMedia' in chat 1357108258. Retry in 224 seconds.
Original description: Too Many Requests: retry after 224
(background on this error at: https://core.telegram.org/bots/faq#my-bot-is-hitting-limits-how-do-i-avoid-this)[0m
[38;5;87m[2024-11-14 07:50:45,133] BOT: ERROR [user id: ] Telegram server says - Flood control exceeded on method 'EditMessageMedia' in chat 1357108258. Retry in 223 seconds.
Original description: Too Many Requests: retry after 223
(background on this error at: https://core.telegram.org/bots/faq#my-bot-is-hitting-limits-how-do-i-avoid-this)[0m
[38;5;87m[2024-11-14 07:50:45,361] BOT: ERROR [user id: ] Telegram server says - Flood control exceeded on method 'EditMessageMedia' in chat 1357108258. Retry in 223 seconds.
Original description: Too Many Requests: retry after 223
(background on this error at: https://core.telegram.org/bots/faq#my-bot-is-hitting-limits-how-do-i-avoid-this)[0m
[38;5;87m[2024-11-14 07:50:45,596] BOT: ERROR [user id: ] Telegram server says - Flood control exceeded on method 'EditMessageMedia' in chat 1357108258. Retry in 223 seconds.
Original description: Too Many Requests: retry after 223
(background on this error at: https://core.telegram.org/bots/faq#my-bot-is-hitting-limits-how-do-i-avoid-this)[0m
[38;5;87m[2024-11-14 07:50:45,825] BOT: ERROR [user id: ] Telegram server says - Flood control exceeded on method 'EditMessageMedia' in chat 1357108258. Retry in 223 seconds.
Original description: Too Many Requests: retry after 223
(background on this error at: https://core.telegram.org/bots/faq#my-bot-is-hitting-limits-how-do-i-avoid-this)[0m
[38;5;87m[2024-11-14 07:50:46,071] BOT: ERROR [user id: ] Telegram server says - Flood control exceeded on method 'EditMessageMedia' in chat 1357108258. Retry in 222 seconds.
Original description: Too Many Requests: retry after 222
(background on this error at: https://core.telegram.org/bots/faq#my-bot-is-hitting-limits-how-do-i-avoid-this)[0m
[38;5;87m[2024-11-14 07:50:46,309] BOT: ERROR [user id: ] Telegram server says - Flood control exceeded on method 'EditMessageMedia' in chat 1357108258. Retry in 222 seconds.
Original description: Too Many Requests: retry after 222
(background on this error at: https://core.telegram.org/bots/faq#my-bot-is-hitting-limits-how-do-i-avoid-this)[0m
[38;5;87m[2024-11-14 07:50:46,633] BOT: ERROR [user id: ] Telegram server says - Flood control exceeded on method 'EditMessageMedia' in chat 1357108258. Retry in 222 seconds.
Original description: Too Many Requests: retry after 222
(background on this error at: https://core.telegram.org/bots/faq#my-bot-is-hitting-limits-how-do-i-avoid-this)[0m
[38;5;87m[2024-11-14 07:50:46,922] BOT: ERROR [user id: ] Telegram server says - Flood control exceeded on method 'EditMessageMedia' in chat 1357108258. Retry in 222 seconds.
Original description: Too Many Requests: retry after 222
(background on this error at: https://core.telegram.org/bots/faq#my-bot-is-hitting-limits-how-do-i-avoid-this)[0m
[38;5;87m[2024-11-14 07:50:47,163] BOT: ERROR [user id: ] HTTP Client says - ServerDisconnectedError: Server disconnected[0m
