[38;5;201m[2024-11-14 17:12:10,466] MARIA: INFO [user id: ] Successfully connected to the MariaDB database[0m
[38;5;87m[2024-11-14 17:12:22,839] BOT: INFO [user id: 1005792177] USER SEND TEXT: https://www.youtube.com/watch?v=dyaa9FCvC6Y[0m
[38;5;87m[2024-11-14 17:12:43,967] BOT: INFO [user id: 1357108258] USER CLICK ON ['download_video', '720p', '📹', 'XBleNfmkScA'][0m
[38;5;87m[2024-11-14 17:12:43,968] BOT: INFO [user id: 1357108258] USER CLICK ON ['download_video', '720p', '📹', 'XBleNfmkScA'][0m
[38;5;87m[2024-11-14 17:12:47,335] BOT: INFO [user id: 1005792177] USER CLICK ON ['download_video', '720p', '📹', 'dyaa9FCvC6Y'][0m
[38;5;87m[2024-11-14 17:12:47,335] BOT: INFO [user id: 1005792177] USER CLICK ON ['download_video', '720p', '📹', 'dyaa9FCvC6Y'][0m
[38;5;87m[2024-11-14 17:12:51,188] BOT: ERROR [user id: ] Telegram server says - Bad Request: message is not modified: specified new message content and reply markup are exactly the same as a current content and reply markup of the message[0m
[38;5;87m[2024-11-14 17:12:51,339] BOT: ERROR [user id: ] Telegram server says - Bad Request: message is not modified: specified new message content and reply markup are exactly the same as a current content and reply markup of the message[0m
[38;5;87m[2024-11-14 17:12:51,771] BOT: ERROR [user id: ] Telegram server says - Bad Request: message is not modified: specified new message content and reply markup are exactly the same as a current content and reply markup of the message[0m
[38;5;87m[2024-11-14 17:12:52,519] BOT: ERROR [user id: ] Telegram server says - Bad Request: message is not modified: specified new message content and reply markup are exactly the same as a current content and reply markup of the message[0m
[38;5;87m[2024-11-14 17:12:52,929] BOT: ERROR [user id: ] Telegram server says - Bad Request: message is not modified: specified new message content and reply markup are exactly the same as a current content and reply markup of the message[0m
[38;5;87m[2024-11-14 17:12:52,973] BOT: ERROR [user id: ] Telegram server says - Bad Request: message is not modified: specified new message content and reply markup are exactly the same as a current content and reply markup of the message[0m
[38;5;87m[2024-11-14 17:12:54,390] BOT: ERROR [user id: ] Telegram server says - Bad Request: message is not modified: specified new message content and reply markup are exactly the same as a current content and reply markup of the message[0m
[38;5;87m[2024-11-14 17:12:55,199] BOT: ERROR [user id: ] Telegram server says - Bad Request: message is not modified: specified new message content and reply markup are exactly the same as a current content and reply markup of the message[0m
[38;5;87m[2024-11-14 17:14:54,088] BOT: INFO [user id: 1005792177] USER CLICK ON ['back_to_main', '18425', 'dyaa9FCvC6Y'][0m
[38;5;87m[2024-11-14 17:14:54,090] BOT: INFO [user id: 1005792177] USER CLICK ON ['back_to_main', '18425', 'dyaa9FCvC6Y'][0m
[38;5;87m[2024-11-14 17:14:54,090] BOT: INFO [user id: 1005792177] USER CLICK ON ['back_to_main', '18425', 'dyaa9FCvC6Y'][0m
[38;5;87m[2024-11-14 17:14:57,140] BOT: INFO [user id: 1357108258] USER CLICK ON ['back_to_main', '18421', 'XBleNfmkScA'][0m
[38;5;87m[2024-11-14 17:14:57,140] BOT: INFO [user id: 1357108258] USER CLICK ON ['back_to_main', '18421', 'XBleNfmkScA'][0m
[38;5;87m[2024-11-14 17:14:57,140] BOT: INFO [user id: 1357108258] USER CLICK ON ['back_to_main', '18421', 'XBleNfmkScA'][0m
[38;5;87m[2024-11-14 17:20:02,659] BOT: INFO [user id: 1357108258] USER SEND TEXT: https://www.youtube.com/watch?v=XBleNfmkScA[0m
[38;5;87m[2024-11-14 17:20:08,929] BOT: INFO [user id: 1357108258] USER CLICK ON ['download_video', '480p', '📹', 'XBleNfmkScA'][0m
[38;5;87m[2024-11-14 17:20:08,929] BOT: INFO [user id: 1357108258] USER CLICK ON ['download_video', '480p', '📹', 'XBleNfmkScA'][0m
[38;5;87m[2024-11-14 17:20:12,347] BOT: ERROR [user id: ] Telegram server says - Bad Request: message is not modified: specified new message content and reply markup are exactly the same as a current content and reply markup of the message[0m
[38;5;87m[2024-11-14 17:20:12,653] BOT: ERROR [user id: ] Telegram server says - Bad Request: message is not modified: specified new message content and reply markup are exactly the same as a current content and reply markup of the message[0m
[38;5;87m[2024-11-14 17:20:12,972] BOT: ERROR [user id: ] Telegram server says - Bad Request: message is not modified: specified new message content and reply markup are exactly the same as a current content and reply markup of the message[0m
[38;5;87m[2024-11-14 17:20:13,352] BOT: ERROR [user id: ] Telegram server says - Bad Request: message is not modified: specified new message content and reply markup are exactly the same as a current content and reply markup of the message[0m
[38;5;87m[2024-11-14 17:20:14,067] BOT: ERROR [user id: ] Telegram server says - Bad Request: message is not modified: specified new message content and reply markup are exactly the same as a current content and reply markup of the message[0m
[38;5;87m[2024-11-14 17:20:14,439] BOT: ERROR [user id: ] Telegram server says - Bad Request: message is not modified: specified new message content and reply markup are exactly the same as a current content and reply markup of the message[0m
