[38;5;201m[2024-11-21 03:31:25,384] MARIA: INFO [user id: ] Successfully connected to the MariaDB database[0m
[38;5;87m[2024-11-21 03:31:29,460] BOT: INFO [user id: 1357108258] USER CLICK ON ['Youtube_follow_next', '2'][0m
[38;5;87m[2024-11-21 03:31:29,460] BOT: INFO [user id: 1357108258] USER CLICK ON ['Youtube_follow_next', '2'][0m
[38;5;87m[2024-11-21 03:31:29,460] BOT: INFO [user id: 1357108258] USER CLICK ON ['Youtube_follow_next', '2'][0m
[38;5;87m[2024-11-21 03:31:29,461] BOT: INFO [user id: 1357108258] USER CLICK ON ['Youtube_follow_next', '2'][0m
[38;5;87m[2024-11-21 03:31:29,461] BOT: INFO [user id: 1357108258] USER CLICK ON ['Youtube_follow_next', '2'][0m
[38;5;87m[2024-11-21 03:31:29,461] BOT: INFO [user id: 1357108258] USER CLICK ON ['Youtube_follow_next', '2'][0m
[38;5;87m[2024-11-21 03:31:29,461] BOT: INFO [user id: 1357108258] USER CLICK ON ['Youtube_follow_next', '2'][0m
[38;5;87m[2024-11-21 03:31:29,461] BOT: INFO [user id: 1357108258] USER CLICK ON ['Youtube_follow_next', '2'][0m
[38;5;87m[2024-11-21 03:31:33,337] BOT: INFO [user id: 1357108258] USER CLICK ON ['Youtube_follow_next', '1'][0m
[38;5;87m[2024-11-21 03:31:33,337] BOT: INFO [user id: 1357108258] USER CLICK ON ['Youtube_follow_next', '1'][0m
[38;5;87m[2024-11-21 03:31:33,337] BOT: INFO [user id: 1357108258] USER CLICK ON ['Youtube_follow_next', '1'][0m
[38;5;87m[2024-11-21 03:31:33,337] BOT: INFO [user id: 1357108258] USER CLICK ON ['Youtube_follow_next', '1'][0m
[38;5;87m[2024-11-21 03:31:33,337] BOT: INFO [user id: 1357108258] USER CLICK ON ['Youtube_follow_next', '1'][0m
[38;5;87m[2024-11-21 03:31:33,337] BOT: INFO [user id: 1357108258] USER CLICK ON ['Youtube_follow_next', '1'][0m
[38;5;87m[2024-11-21 03:31:33,337] BOT: INFO [user id: 1357108258] USER CLICK ON ['Youtube_follow_next', '1'][0m
[38;5;87m[2024-11-21 03:31:33,337] BOT: INFO [user id: 1357108258] USER CLICK ON ['Youtube_follow_next', '1'][0m
[38;5;87m[2024-11-21 03:31:47,877] BOT: INFO [user id: 1357108258] USER SEND TEXT: 👤 subs[0m
[38;5;87m[2024-11-21 03:31:52,615] BOT: INFO [user id: 1357108258] USER SEND TEXT: 👤 subs[0m
[38;5;87m[2024-11-21 03:31:56,409] BOT: INFO [user id: 1357108258] USER CLICK ON ['Youtube_follow_next', '1'][0m
[38;5;87m[2024-11-21 03:31:56,409] BOT: INFO [user id: 1357108258] USER CLICK ON ['Youtube_follow_next', '1'][0m
[38;5;87m[2024-11-21 03:31:56,410] BOT: INFO [user id: 1357108258] USER CLICK ON ['Youtube_follow_next', '1'][0m
[38;5;87m[2024-11-21 03:31:56,410] BOT: INFO [user id: 1357108258] USER CLICK ON ['Youtube_follow_next', '1'][0m
[38;5;87m[2024-11-21 03:31:56,410] BOT: INFO [user id: 1357108258] USER CLICK ON ['Youtube_follow_next', '1'][0m
[38;5;87m[2024-11-21 03:31:56,410] BOT: INFO [user id: 1357108258] USER CLICK ON ['Youtube_follow_next', '1'][0m
[38;5;87m[2024-11-21 03:31:56,410] BOT: INFO [user id: 1357108258] USER CLICK ON ['Youtube_follow_next', '1'][0m
[38;5;87m[2024-11-21 03:31:56,410] BOT: INFO [user id: 1357108258] USER CLICK ON ['Youtube_follow_next', '1'][0m
[38;5;87m[2024-11-21 03:32:10,406] BOT: INFO [user id: 1357108258] USER CLICK ON ['Youtube_follow_next', '1'][0m
[38;5;87m[2024-11-21 03:32:10,406] BOT: INFO [user id: 1357108258] USER CLICK ON ['Youtube_follow_next', '1'][0m
[38;5;87m[2024-11-21 03:32:10,406] BOT: INFO [user id: 1357108258] USER CLICK ON ['Youtube_follow_next', '1'][0m
[38;5;87m[2024-11-21 03:32:10,406] BOT: INFO [user id: 1357108258] USER CLICK ON ['Youtube_follow_next', '1'][0m
[38;5;87m[2024-11-21 03:32:10,407] BOT: INFO [user id: 1357108258] USER CLICK ON ['Youtube_follow_next', '1'][0m
[38;5;87m[2024-11-21 03:32:10,407] BOT: INFO [user id: 1357108258] USER CLICK ON ['Youtube_follow_next', '1'][0m
[38;5;87m[2024-11-21 03:32:10,407] BOT: INFO [user id: 1357108258] USER CLICK ON ['Youtube_follow_next', '1'][0m
[38;5;87m[2024-11-21 03:32:10,407] BOT: INFO [user id: 1357108258] USER CLICK ON ['Youtube_follow_next', '1'][0m
[38;5;87m[2024-11-21 03:32:24,188] BOT: INFO [user id: 1357108258] USER CLICK ON ['Youtube_follow_next', '1'][0m
[38;5;87m[2024-11-21 03:32:24,188] BOT: INFO [user id: 1357108258] USER CLICK ON ['Youtube_follow_next', '1'][0m
[38;5;87m[2024-11-21 03:32:24,188] BOT: INFO [user id: 1357108258] USER CLICK ON ['Youtube_follow_next', '1'][0m
[38;5;87m[2024-11-21 03:32:24,188] BOT: INFO [user id: 1357108258] USER CLICK ON ['Youtube_follow_next', '1'][0m
[38;5;87m[2024-11-21 03:32:24,188] BOT: INFO [user id: 1357108258] USER CLICK ON ['Youtube_follow_next', '1'][0m
[38;5;87m[2024-11-21 03:32:24,188] BOT: INFO [user id: 1357108258] USER CLICK ON ['Youtube_follow_next', '1'][0m
[38;5;87m[2024-11-21 03:32:24,188] BOT: INFO [user id: 1357108258] USER CLICK ON ['Youtube_follow_next', '1'][0m
[38;5;87m[2024-11-21 03:32:24,188] BOT: INFO [user id: 1357108258] USER CLICK ON ['Youtube_follow_next', '1'][0m
[38;5;87m[2024-11-21 03:32:43,115] BOT: INFO [user id: 1357108258] USER SEND TEXT: /start[0m
[38;5;87m[2024-11-21 03:32:43,679] BOT: INFO [user id: 1357108258] Enter /start command[0m
[38;5;87m[2024-11-21 03:32:44,316] BOT: INFO [user id: ] ['\nЗагрузка с Youtube и TikTok 🚀\n\n❗️3 Способ загрузить песню и видео с YouTube. 👇\n\n<blockquote>\n1. @vid имя (песня или видео)\n2. @SkachatsYouTubebot имя (песня или видео)\n3. И вы можете просто написать        название песни или видео\n</blockquote>\n\n❗️Способ загрузить песню и видео из TikTok. 👇\n\n<blockquote>\nПросто отправьте ссылку из TikTok\n</blockquote>\n\n🤖Свяжитесь с нами по всем вопросам - @symananger\n                    ', 'start.jpg'][0m
[38;5;87m[2024-11-21 03:32:46,361] BOT: INFO [user id: 1357108258] USER SEND TEXT: 👤 subs[0m
[38;5;87m[2024-11-21 03:32:50,171] BOT: INFO [user id: 1357108258] USER CLICK ON ['Youtube_follow_next', '1'][0m
[38;5;87m[2024-11-21 03:32:50,171] BOT: INFO [user id: 1357108258] USER CLICK ON ['Youtube_follow_next', '1'][0m
[38;5;87m[2024-11-21 03:32:50,171] BOT: INFO [user id: 1357108258] USER CLICK ON ['Youtube_follow_next', '1'][0m
[38;5;87m[2024-11-21 03:32:50,171] BOT: INFO [user id: 1357108258] USER CLICK ON ['Youtube_follow_next', '1'][0m
[38;5;87m[2024-11-21 03:32:50,171] BOT: INFO [user id: 1357108258] USER CLICK ON ['Youtube_follow_next', '1'][0m
[38;5;87m[2024-11-21 03:32:50,172] BOT: INFO [user id: 1357108258] USER CLICK ON ['Youtube_follow_next', '1'][0m
[38;5;87m[2024-11-21 03:32:50,172] BOT: INFO [user id: 1357108258] USER CLICK ON ['Youtube_follow_next', '1'][0m
[38;5;87m[2024-11-21 03:32:50,172] BOT: INFO [user id: 1357108258] USER CLICK ON ['Youtube_follow_next', '1'][0m
[38;5;87m[2024-11-21 03:33:44,842] BOT: INFO [user id: 1357108258] USER CLICK ON ['Youtube_follow_next', '2'][0m
[38;5;87m[2024-11-21 03:33:44,843] BOT: INFO [user id: 1357108258] USER CLICK ON ['Youtube_follow_next', '2'][0m
[38;5;87m[2024-11-21 03:33:44,843] BOT: INFO [user id: 1357108258] USER CLICK ON ['Youtube_follow_next', '2'][0m
[38;5;87m[2024-11-21 03:33:44,843] BOT: INFO [user id: 1357108258] USER CLICK ON ['Youtube_follow_next', '2'][0m
[38;5;87m[2024-11-21 03:33:44,843] BOT: INFO [user id: 1357108258] USER CLICK ON ['Youtube_follow_next', '2'][0m
[38;5;87m[2024-11-21 03:33:44,843] BOT: INFO [user id: 1357108258] USER CLICK ON ['Youtube_follow_next', '2'][0m
[38;5;87m[2024-11-21 03:33:44,843] BOT: INFO [user id: 1357108258] USER CLICK ON ['Youtube_follow_next', '2'][0m
[38;5;87m[2024-11-21 03:33:44,844] BOT: INFO [user id: 1357108258] USER CLICK ON ['Youtube_follow_next', '2'][0m
[38;5;87m[2024-11-21 03:33:51,057] BOT: INFO [user id: 1357108258] USER CLICK ON ['Youtube_follow_next', '1'][0m
[38;5;87m[2024-11-21 03:33:51,058] BOT: INFO [user id: 1357108258] USER CLICK ON ['Youtube_follow_next', '1'][0m
[38;5;87m[2024-11-21 03:33:51,058] BOT: INFO [user id: 1357108258] USER CLICK ON ['Youtube_follow_next', '1'][0m
[38;5;87m[2024-11-21 03:33:51,058] BOT: INFO [user id: 1357108258] USER CLICK ON ['Youtube_follow_next', '1'][0m
[38;5;87m[2024-11-21 03:33:51,058] BOT: INFO [user id: 1357108258] USER CLICK ON ['Youtube_follow_next', '1'][0m
[38;5;87m[2024-11-21 03:33:51,059] BOT: INFO [user id: 1357108258] USER CLICK ON ['Youtube_follow_next', '1'][0m
[38;5;87m[2024-11-21 03:33:51,059] BOT: INFO [user id: 1357108258] USER CLICK ON ['Youtube_follow_next', '1'][0m
[38;5;87m[2024-11-21 03:33:51,059] BOT: INFO [user id: 1357108258] USER CLICK ON ['Youtube_follow_next', '1'][0m
[38;5;87m[2024-11-21 03:34:24,955] BOT: INFO [user id: 1357108258] USER CLICK ON ['Youtube_follow_next', '2'][0m
[38;5;87m[2024-11-21 03:34:24,956] BOT: INFO [user id: 1357108258] USER CLICK ON ['Youtube_follow_next', '2'][0m
[38;5;87m[2024-11-21 03:34:24,956] BOT: INFO [user id: 1357108258] USER CLICK ON ['Youtube_follow_next', '2'][0m
[38;5;87m[2024-11-21 03:34:24,956] BOT: INFO [user id: 1357108258] USER CLICK ON ['Youtube_follow_next', '2'][0m
[38;5;87m[2024-11-21 03:34:24,956] BOT: INFO [user id: 1357108258] USER CLICK ON ['Youtube_follow_next', '2'][0m
[38;5;87m[2024-11-21 03:34:24,957] BOT: INFO [user id: 1357108258] USER CLICK ON ['Youtube_follow_next', '2'][0m
[38;5;87m[2024-11-21 03:34:24,957] BOT: INFO [user id: 1357108258] USER CLICK ON ['Youtube_follow_next', '2'][0m
[38;5;87m[2024-11-21 03:34:24,957] BOT: INFO [user id: 1357108258] USER CLICK ON ['Youtube_follow_next', '2'][0m
[38;5;87m[2024-11-21 03:34:28,018] BOT: INFO [user id: 1357108258] USER CLICK ON ['Youtube_follow_next', '1'][0m
[38;5;87m[2024-11-21 03:34:28,019] BOT: INFO [user id: 1357108258] USER CLICK ON ['Youtube_follow_next', '1'][0m
[38;5;87m[2024-11-21 03:34:28,019] BOT: INFO [user id: 1357108258] USER CLICK ON ['Youtube_follow_next', '1'][0m
[38;5;87m[2024-11-21 03:34:28,019] BOT: INFO [user id: 1357108258] USER CLICK ON ['Youtube_follow_next', '1'][0m
[38;5;87m[2024-11-21 03:34:28,020] BOT: INFO [user id: 1357108258] USER CLICK ON ['Youtube_follow_next', '1'][0m
[38;5;87m[2024-11-21 03:34:28,020] BOT: INFO [user id: 1357108258] USER CLICK ON ['Youtube_follow_next', '1'][0m
[38;5;87m[2024-11-21 03:34:28,020] BOT: INFO [user id: 1357108258] USER CLICK ON ['Youtube_follow_next', '1'][0m
[38;5;87m[2024-11-21 03:34:28,020] BOT: INFO [user id: 1357108258] USER CLICK ON ['Youtube_follow_next', '1'][0m
