[38;5;201m[2024-11-21 03:02:34,792] MARIA: INFO [user id: ] Successfully connected to the MariaDB database[0m
[38;5;87m[2024-11-21 03:02:48,397] BOT: INFO [user id: 1357108258] USER SEND TEXT: 👤 subs[0m
[38;5;87m[2024-11-21 03:02:53,887] BOT: INFO [user id: 1357108258] USER CLICK ON ['Youtube_follow_next', '1'][0m
[38;5;87m[2024-11-21 03:02:53,888] BOT: INFO [user id: 1357108258] USER CLICK ON ['Youtube_follow_next', '1'][0m
[38;5;87m[2024-11-21 03:02:53,888] BOT: INFO [user id: 1357108258] USER CLICK ON ['Youtube_follow_next', '1'][0m
[38;5;87m[2024-11-21 03:02:53,888] BOT: INFO [user id: 1357108258] USER CLICK ON ['Youtube_follow_next', '1'][0m
[38;5;87m[2024-11-21 03:02:53,888] BOT: INFO [user id: 1357108258] USER CLICK ON ['Youtube_follow_next', '1'][0m
[38;5;87m[2024-11-21 03:02:53,889] BOT: INFO [user id: 1357108258] USER CLICK ON ['Youtube_follow_next', '1'][0m
[38;5;87m[2024-11-21 03:02:53,889] BOT: INFO [user id: 1357108258] USER CLICK ON ['Youtube_follow_next', '1'][0m
[38;5;87m[2024-11-21 03:02:53,889] BOT: INFO [user id: 1357108258] USER CLICK ON ['Youtube_follow_next', '1'][0m
[38;5;87m[2024-11-21 03:03:11,572] BOT: INFO [user id: 1357108258] USER SEND TEXT: https://www.youtube.com/watch?v=quua4oisvYA&t=654s[0m
[38;5;87m[2024-11-21 03:03:17,380] BOT: INFO [user id: 1357108258] USER CLICK ON ['follow_channel', 'quua4oisvYA'][0m
[38;5;87m[2024-11-21 03:03:17,380] BOT: INFO [user id: 1357108258] USER CLICK ON ['follow_channel', 'quua4oisvYA'][0m
[38;5;87m[2024-11-21 03:03:17,380] BOT: INFO [user id: 1357108258] USER CLICK ON ['follow_channel', 'quua4oisvYA'][0m
[38;5;87m[2024-11-21 03:03:17,380] BOT: INFO [user id: 1357108258] USER CLICK ON ['follow_channel', 'quua4oisvYA'][0m
[38;5;87m[2024-11-21 03:03:17,380] BOT: INFO [user id: 1357108258] USER CLICK ON ['follow_channel', 'quua4oisvYA'][0m
[38;5;87m[2024-11-21 03:03:17,380] BOT: INFO [user id: 1357108258] USER CLICK ON ['follow_channel', 'quua4oisvYA'][0m
[38;5;201m[2024-11-21 03:03:23,427] MARIA: INFO [user id: 1357108258] create new chanel UCmHGpQwJDW9KEuAkhJbzAHA, True[0m
[38;5;87m[2024-11-21 03:03:27,193] BOT: INFO [user id: 1357108258] USER SEND TEXT: 👤 subs[0m
[38;5;87m[2024-11-21 03:03:30,526] BOT: INFO [user id: 1357108258] USER CLICK ON ['Youtube_follow_next', '1'][0m
[38;5;87m[2024-11-21 03:03:30,526] BOT: INFO [user id: 1357108258] USER CLICK ON ['Youtube_follow_next', '1'][0m
[38;5;87m[2024-11-21 03:03:30,526] BOT: INFO [user id: 1357108258] USER CLICK ON ['Youtube_follow_next', '1'][0m
[38;5;87m[2024-11-21 03:03:30,526] BOT: INFO [user id: 1357108258] USER CLICK ON ['Youtube_follow_next', '1'][0m
[38;5;87m[2024-11-21 03:03:30,527] BOT: INFO [user id: 1357108258] USER CLICK ON ['Youtube_follow_next', '1'][0m
[38;5;87m[2024-11-21 03:03:30,527] BOT: INFO [user id: 1357108258] USER CLICK ON ['Youtube_follow_next', '1'][0m
[38;5;87m[2024-11-21 03:03:30,527] BOT: INFO [user id: 1357108258] USER CLICK ON ['Youtube_follow_next', '1'][0m
[38;5;87m[2024-11-21 03:03:30,527] BOT: INFO [user id: 1357108258] USER CLICK ON ['Youtube_follow_next', '1'][0m
[38;5;87m[2024-11-21 03:03:33,354] BOT: INFO [user id: 1357108258] USER CLICK ON ['Youtube_follow_next', '2'][0m
[38;5;87m[2024-11-21 03:03:33,354] BOT: INFO [user id: 1357108258] USER CLICK ON ['Youtube_follow_next', '2'][0m
[38;5;87m[2024-11-21 03:03:33,354] BOT: INFO [user id: 1357108258] USER CLICK ON ['Youtube_follow_next', '2'][0m
[38;5;87m[2024-11-21 03:03:33,354] BOT: INFO [user id: 1357108258] USER CLICK ON ['Youtube_follow_next', '2'][0m
[38;5;87m[2024-11-21 03:03:33,355] BOT: INFO [user id: 1357108258] USER CLICK ON ['Youtube_follow_next', '2'][0m
[38;5;87m[2024-11-21 03:03:33,355] BOT: INFO [user id: 1357108258] USER CLICK ON ['Youtube_follow_next', '2'][0m
[38;5;87m[2024-11-21 03:03:33,355] BOT: INFO [user id: 1357108258] USER CLICK ON ['Youtube_follow_next', '2'][0m
[38;5;87m[2024-11-21 03:03:33,355] BOT: INFO [user id: 1357108258] USER CLICK ON ['Youtube_follow_next', '2'][0m
[38;5;87m[2024-11-21 03:03:36,043] BOT: INFO [user id: 1357108258] USER CLICK ON ['Youtube_follow_next', '1'][0m
[38;5;87m[2024-11-21 03:03:36,044] BOT: INFO [user id: 1357108258] USER CLICK ON ['Youtube_follow_next', '1'][0m
[38;5;87m[2024-11-21 03:03:36,044] BOT: INFO [user id: 1357108258] USER CLICK ON ['Youtube_follow_next', '1'][0m
[38;5;87m[2024-11-21 03:03:36,044] BOT: INFO [user id: 1357108258] USER CLICK ON ['Youtube_follow_next', '1'][0m
[38;5;87m[2024-11-21 03:03:36,044] BOT: INFO [user id: 1357108258] USER CLICK ON ['Youtube_follow_next', '1'][0m
[38;5;87m[2024-11-21 03:03:36,044] BOT: INFO [user id: 1357108258] USER CLICK ON ['Youtube_follow_next', '1'][0m
[38;5;87m[2024-11-21 03:03:36,044] BOT: INFO [user id: 1357108258] USER CLICK ON ['Youtube_follow_next', '1'][0m
[38;5;87m[2024-11-21 03:03:36,045] BOT: INFO [user id: 1357108258] USER CLICK ON ['Youtube_follow_next', '1'][0m
[38;5;87m[2024-11-21 03:07:55,861] BOT: INFO [user id: 1357108258] USER CLICK ON ['Youtube_follow_next', '2'][0m
[38;5;87m[2024-11-21 03:07:55,862] BOT: INFO [user id: 1357108258] USER CLICK ON ['Youtube_follow_next', '2'][0m
[38;5;87m[2024-11-21 03:07:55,862] BOT: INFO [user id: 1357108258] USER CLICK ON ['Youtube_follow_next', '2'][0m
[38;5;87m[2024-11-21 03:07:55,862] BOT: INFO [user id: 1357108258] USER CLICK ON ['Youtube_follow_next', '2'][0m
[38;5;87m[2024-11-21 03:07:55,862] BOT: INFO [user id: 1357108258] USER CLICK ON ['Youtube_follow_next', '2'][0m
[38;5;87m[2024-11-21 03:07:55,862] BOT: INFO [user id: 1357108258] USER CLICK ON ['Youtube_follow_next', '2'][0m
[38;5;87m[2024-11-21 03:07:55,862] BOT: INFO [user id: 1357108258] USER CLICK ON ['Youtube_follow_next', '2'][0m
[38;5;87m[2024-11-21 03:07:55,862] BOT: INFO [user id: 1357108258] USER CLICK ON ['Youtube_follow_next', '2'][0m
[38;5;87m[2024-11-21 03:07:57,722] BOT: INFO [user id: 1357108258] USER CLICK ON ['Youtube_follow_next', '1'][0m
[38;5;87m[2024-11-21 03:07:57,722] BOT: INFO [user id: 1357108258] USER CLICK ON ['Youtube_follow_next', '1'][0m
[38;5;87m[2024-11-21 03:07:57,723] BOT: INFO [user id: 1357108258] USER CLICK ON ['Youtube_follow_next', '1'][0m
[38;5;87m[2024-11-21 03:07:57,723] BOT: INFO [user id: 1357108258] USER CLICK ON ['Youtube_follow_next', '1'][0m
[38;5;87m[2024-11-21 03:07:57,723] BOT: INFO [user id: 1357108258] USER CLICK ON ['Youtube_follow_next', '1'][0m
[38;5;87m[2024-11-21 03:07:57,723] BOT: INFO [user id: 1357108258] USER CLICK ON ['Youtube_follow_next', '1'][0m
[38;5;87m[2024-11-21 03:07:57,723] BOT: INFO [user id: 1357108258] USER CLICK ON ['Youtube_follow_next', '1'][0m
[38;5;87m[2024-11-21 03:07:57,723] BOT: INFO [user id: 1357108258] USER CLICK ON ['Youtube_follow_next', '1'][0m
[38;5;87m[2024-11-21 03:07:59,681] BOT: INFO [user id: 1357108258] USER CLICK ON ['Youtube_follow_next', '2'][0m
[38;5;87m[2024-11-21 03:07:59,682] BOT: INFO [user id: 1357108258] USER CLICK ON ['Youtube_follow_next', '2'][0m
[38;5;87m[2024-11-21 03:07:59,682] BOT: INFO [user id: 1357108258] USER CLICK ON ['Youtube_follow_next', '2'][0m
[38;5;87m[2024-11-21 03:07:59,682] BOT: INFO [user id: 1357108258] USER CLICK ON ['Youtube_follow_next', '2'][0m
[38;5;87m[2024-11-21 03:07:59,682] BOT: INFO [user id: 1357108258] USER CLICK ON ['Youtube_follow_next', '2'][0m
[38;5;87m[2024-11-21 03:07:59,682] BOT: INFO [user id: 1357108258] USER CLICK ON ['Youtube_follow_next', '2'][0m
[38;5;87m[2024-11-21 03:07:59,682] BOT: INFO [user id: 1357108258] USER CLICK ON ['Youtube_follow_next', '2'][0m
[38;5;87m[2024-11-21 03:07:59,683] BOT: INFO [user id: 1357108258] USER CLICK ON ['Youtube_follow_next', '2'][0m
