[38;5;201m[2024-10-16 04:05:33,963] MARIA: INFO [user id: ] Successfully connected to the MariaDB database[0m
[38;5;87m[2024-10-16 04:05:39,144] BOT: INFO [user id: ] ['1080p', '720p', '480p', '360p', '144p'][0m
[38;5;87m[2024-10-16 04:05:42,107] BOT: INFO [user id: ] ['Download', 'MB', 'Sending audio, wait'][0m
[38;5;87m[2024-10-16 04:05:43,587] BOT: INFO [user id: 1357108258] https://www.youtube.com/watch?v=x1XuN5Rq2ws[0m
[38;5;87m[2024-10-16 04:05:43,669] BOT: INFO [user id: ] 403[0m
[38;5;87m[2024-10-16 04:05:44,518] BOT: INFO [user id: ] 400[0m
[38;5;87m[2024-10-16 04:05:45,485] BOT: INFO [user id: ] 200[0m
[38;5;87m[2024-10-16 04:05:55,096] BOT: ERROR [user id: ] Telegram server says - Bad Request: message is not modified: specified new message content and reply markup are exactly the same as a current content and reply markup of the message[0m
[38;5;87m[2024-10-16 04:06:05,102] BOT: ERROR [user id: ] Telegram server says - Bad Request: message is not modified: specified new message content and reply markup are exactly the same as a current content and reply markup of the message[0m
[38;5;87m[2024-10-16 04:06:14,224] BOT: ERROR [user id: ] Telegram server says - Bad Request: message is not modified: specified new message content and reply markup are exactly the same as a current content and reply markup of the message[0m
[38;5;87m[2024-10-16 04:06:23,125] BOT: ERROR [user id: ] Telegram server says - Bad Request: message is not modified: specified new message content and reply markup are exactly the same as a current content and reply markup of the message[0m
[38;5;87m[2024-10-16 04:06:32,187] BOT: ERROR [user id: ] Telegram server says - Bad Request: message is not modified: specified new message content and reply markup are exactly the same as a current content and reply markup of the message[0m
[38;5;87m[2024-10-16 04:06:41,162] BOT: ERROR [user id: ] Telegram server says - Bad Request: message is not modified: specified new message content and reply markup are exactly the same as a current content and reply markup of the message[0m
[38;5;87m[2024-10-16 04:06:59,175] BOT: ERROR [user id: ] Telegram server says - Bad Request: message is not modified: specified new message content and reply markup are exactly the same as a current content and reply markup of the message[0m
[38;5;87m[2024-10-16 04:07:09,173] BOT: ERROR [user id: ] Telegram server says - Bad Request: message is not modified: specified new message content and reply markup are exactly the same as a current content and reply markup of the message[0m
[38;5;87m[2024-10-16 04:07:18,241] BOT: ERROR [user id: ] Telegram server says - Bad Request: message is not modified: specified new message content and reply markup are exactly the same as a current content and reply markup of the message[0m
[38;5;87m[2024-10-16 04:07:27,129] BOT: ERROR [user id: ] Telegram server says - Bad Request: message is not modified: specified new message content and reply markup are exactly the same as a current content and reply markup of the message[0m
[38;5;87m[2024-10-16 04:07:45,353] BOT: ERROR [user id: ] Telegram server says - Bad Request: message is not modified: specified new message content and reply markup are exactly the same as a current content and reply markup of the message[0m
[38;5;87m[2024-10-16 04:07:54,203] BOT: ERROR [user id: ] Telegram server says - Bad Request: message is not modified: specified new message content and reply markup are exactly the same as a current content and reply markup of the message[0m
[38;5;87m[2024-10-16 04:08:04,124] BOT: ERROR [user id: ] Telegram server says - Bad Request: message is not modified: specified new message content and reply markup are exactly the same as a current content and reply markup of the message[0m
[38;5;87m[2024-10-16 04:08:22,129] BOT: ERROR [user id: ] Telegram server says - Bad Request: message is not modified: specified new message content and reply markup are exactly the same as a current content and reply markup of the message[0m
[38;5;87m[2024-10-16 04:08:40,100] BOT: ERROR [user id: ] Telegram server says - Bad Request: message is not modified: specified new message content and reply markup are exactly the same as a current content and reply markup of the message[0m
[38;5;87m[2024-10-16 04:08:49,246] BOT: ERROR [user id: ] Telegram server says - Bad Request: message is not modified: specified new message content and reply markup are exactly the same as a current content and reply markup of the message[0m
[38;5;87m[2024-10-16 04:08:58,133] BOT: ERROR [user id: ] Telegram server says - Bad Request: message is not modified: specified new message content and reply markup are exactly the same as a current content and reply markup of the message[0m
[38;5;87m[2024-10-16 04:09:08,098] BOT: ERROR [user id: ] Telegram server says - Bad Request: message is not modified: specified new message content and reply markup are exactly the same as a current content and reply markup of the message[0m
[38;5;87m[2024-10-16 04:09:09,876] BOT: INFO [user id: ] [datetime.datetime(2024, 10, 16, 4, 9, 9, 876025), 'finish download'][0m
[38;5;87m[2024-10-16 04:09:28,812] BOT: INFO [user id: ] [datetime.datetime(2024, 10, 16, 4, 9, 28, 812395), 'finish sending'][0m
