[38;5;201m[2024-10-10 07:50:21,608] MARIA: INFO [user id: ] Successfully connected to the MariaDB database[0m
[38;5;87m[2024-10-10 07:50:37,574] BOT: INFO [user id: ] ['1080p', '720p', '480p', '360p', '144p'][0m
[38;5;87m[2024-10-10 07:50:49,427] BOT: INFO [user id: ] ['1080p', '720p', '480p', '360p', '144p'][0m
[38;5;87m[2024-10-10 07:50:52,745] BOT: INFO [user id: ] ['Ներբեռնում', 'ՄԲ', 'Ուղարկում եմ աուդիոն, սպասեք'][0m
[38;5;87m[2024-10-10 07:50:54,159] BOT: INFO [user id: 1357108258] https://www.youtube.com/watch?v=tT9nshN2Kqw[0m
[38;5;87m[2024-10-10 07:50:54,200] BOT: INFO [user id: ] 403[0m
[38;5;87m[2024-10-10 07:50:54,963] BOT: INFO [user id: ] 200[0m
[38;5;87m[2024-10-10 07:50:56,637] BOT: INFO [user id: ] ['Ներբեռնում', 'ՄԲ', 'Ուղարկում եմ աուդիոն, սպասեք'][0m
[38;5;87m[2024-10-10 07:50:58,015] BOT: INFO [user id: ] 403[0m
[38;5;87m[2024-10-10 07:50:58,443] BOT: INFO [user id: ] 200[0m
[38;5;87m[2024-10-10 07:50:59,057] BOT: INFO [user id: ] [datetime.datetime(2024, 10, 10, 7, 50, 59, 57438), 'finish download'][0m
[38;5;87m[2024-10-10 07:50:59,236] BOT: ERROR [user id: 1357108258] In send audio Telegram server says - Bad Request: file must be non-empty[0m
[38;5;87m[2024-10-10 07:50:59,314] BOT: ERROR [user id: 1357108258] In send audio Telegram server says - Bad Request: file must be non-empty[0m
[38;5;87m[2024-10-10 07:50:59,464] BOT: ERROR [user id: 1357108258] In send audio Telegram server says - Bad Request: file must be non-empty[0m
[38;5;87m[2024-10-10 07:50:59,540] BOT: ERROR [user id: 1357108258] In send audio Telegram server says - Bad Request: file must be non-empty[0m
[38;5;87m[2024-10-10 07:50:59,690] BOT: ERROR [user id: 1357108258] In send audio Telegram server says - Bad Request: file must be non-empty[0m
[38;5;87m[2024-10-10 07:51:00,014] BOT: INFO [user id: ] [datetime.datetime(2024, 10, 10, 7, 51, 0, 14574), 'finish sending'][0m
[38;5;87m[2024-10-10 07:51:05,395] BOT: INFO [user id: ] [datetime.datetime(2024, 10, 10, 7, 51, 5, 395128), 'finish download'][0m
[38;5;87m[2024-10-10 07:51:10,890] BOT: INFO [user id: ] [datetime.datetime(2024, 10, 10, 7, 51, 10, 890795), 'finish sending'][0m
[38;5;87m[2024-10-10 07:51:36,308] BOT: INFO [user id: ] ['Ներբեռնում', 'ՄԲ', 'Ուղարկում եմ աուդիոն, սպասեք'][0m
[38;5;87m[2024-10-10 07:51:37,645] BOT: INFO [user id: ] 403[0m
[38;5;87m[2024-10-10 07:51:38,083] BOT: INFO [user id: ] 200[0m
[38;5;87m[2024-10-10 07:51:46,919] BOT: INFO [user id: ] [datetime.datetime(2024, 10, 10, 7, 51, 46, 919419), 'finish download'][0m
[38;5;87m[2024-10-10 07:52:00,234] BOT: INFO [user id: ] [datetime.datetime(2024, 10, 10, 7, 52, 0, 234138), 'finish sending'][0m
