[38;5;201m[2024-10-07 01:57:47,766] MARIA: INFO [user id: ] Successfully connected to the MariaDB database[0m
[38;5;87m[2024-10-07 01:58:44,707] BOT: INFO [user id: ] ['1080p', '720p', '480p', '360p', '144p'][0m
[38;5;87m[2024-10-07 01:58:48,995] BOT: INFO [user id: ] ['Ներբեռնում', 'ՄԲ', 'Ուղարկում եմ աուդիոն, սպասեք'][0m
[38;5;87m[2024-10-07 01:58:49,999] BOT: INFO [user id: 1357108258] https://www.youtube.com/watch?v=XBleNfmkScA[0m
[38;5;87m[2024-10-07 01:58:50,098] BOT: INFO [user id: ] 403[0m
[38;5;87m[2024-10-07 01:58:50,831] BOT: INFO [user id: ] 200[0m
[38;5;87m[2024-10-07 01:58:52,564] BOT: INFO [user id: ] ['Ներբեռնում', 'ՄԲ', 'Ուղարկում եմ աուդիոն, սպասեք'][0m
[38;5;87m[2024-10-07 01:58:53,470] BOT: INFO [user id: 1357108258] https://www.youtube.com/watch?v=XBleNfmkScA[0m
[38;5;87m[2024-10-07 01:58:53,504] BOT: INFO [user id: ] 403[0m
[38;5;87m[2024-10-07 01:58:54,088] BOT: INFO [user id: ] 200[0m
[38;5;87m[2024-10-07 01:58:56,011] BOT: INFO [user id: ] ['Ներբեռնում', 'ՄԲ', 'Ուղարկում եմ աուդիոն, սպասեք'][0m
[38;5;87m[2024-10-07 01:58:56,948] BOT: INFO [user id: 1357108258] https://www.youtube.com/watch?v=XBleNfmkScA[0m
[38;5;87m[2024-10-07 01:58:56,982] BOT: INFO [user id: ] 403[0m
[38;5;87m[2024-10-07 01:59:02,216] BOT: INFO [user id: ] 200[0m
[38;5;87m[2024-10-07 01:59:03,736] BOT: INFO [user id: ] ['Ներբեռնում', 'ՄԲ', 'Ուղարկում եմ աուդիոն, սպասեք'][0m
[38;5;87m[2024-10-07 01:59:05,013] BOT: INFO [user id: 1357108258] https://www.youtube.com/watch?v=XBleNfmkScA[0m
[38;5;87m[2024-10-07 01:59:05,046] BOT: INFO [user id: ] 403[0m
[38;5;87m[2024-10-07 01:59:08,178] BOT: INFO [user id: ] 200[0m
[38;5;87m[2024-10-07 01:59:09,058] BOT: INFO [user id: ] ['Ներբեռնում', 'ՄԲ', 'Ուղարկում եմ աուդիոն, սպասեք'][0m
[38;5;87m[2024-10-07 01:59:10,355] BOT: INFO [user id: 1357108258] https://www.youtube.com/watch?v=XBleNfmkScA[0m
[38;5;87m[2024-10-07 01:59:10,398] BOT: INFO [user id: ] 403[0m
[38;5;87m[2024-10-07 01:59:10,771] BOT: INFO [user id: ] 200[0m
[38;5;87m[2024-10-07 01:59:11,657] BOT: INFO [user id: ] ['Ներբեռնում', 'ՄԲ', 'Ուղարկում եմ աուդիոն, սպասեք'][0m
[38;5;87m[2024-10-07 01:59:12,183] BOT: INFO [user id: ] [datetime.datetime(2024, 10, 7, 1, 59, 12, 183812), 'finish download'][0m
[38;5;87m[2024-10-07 01:59:13,066] BOT: INFO [user id: ] ['Ներբեռնում', 'ՄԲ', 'Ուղարկում եմ աուդիոն, սպասեք'][0m
[38;5;87m[2024-10-07 01:59:13,876] BOT: INFO [user id: 1357108258] https://www.youtube.com/watch?v=XBleNfmkScA[0m
[38;5;87m[2024-10-07 01:59:13,909] BOT: INFO [user id: ] 403[0m
[38;5;87m[2024-10-07 01:59:19,217] BOT: INFO [user id: ] 200[0m
[38;5;87m[2024-10-07 01:59:21,022] BOT: INFO [user id: 1357108258] https://www.youtube.com/watch?v=XBleNfmkScA[0m
[38;5;87m[2024-10-07 01:59:21,056] BOT: INFO [user id: ] 403[0m
[38;5;87m[2024-10-07 01:59:21,372] BOT: INFO [user id: ] 200[0m
[38;5;87m[2024-10-07 01:59:22,735] BOT: INFO [user id: ] ['Ներբեռնում', 'ՄԲ', 'Ուղարկում եմ աուդիոն, սպասեք'][0m
[38;5;87m[2024-10-07 01:59:22,742] BOT: INFO [user id: ] [datetime.datetime(2024, 10, 7, 1, 59, 22, 742437), 'finish download'][0m
[38;5;87m[2024-10-07 01:59:23,675] BOT: INFO [user id: 1357108258] https://www.youtube.com/watch?v=XBleNfmkScA[0m
[38;5;87m[2024-10-07 01:59:23,707] BOT: INFO [user id: ] 403[0m
[38;5;87m[2024-10-07 01:59:24,018] BOT: INFO [user id: ] 200[0m
[38;5;87m[2024-10-07 01:59:24,464] BOT: INFO [user id: ] ['Ներբեռնում', 'ՄԲ', 'Ուղարկում եմ աուդիոն, սպասեք'][0m
[38;5;87m[2024-10-07 01:59:25,397] BOT: INFO [user id: 1357108258] https://www.youtube.com/watch?v=XBleNfmkScA[0m
[38;5;87m[2024-10-07 01:59:25,432] BOT: INFO [user id: ] 403[0m
[38;5;87m[2024-10-07 01:59:25,764] BOT: INFO [user id: ] 200[0m
[38;5;87m[2024-10-07 01:59:30,180] BOT: ERROR [user id: ] Telegram server says - Bad Request: message is not modified: specified new message content and reply markup are exactly the same as a current content and reply markup of the message[0m
[38;5;87m[2024-10-07 01:59:33,945] BOT: INFO [user id: ] [datetime.datetime(2024, 10, 7, 1, 59, 33, 945252), 'finish sending'][0m
[38;5;87m[2024-10-07 01:59:34,332] BOT: ERROR [user id: ] Telegram server says - Bad Request: message is not modified: specified new message content and reply markup are exactly the same as a current content and reply markup of the message[0m
[38;5;87m[2024-10-07 01:59:38,144] BOT: ERROR [user id: ] Telegram server says - Bad Request: message is not modified: specified new message content and reply markup are exactly the same as a current content and reply markup of the message[0m
[38;5;87m[2024-10-07 01:59:39,798] BOT: INFO [user id: ] [datetime.datetime(2024, 10, 7, 1, 59, 39, 798146), 'finish sending'][0m
[38;5;87m[2024-10-07 01:59:41,178] BOT: ERROR [user id: ] Telegram server says - Bad Request: message is not modified: specified new message content and reply markup are exactly the same as a current content and reply markup of the message[0m
[38;5;87m[2024-10-07 01:59:56,498] BOT: INFO [user id: ] [datetime.datetime(2024, 10, 7, 1, 59, 56, 498872), 'finish download'][0m
[38;5;87m[2024-10-07 01:59:56,699] BOT: ERROR [user id: ] Telegram server says - Bad Request: message is not modified: specified new message content and reply markup are exactly the same as a current content and reply markup of the message[0m
[38;5;87m[2024-10-07 01:59:59,315] BOT: ERROR [user id: ] Telegram server says - Bad Request: message is not modified: specified new message content and reply markup are exactly the same as a current content and reply markup of the message[0m
[38;5;87m[2024-10-07 01:59:59,508] BOT: ERROR [user id: ] Telegram server says - Bad Request: message is not modified: specified new message content and reply markup are exactly the same as a current content and reply markup of the message[0m
[38;5;87m[2024-10-07 02:00:01,541] BOT: INFO [user id: ] [datetime.datetime(2024, 10, 7, 2, 0, 1, 541265), 'finish sending'][0m
[38;5;87m[2024-10-07 02:00:10,817] BOT: ERROR [user id: ] Telegram server says - Bad Request: message is not modified: specified new message content and reply markup are exactly the same as a current content and reply markup of the message[0m
[38;5;87m[2024-10-07 02:00:15,230] BOT: ERROR [user id: ] Telegram server says - Bad Request: message is not modified: specified new message content and reply markup are exactly the same as a current content and reply markup of the message[0m
[38;5;87m[2024-10-07 02:00:20,172] BOT: ERROR [user id: ] Telegram server says - Bad Request: message is not modified: specified new message content and reply markup are exactly the same as a current content and reply markup of the message[0m
[38;5;87m[2024-10-07 02:00:23,162] BOT: INFO [user id: ] [datetime.datetime(2024, 10, 7, 2, 0, 23, 162482), 'finish download'][0m
[38;5;87m[2024-10-07 02:00:25,931] BOT: ERROR [user id: ] Telegram server says - Bad Request: message is not modified: specified new message content and reply markup are exactly the same as a current content and reply markup of the message[0m
[38;5;87m[2024-10-07 02:00:30,421] BOT: ERROR [user id: ] Telegram server says - Bad Request: message is not modified: specified new message content and reply markup are exactly the same as a current content and reply markup of the message[0m
[38;5;87m[2024-10-07 02:00:33,144] BOT: ERROR [user id: ] Telegram server says - Bad Request: message is not modified: specified new message content and reply markup are exactly the same as a current content and reply markup of the message[0m
[38;5;87m[2024-10-07 02:00:34,470] BOT: INFO [user id: ] [datetime.datetime(2024, 10, 7, 2, 0, 34, 470087), 'finish sending'][0m
[38;5;87m[2024-10-07 02:00:36,135] BOT: ERROR [user id: ] Telegram server says - Bad Request: message is not modified: specified new message content and reply markup are exactly the same as a current content and reply markup of the message[0m
[38;5;87m[2024-10-07 02:00:37,022] BOT: ERROR [user id: ] Telegram server says - Bad Request: message is not modified: specified new message content and reply markup are exactly the same as a current content and reply markup of the message[0m
[38;5;87m[2024-10-07 02:00:44,141] BOT: ERROR [user id: ] Telegram server says - Bad Request: message is not modified: specified new message content and reply markup are exactly the same as a current content and reply markup of the message[0m
[38;5;87m[2024-10-07 02:00:46,158] BOT: ERROR [user id: ] Telegram server says - Bad Request: message is not modified: specified new message content and reply markup are exactly the same as a current content and reply markup of the message[0m
[38;5;87m[2024-10-07 02:00:46,265] BOT: ERROR [user id: ] Telegram server says - Bad Request: message is not modified: specified new message content and reply markup are exactly the same as a current content and reply markup of the message[0m
[38;5;87m[2024-10-07 02:00:51,245] BOT: ERROR [user id: ] Telegram server says - Bad Request: message is not modified: specified new message content and reply markup are exactly the same as a current content and reply markup of the message[0m
[38;5;87m[2024-10-07 02:00:55,103] BOT: ERROR [user id: ] Telegram server says - Bad Request: message is not modified: specified new message content and reply markup are exactly the same as a current content and reply markup of the message[0m
[38;5;87m[2024-10-07 02:00:56,244] BOT: ERROR [user id: ] Telegram server says - Bad Request: message is not modified: specified new message content and reply markup are exactly the same as a current content and reply markup of the message[0m
[38;5;87m[2024-10-07 02:00:57,585] BOT: ERROR [user id: ] Telegram server says - Bad Request: message is not modified: specified new message content and reply markup are exactly the same as a current content and reply markup of the message[0m
[38;5;87m[2024-10-07 02:01:05,286] BOT: ERROR [user id: ] Telegram server says - Bad Request: message is not modified: specified new message content and reply markup are exactly the same as a current content and reply markup of the message[0m
[38;5;87m[2024-10-07 02:01:05,723] BOT: ERROR [user id: ] Telegram server says - Bad Request: message is not modified: specified new message content and reply markup are exactly the same as a current content and reply markup of the message[0m
[38;5;87m[2024-10-07 02:01:12,294] BOT: ERROR [user id: ] Telegram server says - Bad Request: message is not modified: specified new message content and reply markup are exactly the same as a current content and reply markup of the message[0m
[38;5;87m[2024-10-07 02:01:21,286] BOT: ERROR [user id: ] Telegram server says - Bad Request: message is not modified: specified new message content and reply markup are exactly the same as a current content and reply markup of the message[0m
[38;5;87m[2024-10-07 02:01:30,114] BOT: ERROR [user id: ] Telegram server says - Bad Request: message is not modified: specified new message content and reply markup are exactly the same as a current content and reply markup of the message[0m
[38;5;87m[2024-10-07 02:01:30,794] BOT: INFO [user id: ] [datetime.datetime(2024, 10, 7, 2, 1, 30, 794093), 'finish download'][0m
[38;5;87m[2024-10-07 02:01:36,299] BOT: INFO [user id: ] [datetime.datetime(2024, 10, 7, 2, 1, 36, 299402), 'finish sending'][0m
[38;5;87m[2024-10-07 02:01:41,258] BOT: ERROR [user id: ] Telegram server says - Bad Request: message is not modified: specified new message content and reply markup are exactly the same as a current content and reply markup of the message[0m
[38;5;87m[2024-10-07 02:01:50,644] BOT: ERROR [user id: ] Telegram server says - Bad Request: message is not modified: specified new message content and reply markup are exactly the same as a current content and reply markup of the message[0m
[38;5;87m[2024-10-07 02:01:59,124] BOT: ERROR [user id: ] Telegram server says - Bad Request: message is not modified: specified new message content and reply markup are exactly the same as a current content and reply markup of the message[0m
[38;5;87m[2024-10-07 02:02:01,289] BOT: INFO [user id: ] [datetime.datetime(2024, 10, 7, 2, 2, 1, 289453), 'finish download'][0m
[38;5;87m[2024-10-07 02:02:05,494] BOT: INFO [user id: ] [datetime.datetime(2024, 10, 7, 2, 2, 5, 494963), 'finish download'][0m
[38;5;87m[2024-10-07 02:02:09,671] BOT: INFO [user id: ] [datetime.datetime(2024, 10, 7, 2, 2, 9, 671064), 'finish download'][0m
[38;5;87m[2024-10-07 02:02:10,329] BOT: ERROR [user id: ] Telegram server says - Bad Request: message is not modified: specified new message content and reply markup are exactly the same as a current content and reply markup of the message[0m
[38;5;87m[2024-10-07 02:02:10,701] BOT: INFO [user id: ] [datetime.datetime(2024, 10, 7, 2, 2, 10, 701061), 'finish sending'][0m
[38;5;87m[2024-10-07 02:02:15,748] BOT: INFO [user id: ] [datetime.datetime(2024, 10, 7, 2, 2, 15, 748064), 'finish download'][0m
[38;5;87m[2024-10-07 02:02:16,911] BOT: INFO [user id: ] [datetime.datetime(2024, 10, 7, 2, 2, 16, 911523), 'finish sending'][0m
[38;5;87m[2024-10-07 02:02:18,313] BOT: INFO [user id: ] [datetime.datetime(2024, 10, 7, 2, 2, 18, 313080), 'finish sending'][0m
[38;5;87m[2024-10-07 02:02:32,364] BOT: INFO [user id: ] [datetime.datetime(2024, 10, 7, 2, 2, 32, 364112), 'finish sending'][0m
[38;5;87m[2024-10-07 02:03:21,836] BOT: INFO [user id: ] ['Ներբեռնում', 'ՄԲ', 'Ուղարկում եմ աուդիոն, սպասեք'][0m
[38;5;87m[2024-10-07 02:03:22,818] BOT: INFO [user id: 1357108258] https://www.youtube.com/watch?v=XBleNfmkScA[0m
[38;5;87m[2024-10-07 02:03:22,851] BOT: INFO [user id: ] 403[0m
[38;5;87m[2024-10-07 02:03:23,537] BOT: INFO [user id: ] 200[0m
[38;5;87m[2024-10-07 02:03:33,317] BOT: ERROR [user id: ] Telegram server says - Bad Request: message is not modified: specified new message content and reply markup are exactly the same as a current content and reply markup of the message[0m
[38;5;87m[2024-10-07 02:03:42,107] BOT: ERROR [user id: ] Telegram server says - Bad Request: message is not modified: specified new message content and reply markup are exactly the same as a current content and reply markup of the message[0m
[38;5;87m[2024-10-07 02:03:51,241] BOT: ERROR [user id: ] Telegram server says - Bad Request: message is not modified: specified new message content and reply markup are exactly the same as a current content and reply markup of the message[0m
[38;5;87m[2024-10-07 02:03:54,933] BOT: INFO [user id: ] [datetime.datetime(2024, 10, 7, 2, 3, 54, 933225), 'finish download'][0m
[38;5;87m[2024-10-07 02:04:03,006] BOT: INFO [user id: ] [datetime.datetime(2024, 10, 7, 2, 4, 3, 6553), 'finish sending'][0m
[38;5;87m[2024-10-07 02:04:07,827] BOT: INFO [user id: ] ['Ներբեռնում', 'ՄԲ', 'Ուղարկում եմ աուդիոն, սպասեք'][0m
[38;5;87m[2024-10-07 02:04:08,751] BOT: INFO [user id: 1357108258] https://www.youtube.com/watch?v=XBleNfmkScA[0m
[38;5;87m[2024-10-07 02:04:08,780] BOT: INFO [user id: ] 403[0m
[38;5;87m[2024-10-07 02:04:09,383] BOT: INFO [user id: ] 200[0m
[38;5;87m[2024-10-07 02:04:19,271] BOT: ERROR [user id: ] Telegram server says - Bad Request: message is not modified: specified new message content and reply markup are exactly the same as a current content and reply markup of the message[0m
[38;5;87m[2024-10-07 02:04:28,173] BOT: ERROR [user id: ] Telegram server says - Bad Request: message is not modified: specified new message content and reply markup are exactly the same as a current content and reply markup of the message[0m
[38;5;87m[2024-10-07 02:04:34,192] BOT: ERROR [user id: ] HTTP Client says - ClientConnectorError: Cannot connect to host 66.151.41.52:8081 ssl:default [Connect call failed ('66.151.41.52', 8081)][0m
[38;5;87m[2024-10-07 02:04:35,100] BOT: ERROR [user id: ] HTTP Client says - ClientConnectorError: Cannot connect to host 66.151.41.52:8081 ssl:default [Connect call failed ('66.151.41.52', 8081)][0m
[38;5;87m[2024-10-07 02:04:36,531] BOT: ERROR [user id: ] HTTP Client says - ClientConnectorError: Cannot connect to host 66.151.41.52:8081 ssl:default [Connect call failed ('66.151.41.52', 8081)][0m
[38;5;87m[2024-10-07 02:04:37,168] BOT: ERROR [user id: ] HTTP Client says - ClientConnectorError: Cannot connect to host 66.151.41.52:8081 ssl:default [Connect call failed ('66.151.41.52', 8081)][0m
[38;5;87m[2024-10-07 02:04:38,324] BOT: ERROR [user id: ] HTTP Client says - ClientConnectorError: Cannot connect to host 66.151.41.52:8081 ssl:default [Connect call failed ('66.151.41.52', 8081)][0m
[38;5;87m[2024-10-07 02:04:39,099] BOT: ERROR [user id: ] HTTP Client says - ClientConnectorError: Cannot connect to host 66.151.41.52:8081 ssl:default [Connect call failed ('66.151.41.52', 8081)][0m
[38;5;87m[2024-10-07 02:04:40,599] BOT: ERROR [user id: ] HTTP Client says - ClientConnectorError: Cannot connect to host 66.151.41.52:8081 ssl:default [Connect call failed ('66.151.41.52', 8081)][0m
[38;5;87m[2024-10-07 02:04:46,148] BOT: ERROR [user id: ] Telegram server says - Bad Request: message is not modified: specified new message content and reply markup are exactly the same as a current content and reply markup of the message[0m
[38;5;87m[2024-10-07 02:04:51,912] BOT: INFO [user id: ] [datetime.datetime(2024, 10, 7, 2, 4, 51, 912023), 'finish download'][0m
