[38;5;201m[2024-10-07 19:42:55,537] MARIA: INFO [user id: ] Successfully connected to the MariaDB database[0m
[38;5;87m[2024-10-07 19:43:15,051] BOT: INFO [user id: ] ['Ներբեռնում', 'ՄԲ', 'Ուղարկում եմ աուդիոն, սպասեք'][0m
[38;5;87m[2024-10-07 19:43:16,024] BOT: INFO [user id: ] ['Ներբեռնում', 'ՄԲ', 'Ուղարկում եմ աուդիոն, սպասեք'][0m
[38;5;87m[2024-10-07 19:43:17,633] BOT: INFO [user id: 1357108258] https://www.youtube.com/watch?v=1O0yazhqaxs[0m
[38;5;87m[2024-10-07 19:43:17,737] BOT: INFO [user id: ] 403[0m
[38;5;87m[2024-10-07 19:43:18,423] BOT: INFO [user id: ] 200[0m
[38;5;87m[2024-10-07 19:43:19,852] BOT: INFO [user id: 1357108258] https://www.youtube.com/watch?v=1O0yazhqaxs[0m
[38;5;87m[2024-10-07 19:43:19,893] BOT: INFO [user id: ] 403[0m
[38;5;87m[2024-10-07 19:43:20,563] BOT: INFO [user id: ] 200[0m
[38;5;87m[2024-10-07 19:43:20,816] BOT: INFO [user id: ] [datetime.datetime(2024, 10, 7, 19, 43, 20, 816250), 'finish download'][0m
[38;5;87m[2024-10-07 19:43:22,258] BOT: INFO [user id: ] [datetime.datetime(2024, 10, 7, 19, 43, 22, 258074), 'finish download'][0m
[38;5;87m[2024-10-07 19:43:24,906] BOT: INFO [user id: ] [datetime.datetime(2024, 10, 7, 19, 43, 24, 906185), 'finish sending'][0m
[38;5;87m[2024-10-07 19:43:26,131] BOT: INFO [user id: ] [datetime.datetime(2024, 10, 7, 19, 43, 26, 131083), 'finish sending'][0m
[38;5;87m[2024-10-07 19:43:29,809] BOT: INFO [user id: ] ['Ներբեռնում', 'ՄԲ', 'Ուղարկում եմ աուդիոն, սպասեք'][0m
[38;5;87m[2024-10-07 19:43:30,819] BOT: INFO [user id: ] ['Ներբեռնում', 'ՄԲ', 'Ուղարկում եմ աուդիոն, սպասեք'][0m
[38;5;87m[2024-10-07 19:43:31,730] BOT: INFO [user id: ] ['Ներբեռնում', 'ՄԲ', 'Ուղարկում եմ աուդիոն, սպասեք'][0m
[38;5;87m[2024-10-07 19:43:33,004] BOT: INFO [user id: ] 403[0m
[38;5;87m[2024-10-07 19:43:35,343] BOT: INFO [user id: ] 200[0m
[38;5;87m[2024-10-07 19:43:36,459] BOT: INFO [user id: ] 403[0m
[38;5;87m[2024-10-07 19:43:38,427] BOT: INFO [user id: ] 200[0m
[38;5;87m[2024-10-07 19:43:39,487] BOT: INFO [user id: ] 403[0m
[38;5;87m[2024-10-07 19:43:41,121] BOT: INFO [user id: ] 200[0m
[38;5;87m[2024-10-07 19:43:41,126] BOT: INFO [user id: ] [datetime.datetime(2024, 10, 7, 19, 43, 41, 126407), 'finish download'][0m
[38;5;87m[2024-10-07 19:43:41,558] BOT: INFO [user id: ] [datetime.datetime(2024, 10, 7, 19, 43, 41, 558481), 'finish download'][0m
[38;5;87m[2024-10-07 19:43:42,699] BOT: INFO [user id: ] [datetime.datetime(2024, 10, 7, 19, 43, 42, 699642), 'finish download'][0m
[38;5;87m[2024-10-07 19:43:45,431] BOT: INFO [user id: ] [datetime.datetime(2024, 10, 7, 19, 43, 45, 431071), 'finish sending'][0m
[38;5;87m[2024-10-07 19:43:45,693] BOT: INFO [user id: ] [datetime.datetime(2024, 10, 7, 19, 43, 45, 693576), 'finish sending'][0m
[38;5;87m[2024-10-07 19:43:46,833] BOT: INFO [user id: ] [datetime.datetime(2024, 10, 7, 19, 43, 46, 833459), 'finish sending'][0m
