[38;5;201m[2024-11-13 23:43:38,131] MARIA: INFO [user id: ] Successfully connected to the MariaDB database[0m
[38;5;87m[2024-11-13 23:43:47,623] BOT: INFO [user id: 1357108258] USER SEND TEXT: https://www.youtube.com/watch?v=XBleNfmkScA[0m
[38;5;87m[2024-11-13 23:43:55,153] BOT: INFO [user id: 1357108258] USER CLICK ON ['download_video', '480p', '📹', 'XBleNfmkScA'][0m
[38;5;87m[2024-11-13 23:43:55,154] BOT: INFO [user id: 1357108258] USER CLICK ON ['download_video', '480p', '📹', 'XBleNfmkScA'][0m
[38;5;87m[2024-11-13 23:43:58,782] BOT: ERROR [user id: ] Telegram server says - Bad Request: message is not modified: specified new message content and reply markup are exactly the same as a current content and reply markup of the message[0m
[38;5;87m[2024-11-13 23:43:58,981] BOT: ERROR [user id: ] Telegram server says - Bad Request: message is not modified: specified new message content and reply markup are exactly the same as a current content and reply markup of the message[0m
[38;5;87m[2024-11-13 23:43:59,203] BOT: ERROR [user id: ] Telegram server says - Bad Request: message is not modified: specified new message content and reply markup are exactly the same as a current content and reply markup of the message[0m
[38;5;87m[2024-11-13 23:43:59,395] BOT: ERROR [user id: ] Telegram server says - Bad Request: message is not modified: specified new message content and reply markup are exactly the same as a current content and reply markup of the message[0m
[38;5;87m[2024-11-13 23:43:59,653] BOT: ERROR [user id: ] Telegram server says - Bad Request: message is not modified: specified new message content and reply markup are exactly the same as a current content and reply markup of the message[0m
[38;5;87m[2024-11-13 23:44:00,005] BOT: ERROR [user id: ] Telegram server says - Bad Request: message is not modified: specified new message content and reply markup are exactly the same as a current content and reply markup of the message[0m
[38;5;87m[2024-11-13 23:44:00,181] BOT: ERROR [user id: ] Telegram server says - Bad Request: message is not modified: specified new message content and reply markup are exactly the same as a current content and reply markup of the message[0m
[38;5;87m[2024-11-13 23:44:00,371] BOT: ERROR [user id: ] Telegram server says - Bad Request: message is not modified: specified new message content and reply markup are exactly the same as a current content and reply markup of the message[0m
[38;5;87m[2024-11-13 23:44:00,572] BOT: ERROR [user id: ] Telegram server says - Bad Request: message is not modified: specified new message content and reply markup are exactly the same as a current content and reply markup of the message[0m
[38;5;87m[2024-11-13 23:44:01,156] BOT: ERROR [user id: ] Telegram server says - Bad Request: message is not modified: specified new message content and reply markup are exactly the same as a current content and reply markup of the message[0m
[38;5;87m[2024-11-13 23:44:01,575] BOT: ERROR [user id: ] Telegram server says - Bad Request: message is not modified: specified new message content and reply markup are exactly the same as a current content and reply markup of the message[0m
[38;5;87m[2024-11-13 23:44:01,771] BOT: ERROR [user id: ] Telegram server says - Bad Request: message is not modified: specified new message content and reply markup are exactly the same as a current content and reply markup of the message[0m
[38;5;87m[2024-11-13 23:44:03,387] BOT: ERROR [user id: ] Telegram server says - Bad Request: message is not modified: specified new message content and reply markup are exactly the same as a current content and reply markup of the message[0m
[38;5;87m[2024-11-13 23:44:13,718] BOT: ERROR [user id: ] Telegram server says - Flood control exceeded on method 'EditMessageMedia' in chat 1357108258. Retry in 234 seconds.
Original description: Too Many Requests: retry after 234
(background on this error at: https://core.telegram.org/bots/faq#my-bot-is-hitting-limits-how-do-i-avoid-this)[0m
[38;5;87m[2024-11-13 23:44:13,900] BOT: ERROR [user id: ] Telegram server says - Flood control exceeded on method 'EditMessageMedia' in chat 1357108258. Retry in 234 seconds.
Original description: Too Many Requests: retry after 234
(background on this error at: https://core.telegram.org/bots/faq#my-bot-is-hitting-limits-how-do-i-avoid-this)[0m
[38;5;87m[2024-11-13 23:44:14,088] BOT: ERROR [user id: ] Telegram server says - Flood control exceeded on method 'EditMessageMedia' in chat 1357108258. Retry in 233 seconds.
Original description: Too Many Requests: retry after 233
(background on this error at: https://core.telegram.org/bots/faq#my-bot-is-hitting-limits-how-do-i-avoid-this)[0m
[38;5;87m[2024-11-13 23:44:14,267] BOT: ERROR [user id: ] Telegram server says - Flood control exceeded on method 'EditMessageMedia' in chat 1357108258. Retry in 233 seconds.
Original description: Too Many Requests: retry after 233
(background on this error at: https://core.telegram.org/bots/faq#my-bot-is-hitting-limits-how-do-i-avoid-this)[0m
[38;5;87m[2024-11-13 23:44:14,467] BOT: ERROR [user id: ] Telegram server says - Flood control exceeded on method 'EditMessageMedia' in chat 1357108258. Retry in 233 seconds.
Original description: Too Many Requests: retry after 233
(background on this error at: https://core.telegram.org/bots/faq#my-bot-is-hitting-limits-how-do-i-avoid-this)[0m
[38;5;87m[2024-11-13 23:44:14,647] BOT: ERROR [user id: ] Telegram server says - Flood control exceeded on method 'EditMessageMedia' in chat 1357108258. Retry in 233 seconds.
Original description: Too Many Requests: retry after 233
(background on this error at: https://core.telegram.org/bots/faq#my-bot-is-hitting-limits-how-do-i-avoid-this)[0m
[38;5;87m[2024-11-13 23:44:14,818] BOT: ERROR [user id: ] Telegram server says - Flood control exceeded on method 'EditMessageMedia' in chat 1357108258. Retry in 233 seconds.
Original description: Too Many Requests: retry after 233
(background on this error at: https://core.telegram.org/bots/faq#my-bot-is-hitting-limits-how-do-i-avoid-this)[0m
[38;5;87m[2024-11-13 23:44:14,991] BOT: ERROR [user id: ] Telegram server says - Flood control exceeded on method 'EditMessageMedia' in chat 1357108258. Retry in 232 seconds.
Original description: Too Many Requests: retry after 232
(background on this error at: https://core.telegram.org/bots/faq#my-bot-is-hitting-limits-how-do-i-avoid-this)[0m
[38;5;87m[2024-11-13 23:44:15,164] BOT: ERROR [user id: ] Telegram server says - Flood control exceeded on method 'EditMessageMedia' in chat 1357108258. Retry in 232 seconds.
Original description: Too Many Requests: retry after 232
(background on this error at: https://core.telegram.org/bots/faq#my-bot-is-hitting-limits-how-do-i-avoid-this)[0m
[38;5;87m[2024-11-13 23:44:15,334] BOT: ERROR [user id: ] Telegram server says - Flood control exceeded on method 'EditMessageMedia' in chat 1357108258. Retry in 232 seconds.
Original description: Too Many Requests: retry after 232
(background on this error at: https://core.telegram.org/bots/faq#my-bot-is-hitting-limits-how-do-i-avoid-this)[0m
[38;5;87m[2024-11-13 23:44:15,520] BOT: ERROR [user id: ] Telegram server says - Flood control exceeded on method 'EditMessageMedia' in chat 1357108258. Retry in 232 seconds.
Original description: Too Many Requests: retry after 232
(background on this error at: https://core.telegram.org/bots/faq#my-bot-is-hitting-limits-how-do-i-avoid-this)[0m
[38;5;87m[2024-11-13 23:44:15,701] BOT: ERROR [user id: ] Telegram server says - Flood control exceeded on method 'EditMessageMedia' in chat 1357108258. Retry in 232 seconds.
Original description: Too Many Requests: retry after 232
(background on this error at: https://core.telegram.org/bots/faq#my-bot-is-hitting-limits-how-do-i-avoid-this)[0m
[38;5;87m[2024-11-13 23:44:15,875] BOT: ERROR [user id: ] Telegram server says - Flood control exceeded on method 'EditMessageMedia' in chat 1357108258. Retry in 232 seconds.
Original description: Too Many Requests: retry after 232
(background on this error at: https://core.telegram.org/bots/faq#my-bot-is-hitting-limits-how-do-i-avoid-this)[0m
[38;5;87m[2024-11-13 23:44:16,059] BOT: ERROR [user id: ] Telegram server says - Flood control exceeded on method 'EditMessageMedia' in chat 1357108258. Retry in 231 seconds.
Original description: Too Many Requests: retry after 231
(background on this error at: https://core.telegram.org/bots/faq#my-bot-is-hitting-limits-how-do-i-avoid-this)[0m
[38;5;87m[2024-11-13 23:44:16,316] BOT: ERROR [user id: ] Telegram server says - Flood control exceeded on method 'EditMessageMedia' in chat 1357108258. Retry in 231 seconds.
Original description: Too Many Requests: retry after 231
(background on this error at: https://core.telegram.org/bots/faq#my-bot-is-hitting-limits-how-do-i-avoid-this)[0m
[38;5;87m[2024-11-13 23:44:16,495] BOT: ERROR [user id: ] Telegram server says - Flood control exceeded on method 'EditMessageMedia' in chat 1357108258. Retry in 231 seconds.
Original description: Too Many Requests: retry after 231
(background on this error at: https://core.telegram.org/bots/faq#my-bot-is-hitting-limits-how-do-i-avoid-this)[0m
[38;5;87m[2024-11-13 23:44:16,722] BOT: ERROR [user id: ] Telegram server says - Flood control exceeded on method 'EditMessageMedia' in chat 1357108258. Retry in 231 seconds.
Original description: Too Many Requests: retry after 231
(background on this error at: https://core.telegram.org/bots/faq#my-bot-is-hitting-limits-how-do-i-avoid-this)[0m
[38;5;87m[2024-11-13 23:44:16,900] BOT: ERROR [user id: ] Telegram server says - Flood control exceeded on method 'EditMessageMedia' in chat 1357108258. Retry in 231 seconds.
Original description: Too Many Requests: retry after 231
(background on this error at: https://core.telegram.org/bots/faq#my-bot-is-hitting-limits-how-do-i-avoid-this)[0m
[38;5;87m[2024-11-13 23:44:17,074] BOT: ERROR [user id: ] Telegram server says - Flood control exceeded on method 'EditMessageMedia' in chat 1357108258. Retry in 230 seconds.
Original description: Too Many Requests: retry after 230
(background on this error at: https://core.telegram.org/bots/faq#my-bot-is-hitting-limits-how-do-i-avoid-this)[0m
[38;5;87m[2024-11-13 23:44:17,247] BOT: ERROR [user id: ] Telegram server says - Flood control exceeded on method 'EditMessageMedia' in chat 1357108258. Retry in 230 seconds.
Original description: Too Many Requests: retry after 230
(background on this error at: https://core.telegram.org/bots/faq#my-bot-is-hitting-limits-how-do-i-avoid-this)[0m
[38;5;87m[2024-11-13 23:44:17,434] BOT: ERROR [user id: ] Telegram server says - Flood control exceeded on method 'EditMessageMedia' in chat 1357108258. Retry in 230 seconds.
Original description: Too Many Requests: retry after 230
(background on this error at: https://core.telegram.org/bots/faq#my-bot-is-hitting-limits-how-do-i-avoid-this)[0m
[38;5;87m[2024-11-13 23:44:17,613] BOT: ERROR [user id: ] Telegram server says - Flood control exceeded on method 'EditMessageMedia' in chat 1357108258. Retry in 230 seconds.
Original description: Too Many Requests: retry after 230
(background on this error at: https://core.telegram.org/bots/faq#my-bot-is-hitting-limits-how-do-i-avoid-this)[0m
[38;5;87m[2024-11-13 23:44:17,802] BOT: ERROR [user id: ] Telegram server says - Flood control exceeded on method 'EditMessageMedia' in chat 1357108258. Retry in 230 seconds.
Original description: Too Many Requests: retry after 230
(background on this error at: https://core.telegram.org/bots/faq#my-bot-is-hitting-limits-how-do-i-avoid-this)[0m
[38;5;87m[2024-11-13 23:44:18,006] BOT: ERROR [user id: ] Telegram server says - Flood control exceeded on method 'EditMessageMedia' in chat 1357108258. Retry in 229 seconds.
Original description: Too Many Requests: retry after 229
(background on this error at: https://core.telegram.org/bots/faq#my-bot-is-hitting-limits-how-do-i-avoid-this)[0m
[38;5;87m[2024-11-13 23:44:18,183] BOT: ERROR [user id: ] Telegram server says - Flood control exceeded on method 'EditMessageMedia' in chat 1357108258. Retry in 229 seconds.
Original description: Too Many Requests: retry after 229
(background on this error at: https://core.telegram.org/bots/faq#my-bot-is-hitting-limits-how-do-i-avoid-this)[0m
[38;5;87m[2024-11-13 23:44:18,366] BOT: ERROR [user id: ] Telegram server says - Flood control exceeded on method 'EditMessageMedia' in chat 1357108258. Retry in 229 seconds.
Original description: Too Many Requests: retry after 229
(background on this error at: https://core.telegram.org/bots/faq#my-bot-is-hitting-limits-how-do-i-avoid-this)[0m
[38;5;87m[2024-11-13 23:44:18,538] BOT: ERROR [user id: ] Telegram server says - Flood control exceeded on method 'EditMessageMedia' in chat 1357108258. Retry in 229 seconds.
Original description: Too Many Requests: retry after 229
(background on this error at: https://core.telegram.org/bots/faq#my-bot-is-hitting-limits-how-do-i-avoid-this)[0m
[38;5;87m[2024-11-13 23:44:18,714] BOT: ERROR [user id: ] Telegram server says - Flood control exceeded on method 'EditMessageMedia' in chat 1357108258. Retry in 229 seconds.
Original description: Too Many Requests: retry after 229
(background on this error at: https://core.telegram.org/bots/faq#my-bot-is-hitting-limits-how-do-i-avoid-this)[0m
[38;5;87m[2024-11-13 23:44:18,886] BOT: ERROR [user id: ] Telegram server says - Flood control exceeded on method 'EditMessageMedia' in chat 1357108258. Retry in 229 seconds.
Original description: Too Many Requests: retry after 229
(background on this error at: https://core.telegram.org/bots/faq#my-bot-is-hitting-limits-how-do-i-avoid-this)[0m
[38;5;87m[2024-11-13 23:44:19,063] BOT: ERROR [user id: ] Telegram server says - Flood control exceeded on method 'EditMessageMedia' in chat 1357108258. Retry in 228 seconds.
Original description: Too Many Requests: retry after 228
(background on this error at: https://core.telegram.org/bots/faq#my-bot-is-hitting-limits-how-do-i-avoid-this)[0m
[38;5;87m[2024-11-13 23:44:19,237] BOT: ERROR [user id: ] Telegram server says - Flood control exceeded on method 'EditMessageMedia' in chat 1357108258. Retry in 228 seconds.
Original description: Too Many Requests: retry after 228
(background on this error at: https://core.telegram.org/bots/faq#my-bot-is-hitting-limits-how-do-i-avoid-this)[0m
[38;5;87m[2024-11-13 23:44:19,422] BOT: ERROR [user id: ] Telegram server says - Flood control exceeded on method 'EditMessageMedia' in chat 1357108258. Retry in 228 seconds.
Original description: Too Many Requests: retry after 228
(background on this error at: https://core.telegram.org/bots/faq#my-bot-is-hitting-limits-how-do-i-avoid-this)[0m
[38;5;87m[2024-11-13 23:44:19,594] BOT: ERROR [user id: ] Telegram server says - Flood control exceeded on method 'EditMessageMedia' in chat 1357108258. Retry in 228 seconds.
Original description: Too Many Requests: retry after 228
(background on this error at: https://core.telegram.org/bots/faq#my-bot-is-hitting-limits-how-do-i-avoid-this)[0m
[38;5;87m[2024-11-13 23:44:19,783] BOT: ERROR [user id: ] Telegram server says - Flood control exceeded on method 'EditMessageMedia' in chat 1357108258. Retry in 228 seconds.
Original description: Too Many Requests: retry after 228
(background on this error at: https://core.telegram.org/bots/faq#my-bot-is-hitting-limits-how-do-i-avoid-this)[0m
[38;5;87m[2024-11-13 23:44:19,974] BOT: ERROR [user id: ] Telegram server says - Flood control exceeded on method 'EditMessageMedia' in chat 1357108258. Retry in 227 seconds.
Original description: Too Many Requests: retry after 227
(background on this error at: https://core.telegram.org/bots/faq#my-bot-is-hitting-limits-how-do-i-avoid-this)[0m
[38;5;87m[2024-11-13 23:44:20,159] BOT: ERROR [user id: ] Telegram server says - Flood control exceeded on method 'EditMessageMedia' in chat 1357108258. Retry in 227 seconds.
Original description: Too Many Requests: retry after 227
(background on this error at: https://core.telegram.org/bots/faq#my-bot-is-hitting-limits-how-do-i-avoid-this)[0m
[38;5;87m[2024-11-13 23:44:20,354] BOT: ERROR [user id: ] Telegram server says - Flood control exceeded on method 'EditMessageMedia' in chat 1357108258. Retry in 227 seconds.
Original description: Too Many Requests: retry after 227
(background on this error at: https://core.telegram.org/bots/faq#my-bot-is-hitting-limits-how-do-i-avoid-this)[0m
[38;5;87m[2024-11-13 23:44:20,642] BOT: ERROR [user id: ] Telegram server says - Flood control exceeded on method 'EditMessageMedia' in chat 1357108258. Retry in 227 seconds.
Original description: Too Many Requests: retry after 227
(background on this error at: https://core.telegram.org/bots/faq#my-bot-is-hitting-limits-how-do-i-avoid-this)[0m
[38;5;87m[2024-11-13 23:44:20,886] BOT: ERROR [user id: ] Telegram server says - Flood control exceeded on method 'EditMessageMedia' in chat 1357108258. Retry in 227 seconds.
Original description: Too Many Requests: retry after 227
(background on this error at: https://core.telegram.org/bots/faq#my-bot-is-hitting-limits-how-do-i-avoid-this)[0m
[38;5;87m[2024-11-13 23:44:21,096] BOT: ERROR [user id: ] Telegram server says - Flood control exceeded on method 'EditMessageMedia' in chat 1357108258. Retry in 226 seconds.
Original description: Too Many Requests: retry after 226
(background on this error at: https://core.telegram.org/bots/faq#my-bot-is-hitting-limits-how-do-i-avoid-this)[0m
[38;5;87m[2024-11-13 23:44:21,294] BOT: ERROR [user id: ] Telegram server says - Flood control exceeded on method 'EditMessageMedia' in chat 1357108258. Retry in 226 seconds.
Original description: Too Many Requests: retry after 226
(background on this error at: https://core.telegram.org/bots/faq#my-bot-is-hitting-limits-how-do-i-avoid-this)[0m
[38;5;87m[2024-11-13 23:44:21,488] BOT: ERROR [user id: ] Telegram server says - Flood control exceeded on method 'EditMessageMedia' in chat 1357108258. Retry in 226 seconds.
Original description: Too Many Requests: retry after 226
(background on this error at: https://core.telegram.org/bots/faq#my-bot-is-hitting-limits-how-do-i-avoid-this)[0m
[38;5;87m[2024-11-13 23:44:21,665] BOT: ERROR [user id: ] Telegram server says - Flood control exceeded on method 'EditMessageMedia' in chat 1357108258. Retry in 226 seconds.
Original description: Too Many Requests: retry after 226
(background on this error at: https://core.telegram.org/bots/faq#my-bot-is-hitting-limits-how-do-i-avoid-this)[0m
[38;5;87m[2024-11-13 23:44:21,839] BOT: ERROR [user id: ] Telegram server says - Flood control exceeded on method 'EditMessageMedia' in chat 1357108258. Retry in 226 seconds.
Original description: Too Many Requests: retry after 226
(background on this error at: https://core.telegram.org/bots/faq#my-bot-is-hitting-limits-how-do-i-avoid-this)[0m
[38;5;87m[2024-11-13 23:44:22,073] BOT: ERROR [user id: ] Telegram server says - Flood control exceeded on method 'EditMessageMedia' in chat 1357108258. Retry in 225 seconds.
Original description: Too Many Requests: retry after 225
(background on this error at: https://core.telegram.org/bots/faq#my-bot-is-hitting-limits-how-do-i-avoid-this)[0m
[38;5;87m[2024-11-13 23:44:22,300] BOT: ERROR [user id: ] Telegram server says - Flood control exceeded on method 'EditMessageMedia' in chat 1357108258. Retry in 225 seconds.
Original description: Too Many Requests: retry after 225
(background on this error at: https://core.telegram.org/bots/faq#my-bot-is-hitting-limits-how-do-i-avoid-this)[0m
[38;5;87m[2024-11-13 23:44:22,535] BOT: ERROR [user id: ] Telegram server says - Flood control exceeded on method 'EditMessageMedia' in chat 1357108258. Retry in 225 seconds.
Original description: Too Many Requests: retry after 225
(background on this error at: https://core.telegram.org/bots/faq#my-bot-is-hitting-limits-how-do-i-avoid-this)[0m
[38;5;87m[2024-11-13 23:44:22,793] BOT: ERROR [user id: ] Telegram server says - Flood control exceeded on method 'EditMessageMedia' in chat 1357108258. Retry in 225 seconds.
Original description: Too Many Requests: retry after 225
(background on this error at: https://core.telegram.org/bots/faq#my-bot-is-hitting-limits-how-do-i-avoid-this)[0m
[38;5;87m[2024-11-13 23:44:23,079] BOT: ERROR [user id: ] Telegram server says - Flood control exceeded on method 'EditMessageMedia' in chat 1357108258. Retry in 224 seconds.
Original description: Too Many Requests: retry after 224
(background on this error at: https://core.telegram.org/bots/faq#my-bot-is-hitting-limits-how-do-i-avoid-this)[0m
[38;5;87m[2024-11-13 23:44:23,346] BOT: ERROR [user id: ] Telegram server says - Flood control exceeded on method 'EditMessageMedia' in chat 1357108258. Retry in 224 seconds.
Original description: Too Many Requests: retry after 224
(background on this error at: https://core.telegram.org/bots/faq#my-bot-is-hitting-limits-how-do-i-avoid-this)[0m
[38;5;87m[2024-11-13 23:44:23,610] BOT: ERROR [user id: ] Telegram server says - Flood control exceeded on method 'EditMessageMedia' in chat 1357108258. Retry in 224 seconds.
Original description: Too Many Requests: retry after 224
(background on this error at: https://core.telegram.org/bots/faq#my-bot-is-hitting-limits-how-do-i-avoid-this)[0m
[38;5;87m[2024-11-13 23:44:24,181] BOT: ERROR [user id: ] Telegram server says - Flood control exceeded on method 'EditMessageMedia' in chat 1357108258. Retry in 224 seconds.
Original description: Too Many Requests: retry after 224
(background on this error at: https://core.telegram.org/bots/faq#my-bot-is-hitting-limits-how-do-i-avoid-this)[0m
[38;5;87m[2024-11-13 23:44:24,463] BOT: ERROR [user id: ] Telegram server says - Flood control exceeded on method 'EditMessageMedia' in chat 1357108258. Retry in 223 seconds.
Original description: Too Many Requests: retry after 223
(background on this error at: https://core.telegram.org/bots/faq#my-bot-is-hitting-limits-how-do-i-avoid-this)[0m
[38;5;87m[2024-11-13 23:44:24,752] BOT: ERROR [user id: ] Telegram server says - Flood control exceeded on method 'EditMessageMedia' in chat 1357108258. Retry in 223 seconds.
Original description: Too Many Requests: retry after 223
(background on this error at: https://core.telegram.org/bots/faq#my-bot-is-hitting-limits-how-do-i-avoid-this)[0m
[38;5;87m[2024-11-13 23:44:25,081] BOT: ERROR [user id: ] Telegram server says - Flood control exceeded on method 'EditMessageMedia' in chat 1357108258. Retry in 222 seconds.
Original description: Too Many Requests: retry after 222
(background on this error at: https://core.telegram.org/bots/faq#my-bot-is-hitting-limits-how-do-i-avoid-this)[0m
[38;5;87m[2024-11-13 23:44:25,327] BOT: ERROR [user id: ] Telegram server says - Flood control exceeded on method 'EditMessageMedia' in chat 1357108258. Retry in 222 seconds.
Original description: Too Many Requests: retry after 222
(background on this error at: https://core.telegram.org/bots/faq#my-bot-is-hitting-limits-how-do-i-avoid-this)[0m
[38;5;87m[2024-11-13 23:44:25,558] BOT: ERROR [user id: ] Telegram server says - Flood control exceeded on method 'EditMessageMedia' in chat 1357108258. Retry in 222 seconds.
Original description: Too Many Requests: retry after 222
(background on this error at: https://core.telegram.org/bots/faq#my-bot-is-hitting-limits-how-do-i-avoid-this)[0m
[38;5;87m[2024-11-13 23:44:25,769] BOT: ERROR [user id: ] Telegram server says - Flood control exceeded on method 'EditMessageMedia' in chat 1357108258. Retry in 222 seconds.
Original description: Too Many Requests: retry after 222
(background on this error at: https://core.telegram.org/bots/faq#my-bot-is-hitting-limits-how-do-i-avoid-this)[0m
[38;5;87m[2024-11-13 23:44:25,993] BOT: ERROR [user id: ] Telegram server says - Flood control exceeded on method 'EditMessageMedia' in chat 1357108258. Retry in 221 seconds.
Original description: Too Many Requests: retry after 221
(background on this error at: https://core.telegram.org/bots/faq#my-bot-is-hitting-limits-how-do-i-avoid-this)[0m
[38;5;87m[2024-11-13 23:44:26,191] BOT: ERROR [user id: ] Telegram server says - Flood control exceeded on method 'EditMessageMedia' in chat 1357108258. Retry in 221 seconds.
Original description: Too Many Requests: retry after 221
(background on this error at: https://core.telegram.org/bots/faq#my-bot-is-hitting-limits-how-do-i-avoid-this)[0m
[38;5;87m[2024-11-13 23:44:26,378] BOT: ERROR [user id: ] Telegram server says - Flood control exceeded on method 'EditMessageMedia' in chat 1357108258. Retry in 221 seconds.
Original description: Too Many Requests: retry after 221
(background on this error at: https://core.telegram.org/bots/faq#my-bot-is-hitting-limits-how-do-i-avoid-this)[0m
[38;5;87m[2024-11-13 23:44:26,582] BOT: ERROR [user id: ] Telegram server says - Flood control exceeded on method 'EditMessageMedia' in chat 1357108258. Retry in 221 seconds.
Original description: Too Many Requests: retry after 221
(background on this error at: https://core.telegram.org/bots/faq#my-bot-is-hitting-limits-how-do-i-avoid-this)[0m
[38;5;87m[2024-11-13 23:44:26,814] BOT: ERROR [user id: ] Telegram server says - Flood control exceeded on method 'EditMessageMedia' in chat 1357108258. Retry in 221 seconds.
Original description: Too Many Requests: retry after 221
(background on this error at: https://core.telegram.org/bots/faq#my-bot-is-hitting-limits-how-do-i-avoid-this)[0m
[38;5;87m[2024-11-13 23:44:27,145] BOT: ERROR [user id: ] Telegram server says - Flood control exceeded on method 'EditMessageMedia' in chat 1357108258. Retry in 220 seconds.
Original description: Too Many Requests: retry after 220
(background on this error at: https://core.telegram.org/bots/faq#my-bot-is-hitting-limits-how-do-i-avoid-this)[0m
[38;5;87m[2024-11-13 23:44:27,496] BOT: ERROR [user id: ] Telegram server says - Flood control exceeded on method 'EditMessageMedia' in chat 1357108258. Retry in 220 seconds.
Original description: Too Many Requests: retry after 220
(background on this error at: https://core.telegram.org/bots/faq#my-bot-is-hitting-limits-how-do-i-avoid-this)[0m
[38;5;87m[2024-11-13 23:44:28,016] BOT: ERROR [user id: ] Telegram server says - Flood control exceeded on method 'EditMessageMedia' in chat 1357108258. Retry in 220 seconds.
Original description: Too Many Requests: retry after 220
(background on this error at: https://core.telegram.org/bots/faq#my-bot-is-hitting-limits-how-do-i-avoid-this)[0m
[38;5;87m[2024-11-13 23:44:28,358] BOT: ERROR [user id: ] Telegram server says - Flood control exceeded on method 'EditMessageMedia' in chat 1357108258. Retry in 219 seconds.
Original description: Too Many Requests: retry after 219
(background on this error at: https://core.telegram.org/bots/faq#my-bot-is-hitting-limits-how-do-i-avoid-this)[0m
[38;5;87m[2024-11-13 23:44:28,608] BOT: ERROR [user id: ] Telegram server says - Flood control exceeded on method 'EditMessageMedia' in chat 1357108258. Retry in 219 seconds.
Original description: Too Many Requests: retry after 219
(background on this error at: https://core.telegram.org/bots/faq#my-bot-is-hitting-limits-how-do-i-avoid-this)[0m
[38;5;87m[2024-11-13 23:44:28,804] BOT: ERROR [user id: ] Telegram server says - Flood control exceeded on method 'EditMessageMedia' in chat 1357108258. Retry in 219 seconds.
Original description: Too Many Requests: retry after 219
(background on this error at: https://core.telegram.org/bots/faq#my-bot-is-hitting-limits-how-do-i-avoid-this)[0m
[38;5;87m[2024-11-13 23:44:28,992] BOT: ERROR [user id: ] Telegram server says - Flood control exceeded on method 'EditMessageMedia' in chat 1357108258. Retry in 218 seconds.
Original description: Too Many Requests: retry after 218
(background on this error at: https://core.telegram.org/bots/faq#my-bot-is-hitting-limits-how-do-i-avoid-this)[0m
[38;5;87m[2024-11-13 23:44:29,166] BOT: ERROR [user id: ] Telegram server says - Flood control exceeded on method 'EditMessageMedia' in chat 1357108258. Retry in 218 seconds.
Original description: Too Many Requests: retry after 218
(background on this error at: https://core.telegram.org/bots/faq#my-bot-is-hitting-limits-how-do-i-avoid-this)[0m
[38;5;87m[2024-11-13 23:44:29,351] BOT: ERROR [user id: ] Telegram server says - Flood control exceeded on method 'EditMessageMedia' in chat 1357108258. Retry in 218 seconds.
Original description: Too Many Requests: retry after 218
(background on this error at: https://core.telegram.org/bots/faq#my-bot-is-hitting-limits-how-do-i-avoid-this)[0m
[38;5;87m[2024-11-13 23:44:29,528] BOT: ERROR [user id: ] Telegram server says - Flood control exceeded on method 'EditMessageMedia' in chat 1357108258. Retry in 218 seconds.
Original description: Too Many Requests: retry after 218
(background on this error at: https://core.telegram.org/bots/faq#my-bot-is-hitting-limits-how-do-i-avoid-this)[0m
[38;5;87m[2024-11-13 23:44:29,700] BOT: ERROR [user id: ] Telegram server says - Flood control exceeded on method 'EditMessageMedia' in chat 1357108258. Retry in 218 seconds.
Original description: Too Many Requests: retry after 218
(background on this error at: https://core.telegram.org/bots/faq#my-bot-is-hitting-limits-how-do-i-avoid-this)[0m
[38;5;87m[2024-11-13 23:44:29,877] BOT: ERROR [user id: ] Telegram server says - Flood control exceeded on method 'EditMessageMedia' in chat 1357108258. Retry in 218 seconds.
Original description: Too Many Requests: retry after 218
(background on this error at: https://core.telegram.org/bots/faq#my-bot-is-hitting-limits-how-do-i-avoid-this)[0m
[38;5;87m[2024-11-13 23:44:30,049] BOT: ERROR [user id: ] Telegram server says - Flood control exceeded on method 'EditMessageMedia' in chat 1357108258. Retry in 217 seconds.
Original description: Too Many Requests: retry after 217
(background on this error at: https://core.telegram.org/bots/faq#my-bot-is-hitting-limits-how-do-i-avoid-this)[0m
[38;5;87m[2024-11-13 23:44:30,221] BOT: ERROR [user id: ] Telegram server says - Flood control exceeded on method 'EditMessageMedia' in chat 1357108258. Retry in 217 seconds.
Original description: Too Many Requests: retry after 217
(background on this error at: https://core.telegram.org/bots/faq#my-bot-is-hitting-limits-how-do-i-avoid-this)[0m
[38;5;87m[2024-11-13 23:44:30,269] BOT: ERROR [user id: ] HTTP Client says - ServerDisconnectedError: Server disconnected[0m
