[38;5;201m[2024-11-15 09:09:51,351] MARIA: INFO [user id: ] Successfully connected to the MariaDB database[0m
[38;5;87m[2024-11-15 09:09:52,862] BOT: INFO [user id: 1357108258] USER CLICK ON ['search_list', 'download', 'https://www.youtube.com/watch?v=dyaa9FCvC6Y'][0m
[38;5;87m[2024-11-15 09:09:52,863] BOT: INFO [user id: 1357108258] USER CLICK ON ['search_list', 'download', 'https://www.youtube.com/watch?v=dyaa9FCvC6Y'][0m
[38;5;87m[2024-11-15 09:09:52,863] BOT: INFO [user id: 1357108258] USER CLICK ON ['search_list', 'download', 'https://www.youtube.com/watch?v=dyaa9FCvC6Y'][0m
[38;5;87m[2024-11-15 09:09:52,863] BOT: INFO [user id: 1357108258] USER CLICK ON ['search_list', 'download', 'https://www.youtube.com/watch?v=dyaa9FCvC6Y'][0m
[38;5;87m[2024-11-15 09:09:52,863] BOT: INFO [user id: 1357108258] USER CLICK ON ['search_list', 'download', 'https://www.youtube.com/watch?v=dyaa9FCvC6Y'][0m
[38;5;87m[2024-11-15 09:09:52,863] BOT: INFO [user id: 1357108258] USER CLICK ON ['search_list', 'download', 'https://www.youtube.com/watch?v=dyaa9FCvC6Y'][0m
[38;5;87m[2024-11-15 09:09:52,863] BOT: INFO [user id: 1357108258] USER CLICK ON ['search_list', 'download', 'https://www.youtube.com/watch?v=dyaa9FCvC6Y'][0m
[38;5;87m[2024-11-15 09:09:52,863] BOT: INFO [user id: 1357108258] USER CLICK ON ['search_list', 'download', 'https://www.youtube.com/watch?v=dyaa9FCvC6Y'][0m
[38;5;87m[2024-11-15 09:09:52,863] BOT: INFO [user id: 1357108258] USER CLICK ON ['search_list', 'download', 'https://www.youtube.com/watch?v=dyaa9FCvC6Y'][0m
[38;5;87m[2024-11-15 09:09:52,863] BOT: INFO [user id: 1357108258] USER CLICK ON ['search_list', 'download', 'https://www.youtube.com/watch?v=dyaa9FCvC6Y'][0m
[38;5;87m[2024-11-15 09:09:52,863] BOT: INFO [user id: 1357108258] USER CLICK ON ['search_list', 'download', 'https://www.youtube.com/watch?v=dyaa9FCvC6Y'][0m
[38;5;87m[2024-11-15 09:09:58,447] BOT: INFO [user id: 1357108258] USER CLICK ON ['download_video', '1080p', '⚡️', 'dyaa9FCvC6Y'][0m
[38;5;87m[2024-11-15 09:09:58,448] BOT: INFO [user id: 1357108258] USER CLICK ON ['download_video', '1080p', '⚡️', 'dyaa9FCvC6Y'][0m
[38;5;87m[2024-11-15 09:09:58,448] BOT: INFO [user id: 1357108258] USER CLICK ON ['download_video', '1080p', '⚡️', 'dyaa9FCvC6Y'][0m
[38;5;87m[2024-11-15 09:10:01,460] BOT: ERROR [user id: ] Telegram server says - Bad Request: message is not modified: specified new message content and reply markup are exactly the same as a current content and reply markup of the message[0m
[38;5;87m[2024-11-15 09:10:01,746] BOT: ERROR [user id: ] Telegram server says - Bad Request: message is not modified: specified new message content and reply markup are exactly the same as a current content and reply markup of the message[0m
[38;5;87m[2024-11-15 09:10:01,980] BOT: ERROR [user id: ] Telegram server says - Bad Request: message is not modified: specified new message content and reply markup are exactly the same as a current content and reply markup of the message[0m
[38;5;87m[2024-11-15 09:10:02,443] BOT: ERROR [user id: ] Telegram server says - Bad Request: message is not modified: specified new message content and reply markup are exactly the same as a current content and reply markup of the message[0m
[38;5;87m[2024-11-15 09:10:02,692] BOT: ERROR [user id: ] Telegram server says - Bad Request: message is not modified: specified new message content and reply markup are exactly the same as a current content and reply markup of the message[0m
[38;5;87m[2024-11-15 09:10:02,937] BOT: ERROR [user id: ] Telegram server says - Bad Request: message is not modified: specified new message content and reply markup are exactly the same as a current content and reply markup of the message[0m
[38;5;87m[2024-11-15 09:10:03,260] BOT: ERROR [user id: ] Telegram server says - Bad Request: message is not modified: specified new message content and reply markup are exactly the same as a current content and reply markup of the message[0m
[38;5;87m[2024-11-15 09:10:03,787] BOT: ERROR [user id: ] Telegram server says - Bad Request: message is not modified: specified new message content and reply markup are exactly the same as a current content and reply markup of the message[0m
[38;5;87m[2024-11-15 09:10:04,458] BOT: ERROR [user id: ] Telegram server says - Bad Request: message is not modified: specified new message content and reply markup are exactly the same as a current content and reply markup of the message[0m
[38;5;87m[2024-11-15 09:10:06,023] BOT: ERROR [user id: ] Telegram server says - Bad Request: message is not modified: specified new message content and reply markup are exactly the same as a current content and reply markup of the message[0m
[38;5;87m[2024-11-15 09:10:07,142] BOT: ERROR [user id: ] Telegram server says - Bad Request: message is not modified: specified new message content and reply markup are exactly the same as a current content and reply markup of the message[0m
[38;5;87m[2024-11-15 09:10:07,659] BOT: ERROR [user id: ] Telegram server says - Bad Request: message is not modified: specified new message content and reply markup are exactly the same as a current content and reply markup of the message[0m
[38;5;87m[2024-11-15 09:10:09,204] BOT: ERROR [user id: ] Telegram server says - Bad Request: message is not modified: specified new message content and reply markup are exactly the same as a current content and reply markup of the message[0m
[38;5;87m[2024-11-15 09:11:05,803] BOT: INFO [user id: 1357108258] USER SEND TEXT: 🏳️ language[0m
[38;5;87m[2024-11-15 09:11:15,813] BOT: INFO [user id: 1357108258] USER CLICK ON ['back_to_main', '18494', 'dyaa9FCvC6Y'][0m
[38;5;87m[2024-11-15 09:11:15,814] BOT: INFO [user id: 1357108258] USER CLICK ON ['back_to_main', '18494', 'dyaa9FCvC6Y'][0m
[38;5;87m[2024-11-15 09:11:15,814] BOT: INFO [user id: 1357108258] USER CLICK ON ['back_to_main', '18494', 'dyaa9FCvC6Y'][0m
[38;5;87m[2024-11-15 09:11:15,814] BOT: INFO [user id: 1357108258] USER CLICK ON ['back_to_main', '18494', 'dyaa9FCvC6Y'][0m
[38;5;87m[2024-11-15 09:11:20,951] BOT: INFO [user id: 1357108258] USER SEND TEXT: 🏳️ language[0m
[38;5;87m[2024-11-15 09:11:25,170] BOT: INFO [user id: 1357108258] USER CLICK ON ['change_language', 'ru', 'русский'][0m
[38;5;87m[2024-11-15 09:11:25,170] BOT: INFO [user id: 1357108258] USER CLICK ON ['change_language', 'ru', 'русский'][0m
[38;5;87m[2024-11-15 09:11:25,170] BOT: INFO [user id: 1357108258] USER CLICK ON ['change_language', 'ru', 'русский'][0m
[38;5;87m[2024-11-15 09:11:25,170] BOT: INFO [user id: 1357108258] USER CLICK ON ['change_language', 'ru', 'русский'][0m
[38;5;87m[2024-11-15 09:11:25,170] BOT: INFO [user id: 1357108258] USER CLICK ON ['change_language', 'ru', 'русский'][0m
[38;5;87m[2024-11-15 09:11:25,170] BOT: INFO [user id: 1357108258] USER CLICK ON ['change_language', 'ru', 'русский'][0m
[38;5;87m[2024-11-15 09:11:25,170] BOT: INFO [user id: 1357108258] USER CLICK ON ['change_language', 'ru', 'русский'][0m
[38;5;87m[2024-11-15 09:11:25,171] BOT: INFO [user id: 1357108258] USER CLICK ON ['change_language', 'ru', 'русский'][0m
[38;5;87m[2024-11-15 09:11:25,171] BOT: INFO [user id: 1357108258] USER CLICK ON ['change_language', 'ru', 'русский'][0m
[38;5;87m[2024-11-15 09:11:25,171] BOT: INFO [user id: 1357108258] USER CLICK ON ['change_language', 'ru', 'русский'][0m
[38;5;87m[2024-11-15 09:11:25,171] BOT: INFO [user id: 1357108258] USER CLICK ON ['change_language', 'ru', 'русский'][0m
[38;5;87m[2024-11-15 09:11:25,171] BOT: INFO [user id: 1357108258] USER CLICK ON ['change_language', 'ru', 'русский'][0m
[38;5;87m[2024-11-15 09:11:25,171] BOT: INFO [user id: 1357108258] USER CLICK ON ['change_language', 'ru', 'русский'][0m
[38;5;87m[2024-11-15 09:11:25,171] BOT: INFO [user id: 1357108258] USER CLICK ON ['change_language', 'ru', 'русский'][0m
[38;5;87m[2024-11-15 09:11:25,171] BOT: INFO [user id: 1357108258] USER CLICK ON ['change_language', 'ru', 'русский'][0m
[38;5;87m[2024-11-15 09:11:25,171] BOT: INFO [user id: 1357108258] USER CLICK ON ['change_language', 'ru', 'русский'][0m
[38;5;87m[2024-11-15 09:11:25,172] BOT: INFO [user id: 1357108258] USER CLICK ON ['change_language', 'ru', 'русский'][0m
[38;5;87m[2024-11-15 09:11:25,172] BOT: INFO [user id: 1357108258] USER CLICK ON ['change_language', 'ru', 'русский'][0m
[38;5;87m[2024-11-15 09:11:25,172] BOT: INFO [user id: 1357108258] USER CLICK ON ['change_language', 'ru', 'русский'][0m
[38;5;87m[2024-11-15 09:11:25,172] BOT: INFO [user id: 1357108258] USER CLICK ON ['change_language', 'ru', 'русский'][0m
[38;5;87m[2024-11-15 09:11:25,172] BOT: INFO [user id: 1357108258] USER CLICK ON ['change_language', 'ru', 'русский'][0m
[38;5;87m[2024-11-15 09:11:25,172] BOT: INFO [user id: 1357108258] USER CLICK ON ['change_language', 'ru', 'русский'][0m
[38;5;87m[2024-11-15 09:11:25,172] BOT: INFO [user id: 1357108258] USER CLICK ON ['change_language', 'ru', 'русский'][0m
[38;5;87m[2024-11-15 09:11:25,172] BOT: INFO [user id: 1357108258] USER CLICK ON ['change_language', 'ru', 'русский'][0m
[38;5;87m[2024-11-15 09:11:25,172] BOT: INFO [user id: 1357108258] USER CLICK ON ['change_language', 'ru', 'русский'][0m
[38;5;87m[2024-11-15 09:11:25,172] BOT: INFO [user id: 1357108258] USER CLICK ON ['change_language', 'ru', 'русский'][0m
[38;5;87m[2024-11-15 09:11:25,172] BOT: INFO [user id: 1357108258] USER CLICK ON ['change_language', 'ru', 'русский'][0m
[38;5;87m[2024-11-15 09:11:27,408] BOT: INFO [user id: 1357108258] USER SEND TEXT: 👤 subs[0m
[38;5;87m[2024-11-15 09:11:29,116] BOT: INFO [user id: 1357108258] USER SEND TEXT: 🔎 search[0m
[38;5;87m[2024-11-15 09:11:37,003] BOT: INFO [user id: 1357108258] USER SEND TEXT: xcho[0m
[38;5;87m[2024-11-15 09:11:40,252] BOT: INFO [user id: 1357108258] USER CLICK ON ['search_list', 'download', 'https://www.youtube.com/watch?v=dyaa9FCvC6Y'][0m
[38;5;87m[2024-11-15 09:11:40,253] BOT: INFO [user id: 1357108258] USER CLICK ON ['search_list', 'download', 'https://www.youtube.com/watch?v=dyaa9FCvC6Y'][0m
[38;5;87m[2024-11-15 09:11:40,253] BOT: INFO [user id: 1357108258] USER CLICK ON ['search_list', 'download', 'https://www.youtube.com/watch?v=dyaa9FCvC6Y'][0m
[38;5;87m[2024-11-15 09:11:40,253] BOT: INFO [user id: 1357108258] USER CLICK ON ['search_list', 'download', 'https://www.youtube.com/watch?v=dyaa9FCvC6Y'][0m
[38;5;87m[2024-11-15 09:11:40,253] BOT: INFO [user id: 1357108258] USER CLICK ON ['search_list', 'download', 'https://www.youtube.com/watch?v=dyaa9FCvC6Y'][0m
[38;5;87m[2024-11-15 09:11:40,253] BOT: INFO [user id: 1357108258] USER CLICK ON ['search_list', 'download', 'https://www.youtube.com/watch?v=dyaa9FCvC6Y'][0m
[38;5;87m[2024-11-15 09:11:40,253] BOT: INFO [user id: 1357108258] USER CLICK ON ['search_list', 'download', 'https://www.youtube.com/watch?v=dyaa9FCvC6Y'][0m
[38;5;87m[2024-11-15 09:11:40,253] BOT: INFO [user id: 1357108258] USER CLICK ON ['search_list', 'download', 'https://www.youtube.com/watch?v=dyaa9FCvC6Y'][0m
[38;5;87m[2024-11-15 09:11:40,253] BOT: INFO [user id: 1357108258] USER CLICK ON ['search_list', 'download', 'https://www.youtube.com/watch?v=dyaa9FCvC6Y'][0m
[38;5;87m[2024-11-15 09:11:40,254] BOT: INFO [user id: 1357108258] USER CLICK ON ['search_list', 'download', 'https://www.youtube.com/watch?v=dyaa9FCvC6Y'][0m
[38;5;87m[2024-11-15 09:11:40,254] BOT: INFO [user id: 1357108258] USER CLICK ON ['search_list', 'download', 'https://www.youtube.com/watch?v=dyaa9FCvC6Y'][0m
[38;5;87m[2024-11-15 09:11:44,434] BOT: INFO [user id: 1357108258] USER CLICK ON ['download_video', '1080p', '⚡️', 'dyaa9FCvC6Y'][0m
[38;5;87m[2024-11-15 09:11:44,435] BOT: INFO [user id: 1357108258] USER CLICK ON ['download_video', '1080p', '⚡️', 'dyaa9FCvC6Y'][0m
[38;5;87m[2024-11-15 09:11:44,435] BOT: INFO [user id: 1357108258] USER CLICK ON ['download_video', '1080p', '⚡️', 'dyaa9FCvC6Y'][0m
