[38;5;201m[2024-11-15 08:17:45,002] MARIA: INFO [user id: ] Successfully connected to the MariaDB database[0m
[38;5;87m[2024-11-15 08:18:00,302] BOT: INFO [user id: 1357108258] USER SEND TEXT: /admin[0m
[38;5;87m[2024-11-15 08:18:02,654] BOT: INFO [user id: 1357108258] USER CLICK ON ['mailing'][0m
[38;5;87m[2024-11-15 08:18:02,654] BOT: INFO [user id: 1357108258] USER CLICK ON ['mailing'][0m
[38;5;87m[2024-11-15 08:18:02,655] BOT: INFO [user id: 1357108258] USER CLICK ON ['mailing'][0m
[38;5;87m[2024-11-15 08:18:02,655] BOT: INFO [user id: 1357108258] USER CLICK ON ['mailing'][0m
[38;5;87m[2024-11-15 08:18:02,655] BOT: INFO [user id: 1357108258] USER CLICK ON ['mailing'][0m
[38;5;87m[2024-11-15 08:18:02,655] BOT: INFO [user id: 1357108258] USER CLICK ON ['mailing'][0m
[38;5;87m[2024-11-15 08:18:02,655] BOT: INFO [user id: 1357108258] USER CLICK ON ['mailing'][0m
[38;5;87m[2024-11-15 08:18:02,655] BOT: INFO [user id: 1357108258] USER CLICK ON ['mailing'][0m
[38;5;87m[2024-11-15 08:18:02,655] BOT: INFO [user id: 1357108258] USER CLICK ON ['mailing'][0m
[38;5;87m[2024-11-15 08:18:02,655] BOT: INFO [user id: 1357108258] USER CLICK ON ['mailing'][0m
[38;5;87m[2024-11-15 08:18:02,655] BOT: INFO [user id: 1357108258] USER CLICK ON ['mailing'][0m
[38;5;87m[2024-11-15 08:18:02,655] BOT: INFO [user id: 1357108258] USER CLICK ON ['mailing'][0m
[38;5;87m[2024-11-15 08:18:02,655] BOT: INFO [user id: 1357108258] USER CLICK ON ['mailing'][0m
[38;5;87m[2024-11-15 08:18:02,655] BOT: INFO [user id: 1357108258] USER CLICK ON ['mailing'][0m
[38;5;87m[2024-11-15 08:18:02,656] BOT: INFO [user id: 1357108258] USER CLICK ON ['mailing'][0m
[38;5;87m[2024-11-15 08:18:02,656] BOT: INFO [user id: 1357108258] USER CLICK ON ['mailing'][0m
[38;5;87m[2024-11-15 08:18:02,656] BOT: INFO [user id: 1357108258] USER CLICK ON ['mailing'][0m
[38;5;87m[2024-11-15 08:18:19,404] BOT: INFO [user id: 1357108258] USER SEND TEXT: None[0m
[38;5;87m[2024-11-15 08:18:23,645] BOT: INFO [user id: 1357108258] USER SEND TEXT: /next[0m
[38;5;201m[2024-11-15 08:18:24,503] MARIA: INFO [user id: ] create new mailing hghjfghdfgdfgdghjkhjk, {}, {'photo': 'AgACAgIAAxkBAAJIIGc2y4thrftveLUiWG959boLtFYwAALD5TEb8--5Sex2sLhW7EGqAQADAgADeAADNgQ'}[0m
[38;5;87m[2024-11-15 08:18:25,146] BOT: INFO [user id: ] sent to 1357108258 1[0m
[38;5;87m[2024-11-15 08:18:26,940] BOT: INFO [user id: ] sent to 1005792177 2[0m
[38;5;87m[2024-11-15 08:18:27,942] BOT: INFO [user id: ] Error 0[0m
