[38;5;201m[2024-10-03 01:48:46,571] MARIA: INFO [user id: ] Successfully connected to the MariaDB database[0m
[38;5;87m[2024-10-03 01:48:53,861] BOT: INFO [user id: 1357108258] https://www.tiktok.com/@_brunette_e_/video/7417465210069404936?is_from_webapp=1&sender_device=pc[0m
[38;5;87m[2024-10-03 01:48:53,955] BOT: INFO [user id: ] 403[0m
[38;5;87m[2024-10-03 01:48:55,680] BOT: INFO [user id: ] 200[0m
[38;5;87m[2024-10-03 01:49:09,996] BOT: INFO [user id: ] [datetime.datetime(2024, 10, 3, 1, 49, 9, 996297), 'finish download'][0m
[38;5;87m[2024-10-03 01:49:17,138] BOT: INFO [user id: ] [datetime.datetime(2024, 10, 3, 1, 49, 17, 138827), 'finish sending'][0m
[38;5;87m[2024-10-03 01:50:47,523] BOT: INFO [user id: ] 403[0m
[38;5;87m[2024-10-03 01:50:49,502] BOT: INFO [user id: ] 200[0m
[38;5;87m[2024-10-03 01:50:51,947] BOT: INFO [user id: ] [datetime.datetime(2024, 10, 3, 1, 50, 51, 947352), 'finish download'][0m
[38;5;87m[2024-10-03 01:50:57,229] BOT: INFO [user id: ] [datetime.datetime(2024, 10, 3, 1, 50, 57, 229481), 'finish sending'][0m
[38;5;87m[2024-10-03 01:54:38,104] BOT: INFO [user id: 1357108258] https://www.tiktok.com/@_brunette_e_/video/7417465210069404936?is_from_webapp=1&sender_device=pc[0m
[38;5;87m[2024-10-03 01:54:38,203] BOT: INFO [user id: ] 403[0m
[38;5;87m[2024-10-03 01:54:40,176] BOT: INFO [user id: ] 200[0m
[38;5;87m[2024-10-03 01:54:55,472] BOT: INFO [user id: ] [datetime.datetime(2024, 10, 3, 1, 54, 55, 472411), 'finish download'][0m
[38;5;87m[2024-10-03 01:55:12,784] BOT: INFO [user id: ] [datetime.datetime(2024, 10, 3, 1, 55, 12, 784808), 'finish sending'][0m
[38;5;87m[2024-10-03 01:56:00,412] BOT: INFO [user id: ] 403[0m
[38;5;87m[2024-10-03 01:56:01,776] BOT: INFO [user id: ] 200[0m
[38;5;87m[2024-10-03 01:56:03,819] BOT: INFO [user id: ] [datetime.datetime(2024, 10, 3, 1, 56, 3, 819974), 'finish download'][0m
[38;5;87m[2024-10-03 01:56:08,443] BOT: INFO [user id: ] [datetime.datetime(2024, 10, 3, 1, 56, 8, 443161), 'finish sending'][0m
[38;5;87m[2024-10-03 02:00:51,217] BOT: INFO [user id: 1357108258] https://www.tiktok.com/@_brunette_e_/video/7417465210069404936?is_from_webapp=1&sender_device=pc[0m
[38;5;87m[2024-10-03 02:00:51,313] BOT: INFO [user id: ] 403[0m
[38;5;87m[2024-10-03 02:00:52,194] BOT: INFO [user id: ] 200[0m
[38;5;87m[2024-10-03 02:01:06,577] BOT: INFO [user id: ] [datetime.datetime(2024, 10, 3, 2, 1, 6, 577903), 'finish download'][0m
[38;5;87m[2024-10-03 02:01:19,602] BOT: INFO [user id: ] [datetime.datetime(2024, 10, 3, 2, 1, 19, 602438), 'finish sending'][0m
