[38;5;201m[2024-11-11 22:30:37,627] MARIA: INFO [user id: ] Successfully connected to the MariaDB database[0m
[38;5;87m[2024-11-11 22:30:46,776] BOT: INFO [user id: 1357108258] USER CLICK ON ['back_to_main', '18111', 'XBleNfmkScA'][0m
[38;5;87m[2024-11-11 22:30:46,778] BOT: INFO [user id: 1357108258] USER CLICK ON ['back_to_main', '18111', 'XBleNfmkScA'][0m
[38;5;87m[2024-11-11 22:30:54,195] BOT: INFO [user id: 1357108258] USER CLICK ON ['download_video', '720p', '📹', 'XBleNfmkScA'][0m
[38;5;87m[2024-11-11 22:30:59,161] BOT: ERROR [user id: ] Telegram server says - Bad Request: message is not modified: specified new message content and reply markup are exactly the same as a current content and reply markup of the message[0m
[38;5;87m[2024-11-11 22:30:59,559] BOT: ERROR [user id: ] Telegram server says - Bad Request: message is not modified: specified new message content and reply markup are exactly the same as a current content and reply markup of the message[0m
[38;5;87m[2024-11-11 22:30:59,860] BOT: ERROR [user id: ] Telegram server says - Bad Request: message is not modified: specified new message content and reply markup are exactly the same as a current content and reply markup of the message[0m
[38;5;87m[2024-11-11 22:31:00,412] BOT: ERROR [user id: ] Telegram server says - Bad Request: message is not modified: specified new message content and reply markup are exactly the same as a current content and reply markup of the message[0m
[38;5;87m[2024-11-11 22:31:00,717] BOT: ERROR [user id: ] Telegram server says - Bad Request: message is not modified: specified new message content and reply markup are exactly the same as a current content and reply markup of the message[0m
[38;5;87m[2024-11-11 22:31:01,008] BOT: ERROR [user id: ] Telegram server says - Bad Request: message is not modified: specified new message content and reply markup are exactly the same as a current content and reply markup of the message[0m
[38;5;87m[2024-11-11 22:31:01,277] BOT: ERROR [user id: ] Telegram server says - Bad Request: message is not modified: specified new message content and reply markup are exactly the same as a current content and reply markup of the message[0m
[38;5;87m[2024-11-11 22:31:01,724] BOT: ERROR [user id: ] Telegram server says - Bad Request: message is not modified: specified new message content and reply markup are exactly the same as a current content and reply markup of the message[0m
[38;5;87m[2024-11-11 22:31:02,283] BOT: ERROR [user id: ] Telegram server says - Bad Request: message is not modified: specified new message content and reply markup are exactly the same as a current content and reply markup of the message[0m
[38;5;87m[2024-11-11 22:31:02,683] BOT: ERROR [user id: ] Telegram server says - Bad Request: message is not modified: specified new message content and reply markup are exactly the same as a current content and reply markup of the message[0m
[38;5;87m[2024-11-11 22:31:03,100] BOT: ERROR [user id: ] Telegram server says - Bad Request: message is not modified: specified new message content and reply markup are exactly the same as a current content and reply markup of the message[0m
[38;5;87m[2024-11-11 22:31:03,573] BOT: ERROR [user id: ] Telegram server says - Bad Request: message is not modified: specified new message content and reply markup are exactly the same as a current content and reply markup of the message[0m
[38;5;87m[2024-11-11 22:31:04,082] BOT: ERROR [user id: ] Telegram server says - Bad Request: message is not modified: specified new message content and reply markup are exactly the same as a current content and reply markup of the message[0m
[38;5;87m[2024-11-11 22:31:05,005] BOT: ERROR [user id: ] Telegram server says - Bad Request: message is not modified: specified new message content and reply markup are exactly the same as a current content and reply markup of the message[0m
[38;5;87m[2024-11-11 22:31:05,418] BOT: ERROR [user id: ] Telegram server says - Bad Request: message is not modified: specified new message content and reply markup are exactly the same as a current content and reply markup of the message[0m
[38;5;87m[2024-11-11 22:31:05,795] BOT: ERROR [user id: ] Telegram server says - Bad Request: message is not modified: specified new message content and reply markup are exactly the same as a current content and reply markup of the message[0m
[38;5;87m[2024-11-11 22:31:06,453] BOT: ERROR [user id: ] Telegram server says - Bad Request: message is not modified: specified new message content and reply markup are exactly the same as a current content and reply markup of the message[0m
[38;5;87m[2024-11-11 22:31:06,863] BOT: ERROR [user id: ] Telegram server says - Bad Request: message is not modified: specified new message content and reply markup are exactly the same as a current content and reply markup of the message[0m
[38;5;87m[2024-11-11 22:31:07,499] BOT: ERROR [user id: ] Telegram server says - Bad Request: message is not modified: specified new message content and reply markup are exactly the same as a current content and reply markup of the message[0m
[38;5;87m[2024-11-11 22:31:07,847] BOT: ERROR [user id: ] Telegram server says - Bad Request: message is not modified: specified new message content and reply markup are exactly the same as a current content and reply markup of the message[0m
[38;5;87m[2024-11-11 22:31:08,264] BOT: ERROR [user id: ] Telegram server says - Bad Request: message is not modified: specified new message content and reply markup are exactly the same as a current content and reply markup of the message[0m
[38;5;87m[2024-11-11 22:31:08,665] BOT: ERROR [user id: ] Telegram server says - Bad Request: message is not modified: specified new message content and reply markup are exactly the same as a current content and reply markup of the message[0m
[38;5;87m[2024-11-11 22:31:09,080] BOT: ERROR [user id: ] Telegram server says - Bad Request: message is not modified: specified new message content and reply markup are exactly the same as a current content and reply markup of the message[0m
[38;5;87m[2024-11-11 22:31:09,504] BOT: ERROR [user id: ] Telegram server says - Bad Request: message is not modified: specified new message content and reply markup are exactly the same as a current content and reply markup of the message[0m
[38;5;87m[2024-11-11 22:31:09,849] BOT: ERROR [user id: ] Telegram server says - Bad Request: message is not modified: specified new message content and reply markup are exactly the same as a current content and reply markup of the message[0m
[38;5;87m[2024-11-11 22:31:10,419] BOT: ERROR [user id: ] Telegram server says - Bad Request: message is not modified: specified new message content and reply markup are exactly the same as a current content and reply markup of the message[0m
[38;5;87m[2024-11-11 22:31:10,791] BOT: ERROR [user id: ] Telegram server says - Bad Request: message is not modified: specified new message content and reply markup are exactly the same as a current content and reply markup of the message[0m
[38;5;87m[2024-11-11 22:31:11,499] BOT: ERROR [user id: ] Telegram server says - Bad Request: message is not modified: specified new message content and reply markup are exactly the same as a current content and reply markup of the message[0m
[38;5;87m[2024-11-11 22:31:12,117] BOT: ERROR [user id: ] Telegram server says - Bad Request: message is not modified: specified new message content and reply markup are exactly the same as a current content and reply markup of the message[0m
[38;5;87m[2024-11-11 22:31:13,325] BOT: ERROR [user id: ] Telegram server says - Bad Request: message is not modified: specified new message content and reply markup are exactly the same as a current content and reply markup of the message[0m
[38;5;87m[2024-11-11 22:31:13,692] BOT: ERROR [user id: ] Telegram server says - Bad Request: message is not modified: specified new message content and reply markup are exactly the same as a current content and reply markup of the message[0m
[38;5;87m[2024-11-11 22:31:14,255] BOT: ERROR [user id: ] Telegram server says - Bad Request: message is not modified: specified new message content and reply markup are exactly the same as a current content and reply markup of the message[0m
[38;5;87m[2024-11-11 22:31:14,525] BOT: ERROR [user id: ] Telegram server says - Bad Request: message is not modified: specified new message content and reply markup are exactly the same as a current content and reply markup of the message[0m
[38;5;87m[2024-11-11 22:31:15,184] BOT: ERROR [user id: ] Telegram server says - Bad Request: message is not modified: specified new message content and reply markup are exactly the same as a current content and reply markup of the message[0m
[38;5;87m[2024-11-11 22:31:15,619] BOT: ERROR [user id: ] Telegram server says - Bad Request: message is not modified: specified new message content and reply markup are exactly the same as a current content and reply markup of the message[0m
[38;5;87m[2024-11-11 22:31:16,026] BOT: ERROR [user id: ] Telegram server says - Bad Request: message is not modified: specified new message content and reply markup are exactly the same as a current content and reply markup of the message[0m
[38;5;87m[2024-11-11 22:31:16,461] BOT: ERROR [user id: ] Telegram server says - Bad Request: message is not modified: specified new message content and reply markup are exactly the same as a current content and reply markup of the message[0m
[38;5;87m[2024-11-11 22:31:16,814] BOT: ERROR [user id: ] Telegram server says - Bad Request: message is not modified: specified new message content and reply markup are exactly the same as a current content and reply markup of the message[0m
[38;5;87m[2024-11-11 22:31:17,197] BOT: ERROR [user id: ] Telegram server says - Bad Request: message is not modified: specified new message content and reply markup are exactly the same as a current content and reply markup of the message[0m
[38;5;87m[2024-11-11 22:31:17,648] BOT: ERROR [user id: ] Telegram server says - Bad Request: message is not modified: specified new message content and reply markup are exactly the same as a current content and reply markup of the message[0m
[38;5;87m[2024-11-11 22:31:18,078] BOT: ERROR [user id: ] Telegram server says - Bad Request: message is not modified: specified new message content and reply markup are exactly the same as a current content and reply markup of the message[0m
[38;5;87m[2024-11-11 22:31:18,365] BOT: ERROR [user id: ] Telegram server says - Bad Request: message is not modified: specified new message content and reply markup are exactly the same as a current content and reply markup of the message[0m
[38;5;87m[2024-11-11 22:31:18,687] BOT: ERROR [user id: ] Telegram server says - Bad Request: message is not modified: specified new message content and reply markup are exactly the same as a current content and reply markup of the message[0m
[38;5;87m[2024-11-11 22:31:19,052] BOT: ERROR [user id: ] Telegram server says - Bad Request: message is not modified: specified new message content and reply markup are exactly the same as a current content and reply markup of the message[0m
[38;5;87m[2024-11-11 22:31:19,869] BOT: ERROR [user id: ] Telegram server says - Bad Request: message is not modified: specified new message content and reply markup are exactly the same as a current content and reply markup of the message[0m
[38;5;87m[2024-11-11 22:31:20,221] BOT: ERROR [user id: ] Telegram server says - Bad Request: message is not modified: specified new message content and reply markup are exactly the same as a current content and reply markup of the message[0m
[38;5;87m[2024-11-11 22:31:20,811] BOT: ERROR [user id: ] Telegram server says - Bad Request: message is not modified: specified new message content and reply markup are exactly the same as a current content and reply markup of the message[0m
[38;5;87m[2024-11-11 22:31:21,120] BOT: ERROR [user id: ] Telegram server says - Bad Request: message is not modified: specified new message content and reply markup are exactly the same as a current content and reply markup of the message[0m
[38;5;87m[2024-11-11 22:31:21,382] BOT: ERROR [user id: ] Telegram server says - Bad Request: message is not modified: specified new message content and reply markup are exactly the same as a current content and reply markup of the message[0m
[38;5;87m[2024-11-11 22:31:21,673] BOT: ERROR [user id: ] Telegram server says - Bad Request: message is not modified: specified new message content and reply markup are exactly the same as a current content and reply markup of the message[0m
[38;5;87m[2024-11-11 22:31:21,990] BOT: ERROR [user id: ] Telegram server says - Bad Request: message is not modified: specified new message content and reply markup are exactly the same as a current content and reply markup of the message[0m
[38;5;87m[2024-11-11 22:31:22,294] BOT: ERROR [user id: ] Telegram server says - Bad Request: message is not modified: specified new message content and reply markup are exactly the same as a current content and reply markup of the message[0m
[38;5;87m[2024-11-11 22:31:22,573] BOT: ERROR [user id: ] Telegram server says - Bad Request: message is not modified: specified new message content and reply markup are exactly the same as a current content and reply markup of the message[0m
[38;5;87m[2024-11-11 22:31:22,837] BOT: ERROR [user id: ] Telegram server says - Bad Request: message is not modified: specified new message content and reply markup are exactly the same as a current content and reply markup of the message[0m
[38;5;87m[2024-11-11 22:31:23,105] BOT: ERROR [user id: ] Telegram server says - Bad Request: message is not modified: specified new message content and reply markup are exactly the same as a current content and reply markup of the message[0m
[38;5;87m[2024-11-11 22:31:23,367] BOT: ERROR [user id: ] Telegram server says - Bad Request: message is not modified: specified new message content and reply markup are exactly the same as a current content and reply markup of the message[0m
[38;5;87m[2024-11-11 22:31:23,626] BOT: ERROR [user id: ] Telegram server says - Bad Request: message is not modified: specified new message content and reply markup are exactly the same as a current content and reply markup of the message[0m
[38;5;87m[2024-11-11 22:31:23,893] BOT: ERROR [user id: ] Telegram server says - Bad Request: message is not modified: specified new message content and reply markup are exactly the same as a current content and reply markup of the message[0m
[38;5;87m[2024-11-11 22:31:24,175] BOT: ERROR [user id: ] Telegram server says - Bad Request: message is not modified: specified new message content and reply markup are exactly the same as a current content and reply markup of the message[0m
[38;5;87m[2024-11-11 22:31:24,516] BOT: ERROR [user id: ] Telegram server says - Bad Request: message is not modified: specified new message content and reply markup are exactly the same as a current content and reply markup of the message[0m
[38;5;87m[2024-11-11 22:31:24,845] BOT: ERROR [user id: ] Telegram server says - Bad Request: message is not modified: specified new message content and reply markup are exactly the same as a current content and reply markup of the message[0m
[38;5;87m[2024-11-11 22:31:25,233] BOT: ERROR [user id: ] Telegram server says - Bad Request: message is not modified: specified new message content and reply markup are exactly the same as a current content and reply markup of the message[0m
[38;5;87m[2024-11-11 22:31:25,951] BOT: ERROR [user id: ] Telegram server says - Bad Request: message is not modified: specified new message content and reply markup are exactly the same as a current content and reply markup of the message[0m
[38;5;87m[2024-11-11 22:31:26,382] BOT: ERROR [user id: ] Telegram server says - Bad Request: message is not modified: specified new message content and reply markup are exactly the same as a current content and reply markup of the message[0m
[38;5;87m[2024-11-11 22:31:26,693] BOT: ERROR [user id: ] Telegram server says - Bad Request: message is not modified: specified new message content and reply markup are exactly the same as a current content and reply markup of the message[0m
[38;5;87m[2024-11-11 22:31:26,966] BOT: ERROR [user id: ] Telegram server says - Bad Request: message is not modified: specified new message content and reply markup are exactly the same as a current content and reply markup of the message[0m
[38;5;87m[2024-11-11 22:31:27,232] BOT: ERROR [user id: ] Telegram server says - Bad Request: message is not modified: specified new message content and reply markup are exactly the same as a current content and reply markup of the message[0m
[38;5;87m[2024-11-11 22:31:27,489] BOT: ERROR [user id: ] Telegram server says - Bad Request: message is not modified: specified new message content and reply markup are exactly the same as a current content and reply markup of the message[0m
[38;5;87m[2024-11-11 22:31:27,762] BOT: ERROR [user id: ] Telegram server says - Bad Request: message is not modified: specified new message content and reply markup are exactly the same as a current content and reply markup of the message[0m
[38;5;87m[2024-11-11 22:31:28,033] BOT: ERROR [user id: ] Telegram server says - Bad Request: message is not modified: specified new message content and reply markup are exactly the same as a current content and reply markup of the message[0m
[38;5;87m[2024-11-11 22:31:28,293] BOT: ERROR [user id: ] Telegram server says - Bad Request: message is not modified: specified new message content and reply markup are exactly the same as a current content and reply markup of the message[0m
[38;5;87m[2024-11-11 22:31:28,555] BOT: ERROR [user id: ] Telegram server says - Bad Request: message is not modified: specified new message content and reply markup are exactly the same as a current content and reply markup of the message[0m
[38;5;87m[2024-11-11 22:31:28,814] BOT: ERROR [user id: ] Telegram server says - Bad Request: message is not modified: specified new message content and reply markup are exactly the same as a current content and reply markup of the message[0m
[38;5;87m[2024-11-11 22:31:29,083] BOT: ERROR [user id: ] Telegram server says - Bad Request: message is not modified: specified new message content and reply markup are exactly the same as a current content and reply markup of the message[0m
[38;5;87m[2024-11-11 22:31:29,348] BOT: ERROR [user id: ] Telegram server says - Bad Request: message is not modified: specified new message content and reply markup are exactly the same as a current content and reply markup of the message[0m
[38;5;87m[2024-11-11 22:31:29,703] BOT: ERROR [user id: ] Telegram server says - Bad Request: message is not modified: specified new message content and reply markup are exactly the same as a current content and reply markup of the message[0m
[38;5;87m[2024-11-11 22:31:30,176] BOT: ERROR [user id: ] Telegram server says - Bad Request: message is not modified: specified new message content and reply markup are exactly the same as a current content and reply markup of the message[0m
[38;5;87m[2024-11-11 22:31:30,447] BOT: ERROR [user id: ] Telegram server says - Bad Request: message is not modified: specified new message content and reply markup are exactly the same as a current content and reply markup of the message[0m
[38;5;87m[2024-11-11 22:31:30,718] BOT: ERROR [user id: ] Telegram server says - Bad Request: message is not modified: specified new message content and reply markup are exactly the same as a current content and reply markup of the message[0m
[38;5;87m[2024-11-11 22:31:30,991] BOT: ERROR [user id: ] Telegram server says - Bad Request: message is not modified: specified new message content and reply markup are exactly the same as a current content and reply markup of the message[0m
[38;5;87m[2024-11-11 22:31:31,255] BOT: ERROR [user id: ] Telegram server says - Bad Request: message is not modified: specified new message content and reply markup are exactly the same as a current content and reply markup of the message[0m
[38;5;87m[2024-11-11 22:31:31,597] BOT: ERROR [user id: ] Telegram server says - Bad Request: message is not modified: specified new message content and reply markup are exactly the same as a current content and reply markup of the message[0m
[38;5;87m[2024-11-11 22:31:31,961] BOT: ERROR [user id: ] Telegram server says - Bad Request: message is not modified: specified new message content and reply markup are exactly the same as a current content and reply markup of the message[0m
[38;5;87m[2024-11-11 22:31:32,233] BOT: ERROR [user id: ] Telegram server says - Bad Request: message is not modified: specified new message content and reply markup are exactly the same as a current content and reply markup of the message[0m
[38;5;87m[2024-11-11 22:31:33,267] BOT: ERROR [user id: ] Telegram server says - Bad Request: message is not modified: specified new message content and reply markup are exactly the same as a current content and reply markup of the message[0m
[38;5;87m[2024-11-11 22:31:33,711] BOT: ERROR [user id: ] Telegram server says - Bad Request: message is not modified: specified new message content and reply markup are exactly the same as a current content and reply markup of the message[0m
[38;5;87m[2024-11-11 22:31:34,052] BOT: ERROR [user id: ] Telegram server says - Bad Request: message is not modified: specified new message content and reply markup are exactly the same as a current content and reply markup of the message[0m
[38;5;87m[2024-11-11 22:31:34,313] BOT: ERROR [user id: ] Telegram server says - Bad Request: message is not modified: specified new message content and reply markup are exactly the same as a current content and reply markup of the message[0m
[38;5;87m[2024-11-11 22:31:34,596] BOT: ERROR [user id: ] Telegram server says - Bad Request: message is not modified: specified new message content and reply markup are exactly the same as a current content and reply markup of the message[0m
[38;5;87m[2024-11-11 22:31:34,959] BOT: ERROR [user id: ] Telegram server says - Bad Request: message is not modified: specified new message content and reply markup are exactly the same as a current content and reply markup of the message[0m
[38;5;87m[2024-11-11 22:31:35,264] BOT: ERROR [user id: ] Telegram server says - Bad Request: message is not modified: specified new message content and reply markup are exactly the same as a current content and reply markup of the message[0m
[38;5;87m[2024-11-11 22:31:35,556] BOT: ERROR [user id: ] Telegram server says - Bad Request: message is not modified: specified new message content and reply markup are exactly the same as a current content and reply markup of the message[0m
[38;5;87m[2024-11-11 22:31:35,830] BOT: ERROR [user id: ] Telegram server says - Bad Request: message is not modified: specified new message content and reply markup are exactly the same as a current content and reply markup of the message[0m
[38;5;87m[2024-11-11 22:31:36,110] BOT: ERROR [user id: ] Telegram server says - Bad Request: message is not modified: specified new message content and reply markup are exactly the same as a current content and reply markup of the message[0m
[38;5;87m[2024-11-11 22:31:37,072] BOT: ERROR [user id: ] Telegram server says - Bad Request: message is not modified: specified new message content and reply markup are exactly the same as a current content and reply markup of the message[0m
[38;5;87m[2024-11-11 22:31:37,354] BOT: ERROR [user id: ] Telegram server says - Bad Request: message is not modified: specified new message content and reply markup are exactly the same as a current content and reply markup of the message[0m
[38;5;87m[2024-11-11 22:31:37,644] BOT: ERROR [user id: ] Telegram server says - Bad Request: message is not modified: specified new message content and reply markup are exactly the same as a current content and reply markup of the message[0m
[38;5;87m[2024-11-11 22:31:37,945] BOT: ERROR [user id: ] Telegram server says - Bad Request: message is not modified: specified new message content and reply markup are exactly the same as a current content and reply markup of the message[0m
[38;5;87m[2024-11-11 22:31:38,248] BOT: ERROR [user id: ] Telegram server says - Bad Request: message is not modified: specified new message content and reply markup are exactly the same as a current content and reply markup of the message[0m
[38;5;87m[2024-11-11 22:31:38,573] BOT: ERROR [user id: ] Telegram server says - Bad Request: message is not modified: specified new message content and reply markup are exactly the same as a current content and reply markup of the message[0m
[38;5;87m[2024-11-11 22:31:38,971] BOT: ERROR [user id: ] Telegram server says - Bad Request: message is not modified: specified new message content and reply markup are exactly the same as a current content and reply markup of the message[0m
[38;5;87m[2024-11-11 22:31:39,719] BOT: ERROR [user id: ] Telegram server says - Bad Request: message is not modified: specified new message content and reply markup are exactly the same as a current content and reply markup of the message[0m
[38;5;87m[2024-11-11 22:31:40,451] BOT: ERROR [user id: ] Telegram server says - Bad Request: message is not modified: specified new message content and reply markup are exactly the same as a current content and reply markup of the message[0m
[38;5;87m[2024-11-11 22:31:41,340] BOT: ERROR [user id: ] Telegram server says - Bad Request: message is not modified: specified new message content and reply markup are exactly the same as a current content and reply markup of the message[0m
[38;5;87m[2024-11-11 22:31:41,986] BOT: ERROR [user id: ] Telegram server says - Bad Request: message is not modified: specified new message content and reply markup are exactly the same as a current content and reply markup of the message[0m
[38;5;87m[2024-11-11 22:31:42,261] BOT: ERROR [user id: ] Telegram server says - Bad Request: message is not modified: specified new message content and reply markup are exactly the same as a current content and reply markup of the message[0m
[38;5;87m[2024-11-11 22:31:42,897] BOT: ERROR [user id: ] Telegram server says - Bad Request: message is not modified: specified new message content and reply markup are exactly the same as a current content and reply markup of the message[0m
[38;5;87m[2024-11-11 22:31:44,092] BOT: ERROR [user id: ] Telegram server says - Bad Request: message is not modified: specified new message content and reply markup are exactly the same as a current content and reply markup of the message[0m
[38;5;87m[2024-11-11 22:31:44,421] BOT: ERROR [user id: ] Telegram server says - Bad Request: message is not modified: specified new message content and reply markup are exactly the same as a current content and reply markup of the message[0m
[38;5;87m[2024-11-11 22:31:44,694] BOT: ERROR [user id: ] Telegram server says - Bad Request: message is not modified: specified new message content and reply markup are exactly the same as a current content and reply markup of the message[0m
[38;5;87m[2024-11-11 22:31:45,556] BOT: ERROR [user id: ] Telegram server says - Bad Request: message is not modified: specified new message content and reply markup are exactly the same as a current content and reply markup of the message[0m
[38;5;87m[2024-11-11 22:31:45,919] BOT: ERROR [user id: ] Telegram server says - Bad Request: message is not modified: specified new message content and reply markup are exactly the same as a current content and reply markup of the message[0m
[38;5;87m[2024-11-11 22:31:46,751] BOT: ERROR [user id: ] Telegram server says - Bad Request: message is not modified: specified new message content and reply markup are exactly the same as a current content and reply markup of the message[0m
[38;5;87m[2024-11-11 22:31:47,103] BOT: ERROR [user id: ] Telegram server says - Bad Request: message is not modified: specified new message content and reply markup are exactly the same as a current content and reply markup of the message[0m
[38;5;87m[2024-11-11 22:31:47,489] BOT: ERROR [user id: ] Telegram server says - Bad Request: message is not modified: specified new message content and reply markup are exactly the same as a current content and reply markup of the message[0m
[38;5;87m[2024-11-11 22:31:48,714] BOT: ERROR [user id: ] Telegram server says - Bad Request: message is not modified: specified new message content and reply markup are exactly the same as a current content and reply markup of the message[0m
[38;5;87m[2024-11-11 22:31:49,352] BOT: ERROR [user id: ] Telegram server says - Bad Request: message is not modified: specified new message content and reply markup are exactly the same as a current content and reply markup of the message[0m
[38;5;87m[2024-11-11 22:31:49,944] BOT: ERROR [user id: ] Telegram server says - Bad Request: message is not modified: specified new message content and reply markup are exactly the same as a current content and reply markup of the message[0m
[38;5;87m[2024-11-11 22:31:50,405] BOT: ERROR [user id: ] Telegram server says - Bad Request: message is not modified: specified new message content and reply markup are exactly the same as a current content and reply markup of the message[0m
[38;5;87m[2024-11-11 22:31:50,979] BOT: ERROR [user id: ] Telegram server says - Bad Request: message is not modified: specified new message content and reply markup are exactly the same as a current content and reply markup of the message[0m
[38;5;87m[2024-11-11 22:31:51,634] BOT: ERROR [user id: ] Telegram server says - Bad Request: message is not modified: specified new message content and reply markup are exactly the same as a current content and reply markup of the message[0m
[38;5;87m[2024-11-11 22:31:52,343] BOT: ERROR [user id: ] Telegram server says - Bad Request: message is not modified: specified new message content and reply markup are exactly the same as a current content and reply markup of the message[0m
[38;5;87m[2024-11-11 22:31:53,243] BOT: ERROR [user id: ] Telegram server says - Bad Request: message is not modified: specified new message content and reply markup are exactly the same as a current content and reply markup of the message[0m
[38;5;87m[2024-11-11 22:31:53,862] BOT: ERROR [user id: ] Telegram server says - Bad Request: message is not modified: specified new message content and reply markup are exactly the same as a current content and reply markup of the message[0m
[38;5;87m[2024-11-11 22:31:54,231] BOT: ERROR [user id: ] Telegram server says - Bad Request: message is not modified: specified new message content and reply markup are exactly the same as a current content and reply markup of the message[0m
[38;5;87m[2024-11-11 22:31:54,652] BOT: ERROR [user id: ] Telegram server says - Bad Request: message is not modified: specified new message content and reply markup are exactly the same as a current content and reply markup of the message[0m
[38;5;87m[2024-11-11 22:31:55,542] BOT: ERROR [user id: ] Telegram server says - Bad Request: message is not modified: specified new message content and reply markup are exactly the same as a current content and reply markup of the message[0m
[38;5;87m[2024-11-11 22:31:55,754] BOT: ERROR [user id: ] HTTP Client says - ServerDisconnectedError: Server disconnected[0m
