[38;5;201m[2024-11-11 22:32:35,887] MARIA: INFO [user id: ] Successfully connected to the MariaDB database[0m
[38;5;87m[2024-11-11 22:32:52,161] BOT: INFO [user id: 1357108258] USER CLICK ON ['back_to_main', '18111', 'XBleNfmkScA'][0m
[38;5;87m[2024-11-11 22:32:52,161] BOT: INFO [user id: 1357108258] USER CLICK ON ['back_to_main', '18111', 'XBleNfmkScA'][0m
[38;5;87m[2024-11-11 22:33:36,222] BOT: INFO [user id: 1357108258] USER CLICK ON ['download_video', '720p', '📹', 'XBleNfmkScA'][0m
[38;5;87m[2024-11-11 22:33:40,566] BOT: ERROR [user id: ] Telegram server says - Bad Request: message is not modified: specified new message content and reply markup are exactly the same as a current content and reply markup of the message[0m
[38;5;87m[2024-11-11 22:33:41,013] BOT: ERROR [user id: ] Telegram server says - Bad Request: message is not modified: specified new message content and reply markup are exactly the same as a current content and reply markup of the message[0m
[38;5;87m[2024-11-11 22:33:41,306] BOT: ERROR [user id: ] Telegram server says - Bad Request: message is not modified: specified new message content and reply markup are exactly the same as a current content and reply markup of the message[0m
[38;5;87m[2024-11-11 22:33:41,746] BOT: ERROR [user id: ] Telegram server says - Bad Request: message is not modified: specified new message content and reply markup are exactly the same as a current content and reply markup of the message[0m
[38;5;87m[2024-11-11 22:33:42,026] BOT: ERROR [user id: ] Telegram server says - Bad Request: message is not modified: specified new message content and reply markup are exactly the same as a current content and reply markup of the message[0m
[38;5;87m[2024-11-11 22:33:42,382] BOT: ERROR [user id: ] Telegram server says - Bad Request: message is not modified: specified new message content and reply markup are exactly the same as a current content and reply markup of the message[0m
[38;5;87m[2024-11-11 22:33:43,189] BOT: ERROR [user id: ] Telegram server says - Bad Request: message is not modified: specified new message content and reply markup are exactly the same as a current content and reply markup of the message[0m
[38;5;87m[2024-11-11 22:33:44,386] BOT: ERROR [user id: ] Telegram server says - Bad Request: message is not modified: specified new message content and reply markup are exactly the same as a current content and reply markup of the message[0m
[38;5;87m[2024-11-11 22:33:44,650] BOT: ERROR [user id: ] Telegram server says - Bad Request: message is not modified: specified new message content and reply markup are exactly the same as a current content and reply markup of the message[0m
[38;5;87m[2024-11-11 22:33:45,219] BOT: ERROR [user id: ] Telegram server says - Bad Request: message is not modified: specified new message content and reply markup are exactly the same as a current content and reply markup of the message[0m
[38;5;87m[2024-11-11 22:33:45,529] BOT: ERROR [user id: ] Telegram server says - Bad Request: message is not modified: specified new message content and reply markup are exactly the same as a current content and reply markup of the message[0m
[38;5;87m[2024-11-11 22:33:45,874] BOT: ERROR [user id: ] Telegram server says - Bad Request: message is not modified: specified new message content and reply markup are exactly the same as a current content and reply markup of the message[0m
[38;5;87m[2024-11-11 22:33:46,282] BOT: ERROR [user id: ] Telegram server says - Bad Request: message is not modified: specified new message content and reply markup are exactly the same as a current content and reply markup of the message[0m
[38;5;87m[2024-11-11 22:33:46,538] BOT: ERROR [user id: ] Telegram server says - Bad Request: message is not modified: specified new message content and reply markup are exactly the same as a current content and reply markup of the message[0m
[38;5;87m[2024-11-11 22:33:46,851] BOT: ERROR [user id: ] Telegram server says - Bad Request: message is not modified: specified new message content and reply markup are exactly the same as a current content and reply markup of the message[0m
[38;5;87m[2024-11-11 22:33:47,161] BOT: ERROR [user id: ] Telegram server says - Bad Request: message is not modified: specified new message content and reply markup are exactly the same as a current content and reply markup of the message[0m
[38;5;87m[2024-11-11 22:33:47,480] BOT: ERROR [user id: ] Telegram server says - Bad Request: message is not modified: specified new message content and reply markup are exactly the same as a current content and reply markup of the message[0m
[38;5;87m[2024-11-11 22:33:48,292] BOT: ERROR [user id: ] Telegram server says - Bad Request: message is not modified: specified new message content and reply markup are exactly the same as a current content and reply markup of the message[0m
[38;5;87m[2024-11-11 22:33:48,891] BOT: ERROR [user id: ] Telegram server says - Bad Request: message is not modified: specified new message content and reply markup are exactly the same as a current content and reply markup of the message[0m
[38;5;87m[2024-11-11 22:33:49,298] BOT: ERROR [user id: ] Telegram server says - Bad Request: message is not modified: specified new message content and reply markup are exactly the same as a current content and reply markup of the message[0m
[38;5;87m[2024-11-11 22:33:49,854] BOT: ERROR [user id: ] Telegram server says - Bad Request: message is not modified: specified new message content and reply markup are exactly the same as a current content and reply markup of the message[0m
[38;5;87m[2024-11-11 22:33:51,071] BOT: ERROR [user id: ] Telegram server says - Bad Request: message is not modified: specified new message content and reply markup are exactly the same as a current content and reply markup of the message[0m
[38;5;87m[2024-11-11 22:33:51,343] BOT: ERROR [user id: ] Telegram server says - Bad Request: message is not modified: specified new message content and reply markup are exactly the same as a current content and reply markup of the message[0m
[38;5;87m[2024-11-11 22:33:51,621] BOT: ERROR [user id: ] Telegram server says - Bad Request: message is not modified: specified new message content and reply markup are exactly the same as a current content and reply markup of the message[0m
[38;5;87m[2024-11-11 22:33:51,993] BOT: ERROR [user id: ] Telegram server says - Bad Request: message is not modified: specified new message content and reply markup are exactly the same as a current content and reply markup of the message[0m
[38;5;87m[2024-11-11 22:33:52,526] BOT: ERROR [user id: ] Telegram server says - Bad Request: message is not modified: specified new message content and reply markup are exactly the same as a current content and reply markup of the message[0m
[38;5;87m[2024-11-11 22:33:53,087] BOT: ERROR [user id: ] Telegram server says - Bad Request: message is not modified: specified new message content and reply markup are exactly the same as a current content and reply markup of the message[0m
[38;5;87m[2024-11-11 22:33:54,769] BOT: ERROR [user id: ] Telegram server says - Bad Request: message is not modified: specified new message content and reply markup are exactly the same as a current content and reply markup of the message[0m
[38;5;87m[2024-11-11 22:33:55,968] BOT: ERROR [user id: ] Telegram server says - Bad Request: message is not modified: specified new message content and reply markup are exactly the same as a current content and reply markup of the message[0m
[38;5;87m[2024-11-11 22:33:57,020] BOT: ERROR [user id: ] Telegram server says - Bad Request: message is not modified: specified new message content and reply markup are exactly the same as a current content and reply markup of the message[0m
[38;5;87m[2024-11-11 22:33:57,382] BOT: ERROR [user id: ] Telegram server says - Bad Request: message is not modified: specified new message content and reply markup are exactly the same as a current content and reply markup of the message[0m
[38;5;87m[2024-11-11 22:33:57,919] BOT: ERROR [user id: ] Telegram server says - Bad Request: message is not modified: specified new message content and reply markup are exactly the same as a current content and reply markup of the message[0m
[38;5;87m[2024-11-11 22:33:58,473] BOT: ERROR [user id: ] Telegram server says - Bad Request: message is not modified: specified new message content and reply markup are exactly the same as a current content and reply markup of the message[0m
[38;5;87m[2024-11-11 22:33:59,248] BOT: ERROR [user id: ] Telegram server says - Bad Request: message is not modified: specified new message content and reply markup are exactly the same as a current content and reply markup of the message[0m
[38;5;87m[2024-11-11 22:33:59,506] BOT: ERROR [user id: ] Telegram server says - Bad Request: message is not modified: specified new message content and reply markup are exactly the same as a current content and reply markup of the message[0m
[38;5;87m[2024-11-11 22:34:00,217] BOT: ERROR [user id: ] Telegram server says - Bad Request: message is not modified: specified new message content and reply markup are exactly the same as a current content and reply markup of the message[0m
[38;5;87m[2024-11-11 22:34:03,356] BOT: ERROR [user id: ] Telegram server says - Bad Request: message is not modified: specified new message content and reply markup are exactly the same as a current content and reply markup of the message[0m
[38;5;87m[2024-11-11 22:34:03,630] BOT: ERROR [user id: ] Telegram server says - Bad Request: message is not modified: specified new message content and reply markup are exactly the same as a current content and reply markup of the message[0m
[38;5;87m[2024-11-11 22:34:03,951] BOT: ERROR [user id: ] Telegram server says - Bad Request: message is not modified: specified new message content and reply markup are exactly the same as a current content and reply markup of the message[0m
[38;5;87m[2024-11-11 22:34:04,287] BOT: ERROR [user id: ] Telegram server says - Bad Request: message is not modified: specified new message content and reply markup are exactly the same as a current content and reply markup of the message[0m
[38;5;87m[2024-11-11 22:34:05,006] BOT: ERROR [user id: ] Telegram server says - Bad Request: message is not modified: specified new message content and reply markup are exactly the same as a current content and reply markup of the message[0m
[38;5;87m[2024-11-11 22:34:05,667] BOT: ERROR [user id: ] Telegram server says - Bad Request: message is not modified: specified new message content and reply markup are exactly the same as a current content and reply markup of the message[0m
[38;5;87m[2024-11-11 22:34:06,446] BOT: ERROR [user id: ] Telegram server says - Bad Request: message is not modified: specified new message content and reply markup are exactly the same as a current content and reply markup of the message[0m
[38;5;87m[2024-11-11 22:34:07,183] BOT: ERROR [user id: ] Telegram server says - Bad Request: message is not modified: specified new message content and reply markup are exactly the same as a current content and reply markup of the message[0m
[38;5;87m[2024-11-11 22:34:07,536] BOT: ERROR [user id: ] Telegram server says - Bad Request: message is not modified: specified new message content and reply markup are exactly the same as a current content and reply markup of the message[0m
[38;5;87m[2024-11-11 22:34:08,196] BOT: ERROR [user id: ] Telegram server says - Bad Request: message is not modified: specified new message content and reply markup are exactly the same as a current content and reply markup of the message[0m
[38;5;87m[2024-11-11 22:34:08,862] BOT: ERROR [user id: ] Telegram server says - Bad Request: message is not modified: specified new message content and reply markup are exactly the same as a current content and reply markup of the message[0m
[38;5;87m[2024-11-11 22:34:09,510] BOT: ERROR [user id: ] Telegram server says - Bad Request: message is not modified: specified new message content and reply markup are exactly the same as a current content and reply markup of the message[0m
[38;5;87m[2024-11-11 22:34:10,315] BOT: ERROR [user id: ] Telegram server says - Bad Request: message is not modified: specified new message content and reply markup are exactly the same as a current content and reply markup of the message[0m
[38;5;87m[2024-11-11 22:34:10,586] BOT: ERROR [user id: ] Telegram server says - Bad Request: message is not modified: specified new message content and reply markup are exactly the same as a current content and reply markup of the message[0m
[38;5;87m[2024-11-11 22:34:10,898] BOT: ERROR [user id: ] Telegram server says - Bad Request: message is not modified: specified new message content and reply markup are exactly the same as a current content and reply markup of the message[0m
[38;5;87m[2024-11-11 22:34:11,218] BOT: ERROR [user id: ] Telegram server says - Bad Request: message is not modified: specified new message content and reply markup are exactly the same as a current content and reply markup of the message[0m
[38;5;87m[2024-11-11 22:34:12,165] BOT: ERROR [user id: ] Telegram server says - Bad Request: message is not modified: specified new message content and reply markup are exactly the same as a current content and reply markup of the message[0m
[38;5;87m[2024-11-11 22:34:13,650] BOT: ERROR [user id: ] Telegram server says - Bad Request: message is not modified: specified new message content and reply markup are exactly the same as a current content and reply markup of the message[0m
[38;5;87m[2024-11-11 22:34:14,052] BOT: ERROR [user id: ] Telegram server says - Bad Request: message is not modified: specified new message content and reply markup are exactly the same as a current content and reply markup of the message[0m
[38;5;87m[2024-11-11 22:34:14,456] BOT: ERROR [user id: ] Telegram server says - Bad Request: message is not modified: specified new message content and reply markup are exactly the same as a current content and reply markup of the message[0m
[38;5;87m[2024-11-11 22:34:15,063] BOT: ERROR [user id: ] Telegram server says - Bad Request: message is not modified: specified new message content and reply markup are exactly the same as a current content and reply markup of the message[0m
[38;5;87m[2024-11-11 22:34:15,544] BOT: ERROR [user id: ] Telegram server says - Bad Request: message is not modified: specified new message content and reply markup are exactly the same as a current content and reply markup of the message[0m
[38;5;87m[2024-11-11 22:34:16,048] BOT: ERROR [user id: ] Telegram server says - Bad Request: message is not modified: specified new message content and reply markup are exactly the same as a current content and reply markup of the message[0m
[38;5;87m[2024-11-11 22:34:16,441] BOT: ERROR [user id: ] Telegram server says - Bad Request: message is not modified: specified new message content and reply markup are exactly the same as a current content and reply markup of the message[0m
[38;5;87m[2024-11-11 22:34:16,773] BOT: ERROR [user id: ] Telegram server says - Bad Request: message is not modified: specified new message content and reply markup are exactly the same as a current content and reply markup of the message[0m
[38;5;87m[2024-11-11 22:34:17,076] BOT: ERROR [user id: ] Telegram server says - Bad Request: message is not modified: specified new message content and reply markup are exactly the same as a current content and reply markup of the message[0m
[38;5;87m[2024-11-11 22:34:17,358] BOT: ERROR [user id: ] Telegram server says - Bad Request: message is not modified: specified new message content and reply markup are exactly the same as a current content and reply markup of the message[0m
[38;5;87m[2024-11-11 22:34:17,801] BOT: ERROR [user id: ] Telegram server says - Bad Request: message is not modified: specified new message content and reply markup are exactly the same as a current content and reply markup of the message[0m
[38;5;87m[2024-11-11 22:34:18,248] BOT: ERROR [user id: ] Telegram server says - Bad Request: message is not modified: specified new message content and reply markup are exactly the same as a current content and reply markup of the message[0m
[38;5;87m[2024-11-11 22:34:18,866] BOT: ERROR [user id: ] Telegram server says - Bad Request: message is not modified: specified new message content and reply markup are exactly the same as a current content and reply markup of the message[0m
[38;5;87m[2024-11-11 22:34:19,329] BOT: ERROR [user id: ] Telegram server says - Bad Request: message is not modified: specified new message content and reply markup are exactly the same as a current content and reply markup of the message[0m
[38;5;87m[2024-11-11 22:34:19,772] BOT: ERROR [user id: ] Telegram server says - Bad Request: message is not modified: specified new message content and reply markup are exactly the same as a current content and reply markup of the message[0m
[38;5;87m[2024-11-11 22:34:20,128] BOT: ERROR [user id: ] Telegram server says - Bad Request: message is not modified: specified new message content and reply markup are exactly the same as a current content and reply markup of the message[0m
[38;5;87m[2024-11-11 22:34:20,407] BOT: ERROR [user id: ] Telegram server says - Bad Request: message is not modified: specified new message content and reply markup are exactly the same as a current content and reply markup of the message[0m
[38;5;87m[2024-11-11 22:34:20,689] BOT: ERROR [user id: ] Telegram server says - Bad Request: message is not modified: specified new message content and reply markup are exactly the same as a current content and reply markup of the message[0m
[38;5;87m[2024-11-11 22:34:20,953] BOT: ERROR [user id: ] Telegram server says - Bad Request: message is not modified: specified new message content and reply markup are exactly the same as a current content and reply markup of the message[0m
[38;5;87m[2024-11-11 22:34:21,210] BOT: ERROR [user id: ] Telegram server says - Bad Request: message is not modified: specified new message content and reply markup are exactly the same as a current content and reply markup of the message[0m
[38;5;87m[2024-11-11 22:34:21,469] BOT: ERROR [user id: ] Telegram server says - Bad Request: message is not modified: specified new message content and reply markup are exactly the same as a current content and reply markup of the message[0m
[38;5;87m[2024-11-11 22:34:21,736] BOT: ERROR [user id: ] Telegram server says - Bad Request: message is not modified: specified new message content and reply markup are exactly the same as a current content and reply markup of the message[0m
[38;5;87m[2024-11-11 22:34:22,023] BOT: ERROR [user id: ] Telegram server says - Bad Request: message is not modified: specified new message content and reply markup are exactly the same as a current content and reply markup of the message[0m
[38;5;87m[2024-11-11 22:34:22,283] BOT: ERROR [user id: ] Telegram server says - Bad Request: message is not modified: specified new message content and reply markup are exactly the same as a current content and reply markup of the message[0m
[38;5;87m[2024-11-11 22:34:22,539] BOT: ERROR [user id: ] Telegram server says - Bad Request: message is not modified: specified new message content and reply markup are exactly the same as a current content and reply markup of the message[0m
[38;5;87m[2024-11-11 22:34:22,804] BOT: ERROR [user id: ] Telegram server says - Bad Request: message is not modified: specified new message content and reply markup are exactly the same as a current content and reply markup of the message[0m
[38;5;87m[2024-11-11 22:34:23,061] BOT: ERROR [user id: ] Telegram server says - Bad Request: message is not modified: specified new message content and reply markup are exactly the same as a current content and reply markup of the message[0m
[38;5;87m[2024-11-11 22:34:23,331] BOT: ERROR [user id: ] Telegram server says - Bad Request: message is not modified: specified new message content and reply markup are exactly the same as a current content and reply markup of the message[0m
[38;5;87m[2024-11-11 22:34:23,592] BOT: ERROR [user id: ] Telegram server says - Bad Request: message is not modified: specified new message content and reply markup are exactly the same as a current content and reply markup of the message[0m
[38;5;87m[2024-11-11 22:34:23,867] BOT: ERROR [user id: ] Telegram server says - Bad Request: message is not modified: specified new message content and reply markup are exactly the same as a current content and reply markup of the message[0m
[38;5;87m[2024-11-11 22:34:24,132] BOT: ERROR [user id: ] Telegram server says - Bad Request: message is not modified: specified new message content and reply markup are exactly the same as a current content and reply markup of the message[0m
[38;5;87m[2024-11-11 22:34:24,507] BOT: ERROR [user id: ] Telegram server says - Bad Request: message is not modified: specified new message content and reply markup are exactly the same as a current content and reply markup of the message[0m
[38;5;87m[2024-11-11 22:34:24,946] BOT: ERROR [user id: ] Telegram server says - Bad Request: message is not modified: specified new message content and reply markup are exactly the same as a current content and reply markup of the message[0m
[38;5;87m[2024-11-11 22:34:25,207] BOT: ERROR [user id: ] Telegram server says - Bad Request: message is not modified: specified new message content and reply markup are exactly the same as a current content and reply markup of the message[0m
[38;5;87m[2024-11-11 22:34:25,479] BOT: ERROR [user id: ] Telegram server says - Bad Request: message is not modified: specified new message content and reply markup are exactly the same as a current content and reply markup of the message[0m
[38;5;87m[2024-11-11 22:34:25,767] BOT: ERROR [user id: ] Telegram server says - Bad Request: message is not modified: specified new message content and reply markup are exactly the same as a current content and reply markup of the message[0m
[38;5;87m[2024-11-11 22:34:26,065] BOT: ERROR [user id: ] Telegram server says - Bad Request: message is not modified: specified new message content and reply markup are exactly the same as a current content and reply markup of the message[0m
[38;5;87m[2024-11-11 22:34:26,393] BOT: ERROR [user id: ] Telegram server says - Bad Request: message is not modified: specified new message content and reply markup are exactly the same as a current content and reply markup of the message[0m
[38;5;87m[2024-11-11 22:34:26,712] BOT: ERROR [user id: ] Telegram server says - Bad Request: message is not modified: specified new message content and reply markup are exactly the same as a current content and reply markup of the message[0m
[38;5;87m[2024-11-11 22:34:27,052] BOT: ERROR [user id: ] Telegram server says - Bad Request: message is not modified: specified new message content and reply markup are exactly the same as a current content and reply markup of the message[0m
[38;5;87m[2024-11-11 22:34:27,382] BOT: ERROR [user id: ] Telegram server says - Bad Request: message is not modified: specified new message content and reply markup are exactly the same as a current content and reply markup of the message[0m
[38;5;87m[2024-11-11 22:34:27,706] BOT: ERROR [user id: ] Telegram server says - Bad Request: message is not modified: specified new message content and reply markup are exactly the same as a current content and reply markup of the message[0m
[38;5;87m[2024-11-11 22:34:28,053] BOT: ERROR [user id: ] Telegram server says - Bad Request: message is not modified: specified new message content and reply markup are exactly the same as a current content and reply markup of the message[0m
[38;5;87m[2024-11-11 22:34:28,366] BOT: ERROR [user id: ] Telegram server says - Bad Request: message is not modified: specified new message content and reply markup are exactly the same as a current content and reply markup of the message[0m
[38;5;87m[2024-11-11 22:34:28,671] BOT: ERROR [user id: ] Telegram server says - Bad Request: message is not modified: specified new message content and reply markup are exactly the same as a current content and reply markup of the message[0m
[38;5;87m[2024-11-11 22:34:28,998] BOT: ERROR [user id: ] Telegram server says - Bad Request: message is not modified: specified new message content and reply markup are exactly the same as a current content and reply markup of the message[0m
[38;5;87m[2024-11-11 22:34:29,544] BOT: ERROR [user id: ] Telegram server says - Bad Request: message is not modified: specified new message content and reply markup are exactly the same as a current content and reply markup of the message[0m
[38;5;87m[2024-11-11 22:34:30,010] BOT: ERROR [user id: ] Telegram server says - Bad Request: message is not modified: specified new message content and reply markup are exactly the same as a current content and reply markup of the message[0m
[38;5;87m[2024-11-11 22:34:30,399] BOT: ERROR [user id: ] Telegram server says - Bad Request: message is not modified: specified new message content and reply markup are exactly the same as a current content and reply markup of the message[0m
[38;5;87m[2024-11-11 22:34:30,696] BOT: ERROR [user id: ] Telegram server says - Bad Request: message is not modified: specified new message content and reply markup are exactly the same as a current content and reply markup of the message[0m
[38;5;87m[2024-11-11 22:34:30,994] BOT: ERROR [user id: ] Telegram server says - Bad Request: message is not modified: specified new message content and reply markup are exactly the same as a current content and reply markup of the message[0m
[38;5;87m[2024-11-11 22:34:31,257] BOT: ERROR [user id: ] Telegram server says - Bad Request: message is not modified: specified new message content and reply markup are exactly the same as a current content and reply markup of the message[0m
[38;5;87m[2024-11-11 22:34:31,511] BOT: ERROR [user id: ] Telegram server says - Bad Request: message is not modified: specified new message content and reply markup are exactly the same as a current content and reply markup of the message[0m
[38;5;87m[2024-11-11 22:34:32,056] BOT: ERROR [user id: ] Telegram server says - Bad Request: message is not modified: specified new message content and reply markup are exactly the same as a current content and reply markup of the message[0m
[38;5;87m[2024-11-11 22:34:32,315] BOT: ERROR [user id: ] Telegram server says - Bad Request: message is not modified: specified new message content and reply markup are exactly the same as a current content and reply markup of the message[0m
[38;5;87m[2024-11-11 22:34:32,653] BOT: ERROR [user id: ] Telegram server says - Bad Request: message is not modified: specified new message content and reply markup are exactly the same as a current content and reply markup of the message[0m
[38;5;87m[2024-11-11 22:34:33,075] BOT: ERROR [user id: ] Telegram server says - Bad Request: message is not modified: specified new message content and reply markup are exactly the same as a current content and reply markup of the message[0m
[38;5;87m[2024-11-11 22:34:33,327] BOT: ERROR [user id: ] Telegram server says - Bad Request: message is not modified: specified new message content and reply markup are exactly the same as a current content and reply markup of the message[0m
[38;5;87m[2024-11-11 22:34:33,600] BOT: ERROR [user id: ] Telegram server says - Bad Request: message is not modified: specified new message content and reply markup are exactly the same as a current content and reply markup of the message[0m
[38;5;87m[2024-11-11 22:34:33,855] BOT: ERROR [user id: ] Telegram server says - Bad Request: message is not modified: specified new message content and reply markup are exactly the same as a current content and reply markup of the message[0m
[38;5;87m[2024-11-11 22:34:34,112] BOT: ERROR [user id: ] Telegram server says - Bad Request: message is not modified: specified new message content and reply markup are exactly the same as a current content and reply markup of the message[0m
[38;5;87m[2024-11-11 22:34:34,368] BOT: ERROR [user id: ] Telegram server says - Bad Request: message is not modified: specified new message content and reply markup are exactly the same as a current content and reply markup of the message[0m
[38;5;87m[2024-11-11 22:34:34,614] BOT: ERROR [user id: ] Telegram server says - Bad Request: message is not modified: specified new message content and reply markup are exactly the same as a current content and reply markup of the message[0m
[38;5;87m[2024-11-11 22:34:34,864] BOT: ERROR [user id: ] Telegram server says - Bad Request: message is not modified: specified new message content and reply markup are exactly the same as a current content and reply markup of the message[0m
[38;5;87m[2024-11-11 22:34:35,120] BOT: ERROR [user id: ] Telegram server says - Bad Request: message is not modified: specified new message content and reply markup are exactly the same as a current content and reply markup of the message[0m
[38;5;87m[2024-11-11 22:34:35,656] BOT: ERROR [user id: ] Telegram server says - Bad Request: message is not modified: specified new message content and reply markup are exactly the same as a current content and reply markup of the message[0m
[38;5;87m[2024-11-11 22:34:35,936] BOT: ERROR [user id: ] Telegram server says - Bad Request: message is not modified: specified new message content and reply markup are exactly the same as a current content and reply markup of the message[0m
[38;5;87m[2024-11-11 22:34:36,200] BOT: ERROR [user id: ] Telegram server says - Bad Request: message is not modified: specified new message content and reply markup are exactly the same as a current content and reply markup of the message[0m
[38;5;87m[2024-11-11 22:34:36,456] BOT: ERROR [user id: ] Telegram server says - Bad Request: message is not modified: specified new message content and reply markup are exactly the same as a current content and reply markup of the message[0m
[38;5;87m[2024-11-11 22:34:36,849] BOT: ERROR [user id: ] Telegram server says - Bad Request: message is not modified: specified new message content and reply markup are exactly the same as a current content and reply markup of the message[0m
[38;5;87m[2024-11-11 22:34:37,289] BOT: ERROR [user id: ] Telegram server says - Bad Request: message is not modified: specified new message content and reply markup are exactly the same as a current content and reply markup of the message[0m
[38;5;87m[2024-11-11 22:34:37,559] BOT: ERROR [user id: ] Telegram server says - Bad Request: message is not modified: specified new message content and reply markup are exactly the same as a current content and reply markup of the message[0m
[38;5;87m[2024-11-11 22:34:37,846] BOT: ERROR [user id: ] Telegram server says - Bad Request: message is not modified: specified new message content and reply markup are exactly the same as a current content and reply markup of the message[0m
[38;5;87m[2024-11-11 22:34:38,154] BOT: ERROR [user id: ] Telegram server says - Bad Request: message is not modified: specified new message content and reply markup are exactly the same as a current content and reply markup of the message[0m
[38;5;87m[2024-11-11 22:34:38,700] BOT: ERROR [user id: ] Telegram server says - Bad Request: message is not modified: specified new message content and reply markup are exactly the same as a current content and reply markup of the message[0m
[38;5;87m[2024-11-11 22:34:38,969] BOT: ERROR [user id: ] Telegram server says - Bad Request: message is not modified: specified new message content and reply markup are exactly the same as a current content and reply markup of the message[0m
[38;5;87m[2024-11-11 22:34:39,238] BOT: ERROR [user id: ] Telegram server says - Bad Request: message is not modified: specified new message content and reply markup are exactly the same as a current content and reply markup of the message[0m
[38;5;87m[2024-11-11 22:34:39,632] BOT: ERROR [user id: ] Telegram server says - Bad Request: message is not modified: specified new message content and reply markup are exactly the same as a current content and reply markup of the message[0m
[38;5;87m[2024-11-11 22:34:40,088] BOT: ERROR [user id: ] Telegram server says - Bad Request: message is not modified: specified new message content and reply markup are exactly the same as a current content and reply markup of the message[0m
[38;5;87m[2024-11-11 22:34:40,510] BOT: ERROR [user id: ] Telegram server says - Bad Request: message is not modified: specified new message content and reply markup are exactly the same as a current content and reply markup of the message[0m
[38;5;87m[2024-11-11 22:34:41,029] BOT: ERROR [user id: ] Telegram server says - Bad Request: message is not modified: specified new message content and reply markup are exactly the same as a current content and reply markup of the message[0m
[38;5;87m[2024-11-11 22:34:41,462] BOT: ERROR [user id: ] Telegram server says - Bad Request: message is not modified: specified new message content and reply markup are exactly the same as a current content and reply markup of the message[0m
[38;5;87m[2024-11-11 22:34:41,750] BOT: ERROR [user id: ] Telegram server says - Bad Request: message is not modified: specified new message content and reply markup are exactly the same as a current content and reply markup of the message[0m
[38;5;87m[2024-11-11 22:34:42,048] BOT: ERROR [user id: ] Telegram server says - Bad Request: message is not modified: specified new message content and reply markup are exactly the same as a current content and reply markup of the message[0m
[38;5;87m[2024-11-11 22:34:42,306] BOT: ERROR [user id: ] Telegram server says - Bad Request: message is not modified: specified new message content and reply markup are exactly the same as a current content and reply markup of the message[0m
[38;5;87m[2024-11-11 22:34:45,583] BOT: ERROR [user id: ] Telegram server says - Bad Request: message is not modified: specified new message content and reply markup are exactly the same as a current content and reply markup of the message[0m
[38;5;87m[2024-11-11 22:34:45,843] BOT: ERROR [user id: ] Telegram server says - Bad Request: message is not modified: specified new message content and reply markup are exactly the same as a current content and reply markup of the message[0m
[38;5;87m[2024-11-11 22:34:46,113] BOT: ERROR [user id: ] Telegram server says - Bad Request: message is not modified: specified new message content and reply markup are exactly the same as a current content and reply markup of the message[0m
[38;5;87m[2024-11-11 22:34:46,385] BOT: ERROR [user id: ] Telegram server says - Bad Request: message is not modified: specified new message content and reply markup are exactly the same as a current content and reply markup of the message[0m
[38;5;87m[2024-11-11 22:34:46,942] BOT: ERROR [user id: ] Telegram server says - Bad Request: message is not modified: specified new message content and reply markup are exactly the same as a current content and reply markup of the message[0m
[38;5;87m[2024-11-11 22:34:47,203] BOT: ERROR [user id: ] Telegram server says - Bad Request: message is not modified: specified new message content and reply markup are exactly the same as a current content and reply markup of the message[0m
[38;5;87m[2024-11-11 22:34:47,476] BOT: ERROR [user id: ] Telegram server says - Bad Request: message is not modified: specified new message content and reply markup are exactly the same as a current content and reply markup of the message[0m
[38;5;87m[2024-11-11 22:34:48,057] BOT: ERROR [user id: ] Telegram server says - Bad Request: message is not modified: specified new message content and reply markup are exactly the same as a current content and reply markup of the message[0m
[38;5;87m[2024-11-11 22:34:48,343] BOT: ERROR [user id: ] Telegram server says - Bad Request: message is not modified: specified new message content and reply markup are exactly the same as a current content and reply markup of the message[0m
[38;5;87m[2024-11-11 22:34:48,697] BOT: ERROR [user id: ] Telegram server says - Bad Request: message is not modified: specified new message content and reply markup are exactly the same as a current content and reply markup of the message[0m
[38;5;87m[2024-11-11 22:34:48,993] BOT: ERROR [user id: ] Telegram server says - Bad Request: message is not modified: specified new message content and reply markup are exactly the same as a current content and reply markup of the message[0m
[38;5;87m[2024-11-11 22:34:49,276] BOT: ERROR [user id: ] Telegram server says - Bad Request: message is not modified: specified new message content and reply markup are exactly the same as a current content and reply markup of the message[0m
[38;5;87m[2024-11-11 22:34:49,916] BOT: ERROR [user id: ] Telegram server says - Bad Request: message is not modified: specified new message content and reply markup are exactly the same as a current content and reply markup of the message[0m
[38;5;87m[2024-11-11 22:34:50,187] BOT: ERROR [user id: ] Telegram server says - Bad Request: message is not modified: specified new message content and reply markup are exactly the same as a current content and reply markup of the message[0m
[38;5;87m[2024-11-11 22:34:50,455] BOT: ERROR [user id: ] Telegram server says - Bad Request: message is not modified: specified new message content and reply markup are exactly the same as a current content and reply markup of the message[0m
[38;5;87m[2024-11-11 22:34:51,405] BOT: ERROR [user id: ] Telegram server says - Bad Request: message is not modified: specified new message content and reply markup are exactly the same as a current content and reply markup of the message[0m
[38;5;87m[2024-11-11 22:34:52,438] BOT: ERROR [user id: ] Telegram server says - Bad Request: message is not modified: specified new message content and reply markup are exactly the same as a current content and reply markup of the message[0m
[38;5;87m[2024-11-11 22:34:52,996] BOT: ERROR [user id: ] Telegram server says - Bad Request: message is not modified: specified new message content and reply markup are exactly the same as a current content and reply markup of the message[0m
[38;5;87m[2024-11-11 22:34:54,125] BOT: ERROR [user id: ] Telegram server says - Bad Request: message is not modified: specified new message content and reply markup are exactly the same as a current content and reply markup of the message[0m
[38;5;87m[2024-11-11 22:34:54,462] BOT: ERROR [user id: ] Telegram server says - Bad Request: message is not modified: specified new message content and reply markup are exactly the same as a current content and reply markup of the message[0m
[38;5;87m[2024-11-11 22:34:54,932] BOT: ERROR [user id: ] Telegram server says - Bad Request: message is not modified: specified new message content and reply markup are exactly the same as a current content and reply markup of the message[0m
[38;5;87m[2024-11-11 22:34:55,357] BOT: ERROR [user id: ] Telegram server says - Bad Request: message is not modified: specified new message content and reply markup are exactly the same as a current content and reply markup of the message[0m
[38;5;87m[2024-11-11 22:34:56,178] BOT: ERROR [user id: ] Telegram server says - Bad Request: message is not modified: specified new message content and reply markup are exactly the same as a current content and reply markup of the message[0m
[38;5;87m[2024-11-11 22:34:56,620] BOT: ERROR [user id: ] Telegram server says - Bad Request: message is not modified: specified new message content and reply markup are exactly the same as a current content and reply markup of the message[0m
[38;5;87m[2024-11-11 22:34:56,892] BOT: ERROR [user id: ] Telegram server says - Bad Request: message is not modified: specified new message content and reply markup are exactly the same as a current content and reply markup of the message[0m
[38;5;87m[2024-11-11 22:34:57,146] BOT: ERROR [user id: ] Telegram server says - Bad Request: message is not modified: specified new message content and reply markup are exactly the same as a current content and reply markup of the message[0m
[38;5;87m[2024-11-11 22:34:57,398] BOT: ERROR [user id: ] Telegram server says - Bad Request: message is not modified: specified new message content and reply markup are exactly the same as a current content and reply markup of the message[0m
[38;5;87m[2024-11-11 22:34:57,798] BOT: ERROR [user id: ] Telegram server says - Bad Request: message is not modified: specified new message content and reply markup are exactly the same as a current content and reply markup of the message[0m
[38;5;87m[2024-11-11 22:34:58,345] BOT: ERROR [user id: ] Telegram server says - Bad Request: message is not modified: specified new message content and reply markup are exactly the same as a current content and reply markup of the message[0m
[38;5;87m[2024-11-11 22:34:58,937] BOT: ERROR [user id: ] Telegram server says - Bad Request: message is not modified: specified new message content and reply markup are exactly the same as a current content and reply markup of the message[0m
[38;5;87m[2024-11-11 22:34:59,316] BOT: ERROR [user id: ] Telegram server says - Bad Request: message is not modified: specified new message content and reply markup are exactly the same as a current content and reply markup of the message[0m
[38;5;87m[2024-11-11 22:34:59,627] BOT: ERROR [user id: ] Telegram server says - Bad Request: message is not modified: specified new message content and reply markup are exactly the same as a current content and reply markup of the message[0m
[38;5;87m[2024-11-11 22:35:00,167] BOT: ERROR [user id: ] Telegram server says - Bad Request: message is not modified: specified new message content and reply markup are exactly the same as a current content and reply markup of the message[0m
[38;5;87m[2024-11-11 22:35:00,428] BOT: ERROR [user id: ] Telegram server says - Bad Request: message is not modified: specified new message content and reply markup are exactly the same as a current content and reply markup of the message[0m
[38;5;87m[2024-11-11 22:35:00,695] BOT: ERROR [user id: ] Telegram server says - Bad Request: message is not modified: specified new message content and reply markup are exactly the same as a current content and reply markup of the message[0m
[38;5;87m[2024-11-11 22:35:00,958] BOT: ERROR [user id: ] Telegram server says - Bad Request: message is not modified: specified new message content and reply markup are exactly the same as a current content and reply markup of the message[0m
[38;5;87m[2024-11-11 22:35:01,218] BOT: ERROR [user id: ] Telegram server says - Bad Request: message is not modified: specified new message content and reply markup are exactly the same as a current content and reply markup of the message[0m
[38;5;87m[2024-11-11 22:35:01,508] BOT: ERROR [user id: ] Telegram server says - Bad Request: message is not modified: specified new message content and reply markup are exactly the same as a current content and reply markup of the message[0m
[38;5;87m[2024-11-11 22:35:01,818] BOT: ERROR [user id: ] Telegram server says - Bad Request: message is not modified: specified new message content and reply markup are exactly the same as a current content and reply markup of the message[0m
[38;5;87m[2024-11-11 22:35:02,091] BOT: ERROR [user id: ] Telegram server says - Bad Request: message is not modified: specified new message content and reply markup are exactly the same as a current content and reply markup of the message[0m
[38;5;87m[2024-11-11 22:35:02,354] BOT: ERROR [user id: ] Telegram server says - Bad Request: message is not modified: specified new message content and reply markup are exactly the same as a current content and reply markup of the message[0m
[38;5;87m[2024-11-11 22:35:02,910] BOT: ERROR [user id: ] Telegram server says - Bad Request: message is not modified: specified new message content and reply markup are exactly the same as a current content and reply markup of the message[0m
[38;5;87m[2024-11-11 22:35:03,468] BOT: ERROR [user id: ] Telegram server says - Bad Request: message is not modified: specified new message content and reply markup are exactly the same as a current content and reply markup of the message[0m
[38;5;87m[2024-11-11 22:35:03,843] BOT: ERROR [user id: ] Telegram server says - Bad Request: message is not modified: specified new message content and reply markup are exactly the same as a current content and reply markup of the message[0m
[38;5;87m[2024-11-11 22:35:04,172] BOT: ERROR [user id: ] Telegram server says - Bad Request: message is not modified: specified new message content and reply markup are exactly the same as a current content and reply markup of the message[0m
[38;5;87m[2024-11-11 22:35:04,519] BOT: ERROR [user id: ] Telegram server says - Bad Request: message is not modified: specified new message content and reply markup are exactly the same as a current content and reply markup of the message[0m
[38;5;87m[2024-11-11 22:35:04,942] BOT: ERROR [user id: ] Telegram server says - Bad Request: message is not modified: specified new message content and reply markup are exactly the same as a current content and reply markup of the message[0m
[38;5;87m[2024-11-11 22:35:05,192] BOT: ERROR [user id: ] Telegram server says - Bad Request: message is not modified: specified new message content and reply markup are exactly the same as a current content and reply markup of the message[0m
[38;5;87m[2024-11-11 22:35:06,003] BOT: ERROR [user id: ] Telegram server says - Bad Request: message is not modified: specified new message content and reply markup are exactly the same as a current content and reply markup of the message[0m
[38;5;87m[2024-11-11 22:35:06,420] BOT: ERROR [user id: ] Telegram server says - Bad Request: message is not modified: specified new message content and reply markup are exactly the same as a current content and reply markup of the message[0m
[38;5;87m[2024-11-11 22:35:06,878] BOT: ERROR [user id: ] Telegram server says - Bad Request: message is not modified: specified new message content and reply markup are exactly the same as a current content and reply markup of the message[0m
[38;5;87m[2024-11-11 22:35:07,218] BOT: ERROR [user id: ] Telegram server says - Bad Request: message is not modified: specified new message content and reply markup are exactly the same as a current content and reply markup of the message[0m
[38;5;87m[2024-11-11 22:35:07,524] BOT: ERROR [user id: ] Telegram server says - Bad Request: message is not modified: specified new message content and reply markup are exactly the same as a current content and reply markup of the message[0m
[38;5;87m[2024-11-11 22:35:07,829] BOT: ERROR [user id: ] Telegram server says - Bad Request: message is not modified: specified new message content and reply markup are exactly the same as a current content and reply markup of the message[0m
[38;5;87m[2024-11-11 22:35:08,142] BOT: ERROR [user id: ] Telegram server says - Bad Request: message is not modified: specified new message content and reply markup are exactly the same as a current content and reply markup of the message[0m
