[38;5;201m[2024-11-11 21:59:11,372] MARIA: INFO [user id: ] Successfully connected to the MariaDB database[0m
[38;5;87m[2024-11-11 21:59:22,672] BOT: INFO [user id: 1357108258] USER SEND TEXT: https://www.youtube.com/watch?v=kgZtefe8Qfg[0m
[38;5;87m[2024-11-11 22:00:05,125] BOT: INFO [user id: 1357108258] USER SEND TEXT: https://www.youtube.com/watch?v=XBleNfmkScA[0m
[38;5;87m[2024-11-11 22:00:12,996] BOT: INFO [user id: 1357108258] USER CLICK ON ['download_video', '1080p', '⚡️', 'XBleNfmkScA'][0m
[38;5;87m[2024-11-11 22:00:18,418] BOT: ERROR [user id: ] Telegram server says - Bad Request: message is not modified: specified new message content and reply markup are exactly the same as a current content and reply markup of the message[0m
[38;5;87m[2024-11-11 22:00:20,109] BOT: ERROR [user id: ] Telegram server says - Bad Request: message is not modified: specified new message content and reply markup are exactly the same as a current content and reply markup of the message[0m
[38;5;87m[2024-11-11 22:00:20,504] BOT: ERROR [user id: ] Telegram server says - Bad Request: message is not modified: specified new message content and reply markup are exactly the same as a current content and reply markup of the message[0m
[38;5;87m[2024-11-11 22:00:23,584] BOT: ERROR [user id: ] Telegram server says - Bad Request: message is not modified: specified new message content and reply markup are exactly the same as a current content and reply markup of the message[0m
[38;5;87m[2024-11-11 22:00:25,016] BOT: ERROR [user id: ] Telegram server says - Bad Request: message is not modified: specified new message content and reply markup are exactly the same as a current content and reply markup of the message[0m
[38;5;87m[2024-11-11 22:00:25,412] BOT: ERROR [user id: ] Telegram server says - Bad Request: message is not modified: specified new message content and reply markup are exactly the same as a current content and reply markup of the message[0m
[38;5;87m[2024-11-11 22:00:27,520] BOT: ERROR [user id: ] Telegram server says - Bad Request: message is not modified: specified new message content and reply markup are exactly the same as a current content and reply markup of the message[0m
[38;5;87m[2024-11-11 22:00:28,383] BOT: ERROR [user id: ] Telegram server says - Bad Request: message is not modified: specified new message content and reply markup are exactly the same as a current content and reply markup of the message[0m
[38;5;87m[2024-11-11 22:00:29,529] BOT: ERROR [user id: ] Telegram server says - Bad Request: message is not modified: specified new message content and reply markup are exactly the same as a current content and reply markup of the message[0m
[38;5;87m[2024-11-11 22:00:31,311] BOT: ERROR [user id: ] Telegram server says - Bad Request: message is not modified: specified new message content and reply markup are exactly the same as a current content and reply markup of the message[0m
[38;5;87m[2024-11-11 22:00:32,574] BOT: ERROR [user id: ] Telegram server says - Bad Request: message is not modified: specified new message content and reply markup are exactly the same as a current content and reply markup of the message[0m
[38;5;87m[2024-11-11 22:00:34,732] BOT: ERROR [user id: ] Telegram server says - Bad Request: message is not modified: specified new message content and reply markup are exactly the same as a current content and reply markup of the message[0m
[38;5;87m[2024-11-11 22:00:36,132] BOT: ERROR [user id: ] Telegram server says - Bad Request: message is not modified: specified new message content and reply markup are exactly the same as a current content and reply markup of the message[0m
[38;5;87m[2024-11-11 22:00:37,258] BOT: ERROR [user id: ] Telegram server says - Bad Request: message is not modified: specified new message content and reply markup are exactly the same as a current content and reply markup of the message[0m
[38;5;87m[2024-11-11 22:00:37,769] BOT: ERROR [user id: ] Telegram server says - Bad Request: message is not modified: specified new message content and reply markup are exactly the same as a current content and reply markup of the message[0m
[38;5;87m[2024-11-11 22:00:38,895] BOT: ERROR [user id: ] Telegram server says - Bad Request: message is not modified: specified new message content and reply markup are exactly the same as a current content and reply markup of the message[0m
[38;5;87m[2024-11-11 22:00:42,411] BOT: ERROR [user id: ] Telegram server says - Bad Request: message is not modified: specified new message content and reply markup are exactly the same as a current content and reply markup of the message[0m
[38;5;87m[2024-11-11 22:00:43,249] BOT: ERROR [user id: ] Telegram server says - Bad Request: message is not modified: specified new message content and reply markup are exactly the same as a current content and reply markup of the message[0m
[38;5;87m[2024-11-11 22:00:44,935] BOT: ERROR [user id: ] Telegram server says - Bad Request: message is not modified: specified new message content and reply markup are exactly the same as a current content and reply markup of the message[0m
[38;5;87m[2024-11-11 22:00:45,836] BOT: ERROR [user id: ] Telegram server says - Bad Request: message is not modified: specified new message content and reply markup are exactly the same as a current content and reply markup of the message[0m
[38;5;87m[2024-11-11 22:00:48,033] BOT: ERROR [user id: ] Telegram server says - Bad Request: message is not modified: specified new message content and reply markup are exactly the same as a current content and reply markup of the message[0m
[38;5;87m[2024-11-11 22:00:48,421] BOT: ERROR [user id: ] Telegram server says - Bad Request: message is not modified: specified new message content and reply markup are exactly the same as a current content and reply markup of the message[0m
[38;5;87m[2024-11-11 22:00:49,168] BOT: ERROR [user id: ] Telegram server says - Bad Request: message is not modified: specified new message content and reply markup are exactly the same as a current content and reply markup of the message[0m
[38;5;87m[2024-11-11 22:00:49,603] BOT: ERROR [user id: ] Telegram server says - Bad Request: message is not modified: specified new message content and reply markup are exactly the same as a current content and reply markup of the message[0m
[38;5;87m[2024-11-11 22:00:50,943] BOT: ERROR [user id: ] Telegram server says - Bad Request: message is not modified: specified new message content and reply markup are exactly the same as a current content and reply markup of the message[0m
[38;5;87m[2024-11-11 22:00:52,338] BOT: ERROR [user id: ] Telegram server says - Bad Request: message is not modified: specified new message content and reply markup are exactly the same as a current content and reply markup of the message[0m
[38;5;87m[2024-11-11 22:00:52,778] BOT: ERROR [user id: ] Telegram server says - Bad Request: message is not modified: specified new message content and reply markup are exactly the same as a current content and reply markup of the message[0m
[38;5;87m[2024-11-11 22:00:53,214] BOT: ERROR [user id: ] Telegram server says - Bad Request: message is not modified: specified new message content and reply markup are exactly the same as a current content and reply markup of the message[0m
[38;5;87m[2024-11-11 22:00:54,333] BOT: ERROR [user id: ] Telegram server says - Bad Request: message is not modified: specified new message content and reply markup are exactly the same as a current content and reply markup of the message[0m
[38;5;87m[2024-11-11 22:00:55,090] BOT: ERROR [user id: ] Telegram server says - Bad Request: message is not modified: specified new message content and reply markup are exactly the same as a current content and reply markup of the message[0m
[38;5;87m[2024-11-11 22:00:57,255] BOT: ERROR [user id: ] Telegram server says - Bad Request: message is not modified: specified new message content and reply markup are exactly the same as a current content and reply markup of the message[0m
[38;5;87m[2024-11-11 22:00:57,998] BOT: ERROR [user id: ] Telegram server says - Bad Request: message is not modified: specified new message content and reply markup are exactly the same as a current content and reply markup of the message[0m
[38;5;87m[2024-11-11 22:00:58,349] BOT: ERROR [user id: ] Telegram server says - Bad Request: message is not modified: specified new message content and reply markup are exactly the same as a current content and reply markup of the message[0m
[38;5;87m[2024-11-11 22:01:00,576] BOT: ERROR [user id: ] Telegram server says - Bad Request: message is not modified: specified new message content and reply markup are exactly the same as a current content and reply markup of the message[0m
[38;5;87m[2024-11-11 22:01:01,189] BOT: ERROR [user id: ] Telegram server says - Bad Request: message is not modified: specified new message content and reply markup are exactly the same as a current content and reply markup of the message[0m
[38;5;87m[2024-11-11 22:01:02,992] BOT: ERROR [user id: ] Telegram server says - Bad Request: message is not modified: specified new message content and reply markup are exactly the same as a current content and reply markup of the message[0m
